【登录信息】
*32f66d60569f4040d930610ec2d43273*
`登陆天数: 9天 / 646天
等级: 130
石头: 4011
呼符: 311
体力: 14452.316666666668 / 138
友情点: 0 / 468980`
*連続ログイン2日目
※ログインが途切れるか、7日到達すると
1日目から再開されます*
`聖晶石 X 1
6月交換券(2024) X 1
`*カルデア・サマーアドベンチャー！ アンケート復刻版 開幕記念 ログインボーナス*
*開催期間中、1日1回 最大21回 ログインボーナスをプレゼント！*
`白銀の果実 X 1
`_2024-06-01 04:30:14_
--------
*a6f1a8527c8646571e8aee9c1d53437d*
`登陆天数: 9天 / 646天
等级: 130
石头: 4005
呼符: 256
体力: 14452.343333333334 / 138
友情点: 0 / 468820`
*連続ログイン2日目
※ログインが途切れるか、7日到達すると
1日目から再開されます*
`聖晶石 X 1
6月交換券(2024) X 1
`*カルデア・サマーアドベンチャー！ アンケート復刻版 開幕記念 ログインボーナス*
*開催期間中、1日1回 最大21回 ログインボーナスをプレゼント！*
`白銀の果実 X 1
`_2024-06-01 04:30:22_
--------
*ecea268f15b09815179d0034f274b43f*
`登陆天数: 9天 / 646天
等级: 130
石头: 3990
呼符: 249
体力: 14452.37 / 138
友情点: 0 / 467985`
*連続ログイン2日目
※ログインが途切れるか、7日到達すると
1日目から再開されます*
`聖晶石 X 1
6月交換券(2024) X 1
`*カルデア・サマーアドベンチャー！ アンケート復刻版 開幕記念 ログインボーナス*
*開催期間中、1日1回 最大21回 ログインボーナスをプレゼント！*
`白銀の果実 X 1
`_2024-06-01 04:30:29_
--------
*99374f167e1f7f52b42f26b623951329*
`登陆天数: 9天 / 647天
等级: 130
石头: 4011
呼符: 315
体力: 14452.396666666667 / 138
友情点: 0 / 467175`
*連続ログイン2日目
※ログインが途切れるか、7日到達すると
1日目から再開されます*
`聖晶石 X 1
6月交換券(2024) X 1
`*カルデア・サマーアドベンチャー！ アンケート復刻版 開幕記念 ログインボーナス*
*開催期間中、1日1回 最大21回 ログインボーナスをプレゼント！*
`白銀の果実 X 1
`_2024-06-01 04:30:37_
--------
*0ca36aac6a07bc34dfa37619d9a5e6dc*
`登陆天数: 9天 / 647天
等级: 130
石头: 4011
呼符: 324
体力: 14452.423333333334 / 138
友情点: 0 / 466805`
*連続ログイン2日目
※ログインが途切れるか、7日到達すると
1日目から再開されます*
`聖晶石 X 1
6月交換券(2024) X 1
`*カルデア・サマーアドベンチャー！ アンケート復刻版 開幕記念 ログインボーナス*
*開催期間中、1日1回 最大21回 ログインボーナスをプレゼント！*
`白銀の果実 X 1
`_2024-06-01 04:30:45_
--------
*5da5c1a3ce9813eda885d683fefad08e*
`登陆天数: 9天 / 647天
等级: 130
石头: 4003
呼符: 304
体力: 14452.443333333333 / 138
友情点: 0 / 468305`
*連続ログイン2日目
※ログインが途切れるか、7日到達すると
1日目から再開されます*
`聖晶石 X 1
6月交換券(2024) X 1
`*カルデア・サマーアドベンチャー！ アンケート復刻版 開幕記念 ログインボーナス*
*開催期間中、1日1回 最大21回 ログインボーナスをプレゼント！*
`白銀の果実 X 1
`_2024-06-01 04:30:53_
--------
*c2641f49fb84c75233189cedda53db7a*
`登陆天数: 9天 / 647天
等级: 130
石头: 4034
呼符: 167
体力: 14452.473333333333 / 138
友情点: 0 / 465890`
*連続ログイン2日目
※ログインが途切れるか、7日到達すると
1日目から再開されます*
`聖晶石 X 1
6月交換券(2024) X 1
`*カルデア・サマーアドベンチャー！ アンケート復刻版 開幕記念 ログインボーナス*
*開催期間中、1日1回 最大21回 ログインボーナスをプレゼント！*
`白銀の果実 X 1
`_2024-06-01 04:31:01_
--------
*fcdb98fe5ad234602d6e9ee75494453e*
`登陆天数: 9天 / 646天
等级: 130
石头: 4010
呼符: 314
体力: 14452.493333333334 / 138
友情点: 0 / 468470`
*連続ログイン2日目
※ログインが途切れるか、7日到達すると
1日目から再開されます*
`聖晶石 X 1
6月交換券(2024) X 1
`*カルデア・サマーアドベンチャー！ アンケート復刻版 開幕記念 ログインボーナス*
*開催期間中、1日1回 最大21回 ログインボーナスをプレゼント！*
`白銀の果実 X 1
`_2024-06-01 04:31:08_
--------
*ab4cb6fdd635cccd7057272446d400d7*
`登陆天数: 9天 / 646天
等级: 130
石头: 4021
呼符: 146
体力: 14452.526666666667 / 138
友情点: 0 / 469150`
*連続ログイン2日目
※ログインが途切れるか、7日到達すると
1日目から再開されます*
`聖晶石 X 1
6月交換券(2024) X 1
`*カルデア・サマーアドベンチャー！ アンケート復刻版 開幕記念 ログインボーナス*
*開催期間中、1日1回 最大21回 ログインボーナスをプレゼント！*
`白銀の果実 X 1
`_2024-06-01 04:31:16_
--------
*ac97258c3f2a29801a940a18b37e06c3*
`登陆天数: 9天 / 646天
等级: 130
石头: 4006
呼符: 134
体力: 14452.55 / 138
友情点: 0 / 469905`
*連続ログイン2日目
※ログインが途切れるか、7日到達すると
1日目から再開されます*
`聖晶石 X 1
6月交換券(2024) X 1
`*カルデア・サマーアドベンチャー！ アンケート復刻版 開幕記念 ログインボーナス*
*開催期間中、1日1回 最大21回 ログインボーナスをプレゼント！*
`白銀の果実 X 1
`_2024-06-01 04:31:24_
--------
*8eaa0028f1afe11098b06602480f4d25*
`登陆天数: 9天 / 647天
等级: 130
石头: 4019
呼符: 260
体力: 14452.58 / 138
友情点: 0 / 466715`
*連続ログイン2日目
※ログインが途切れるか、7日到達すると
1日目から再開されます*
`聖晶石 X 1
6月交換券(2024) X 1
`*カルデア・サマーアドベンチャー！ アンケート復刻版 開幕記念 ログインボーナス*
*開催期間中、1日1回 最大21回 ログインボーナスをプレゼント！*
`白銀の果実 X 1
`_2024-06-01 04:31:32_
--------
*e0b160c3f257d7139d5362091ce127bf*
`登陆天数: 9天 / 647天
等级: 130
石头: 4009
呼符: 25
体力: 14452.603333333333 / 138
友情点: 0 / 466335`
*連続ログイン2日目
※ログインが途切れるか、7日到達すると
1日目から再開されます*
`聖晶石 X 1
6月交換券(2024) X 1
`*カルデア・サマーアドベンチャー！ アンケート復刻版 開幕記念 ログインボーナス*
*開催期間中、1日1回 最大21回 ログインボーナスをプレゼント！*
`白銀の果実 X 1
`_2024-06-01 04:31:40_
--------
*114757692565564d6902bae439efdcad*
`登陆天数: 9天 / 646天
等级: 130
石头: 4005
呼符: 185
体力: 14452.63 / 138
友情点: 0 / 468645`
*連続ログイン2日目
※ログインが途切れるか、7日到達すると
1日目から再開されます*
`聖晶石 X 1
6月交換券(2024) X 1
`*カルデア・サマーアドベンチャー！ アンケート復刻版 開幕記念 ログインボーナス*
*開催期間中、1日1回 最大21回 ログインボーナスをプレゼント！*
`白銀の果実 X 1
`_2024-06-01 04:31:48_
--------
*7eaf856dadd4810511c5ac5259e1a992*
`登陆天数: 9天 / 647天
等级: 130
石头: 4030
呼符: 273
体力: 14452.656666666666 / 138
友情点: 0 / 467280`
*連続ログイン2日目
※ログインが途切れるか、7日到達すると
1日目から再開されます*
`聖晶石 X 1
6月交換券(2024) X 1
`*カルデア・サマーアドベンチャー！ アンケート復刻版 開幕記念 ログインボーナス*
*開催期間中、1日1回 最大21回 ログインボーナスをプレゼント！*
`白銀の果実 X 1
`_2024-06-01 04:31:56_
--------
*6492ddaff56fafe03fcb40ee34ca9c10*
`登陆天数: 9天 / 646天
等级: 130
石头: 4030
呼符: 318
体力: 14452.683333333332 / 138
友情点: 0 / 468860`
*連続ログイン2日目
※ログインが途切れるか、7日到達すると
1日目から再開されます*
`聖晶石 X 1
6月交換券(2024) X 1
`*カルデア・サマーアドベンチャー！ アンケート復刻版 開幕記念 ログインボーナス*
*開催期間中、1日1回 最大21回 ログインボーナスをプレゼント！*
`白銀の果実 X 1
`_2024-06-01 04:32:03_
--------
*5ff9e9fe7595099e68b8f8083394b486*
`登陆天数: 9天 / 647天
等级: 130
石头: 4012
呼符: 297
体力: 14452.706666666667 / 138
友情点: 0 / 465735`
*連続ログイン2日目
※ログインが途切れるか、7日到達すると
1日目から再開されます*
`聖晶石 X 1
6月交換券(2024) X 1
`*カルデア・サマーアドベンチャー！ アンケート復刻版 開幕記念 ログインボーナス*
*開催期間中、1日1回 最大21回 ログインボーナスをプレゼント！*
`白銀の果実 X 1
`_2024-06-01 04:32:11_
--------
*2b616c830037692771389c1728c423b9*
`登陆天数: 9天 / 647天
等级: 130
石头: 3997
呼符: 200
体力: 14452.736666666666 / 138
友情点: 0 / 467050`
*連続ログイン2日目
※ログインが途切れるか、7日到達すると
1日目から再開されます*
`聖晶石 X 1
6月交換券(2024) X 1
`*カルデア・サマーアドベンチャー！ アンケート復刻版 開幕記念 ログインボーナス*
*開催期間中、1日1回 最大21回 ログインボーナスをプレゼント！*
`白銀の果実 X 1
`_2024-06-01 04:32:19_
--------
*8fd7195f213261f6e7f481ea46e4b996*
`登陆天数: 9天 / 646天
等级: 130
石头: 3995
呼符: 323
体力: 14452.76 / 138
友情点: 0 / 467950`
*連続ログイン2日目
※ログインが途切れるか、7日到達すると
1日目から再開されます*
`聖晶石 X 1
6月交換券(2024) X 1
`*カルデア・サマーアドベンチャー！ アンケート復刻版 開幕記念 ログインボーナス*
*開催期間中、1日1回 最大21回 ログインボーナスをプレゼント！*
`白銀の果実 X 1
`_2024-06-01 04:32:27_
--------
*3cf5d6a88bcef64c32d47e9e92f19fa9*
`登陆天数: 9天 / 646天
等级: 130
石头: 4006
呼符: 255
体力: 14452.783333333333 / 138
友情点: 0 / 468565`
*連続ログイン2日目
※ログインが途切れるか、7日到達すると
1日目から再開されます*
`聖晶石 X 1
6月交換券(2024) X 1
`*カルデア・サマーアドベンチャー！ アンケート復刻版 開幕記念 ログインボーナス*
*開催期間中、1日1回 最大21回 ログインボーナスをプレゼント！*
`白銀の果実 X 1
`_2024-06-01 04:32:35_
--------
*7d518c426b6ba735bdb98db5c8828a68*
`登陆天数: 9天 / 646天
等级: 130
石头: 4012
呼符: 116
体力: 14452.813333333334 / 138
友情点: 0 / 467525`
*連続ログイン2日目
※ログインが途切れるか、7日到達すると
1日目から再開されます*
`聖晶石 X 1
6月交換券(2024) X 1
`*カルデア・サマーアドベンチャー！ アンケート復刻版 開幕記念 ログインボーナス*
*開催期間中、1日1回 最大21回 ログインボーナスをプレゼント！*
`白銀の果実 X 1
`_2024-06-01 04:32:43_
--------
*2ca9155841a12c3c34a7f42bdffbf414*
`登陆天数: 9天 / 646天
等级: 130
石头: 4007
呼符: 223
体力: 14452.836666666666 / 138
友情点: 0 / 467970`
*連続ログイン2日目
※ログインが途切れるか、7日到達すると
1日目から再開されます*
`聖晶石 X 1
6月交換券(2024) X 1
`*カルデア・サマーアドベンチャー！ アンケート復刻版 開幕記念 ログインボーナス*
*開催期間中、1日1回 最大21回 ログインボーナスをプレゼント！*
`白銀の果実 X 1
`_2024-06-01 04:32:50_
--------
*0d07906de391ba1fa9051f3e7d95e124*
`登陆天数: 9天 / 646天
等级: 130
石头: 4005
呼符: 24
体力: 14452.863333333333 / 138
友情点: 0 / 470950`
*連続ログイン2日目
※ログインが途切れるか、7日到達すると
1日目から再開されます*
`聖晶石 X 1
6月交換券(2024) X 1
`*カルデア・サマーアドベンチャー！ アンケート復刻版 開幕記念 ログインボーナス*
*開催期間中、1日1回 最大21回 ログインボーナスをプレゼント！*
`白銀の果実 X 1
`_2024-06-01 04:32:58_
--------
*5edc27d34ce65f0d20a794b4f17c648a*
`登陆天数: 9天 / 646天
等级: 130
石头: 4024
呼符: 319
体力: 14452.886666666667 / 138
友情点: 0 / 468000`
*連続ログイン2日目
※ログインが途切れるか、7日到達すると
1日目から再開されます*
`聖晶石 X 1
6月交換券(2024) X 1
`*カルデア・サマーアドベンチャー！ アンケート復刻版 開幕記念 ログインボーナス*
*開催期間中、1日1回 最大21回 ログインボーナスをプレゼント！*
`白銀の果実 X 1
`_2024-06-01 04:33:06_
--------
*e8c85976369beb7214ac59b4c68c5700*
`登陆天数: 9天 / 646天
等级: 130
石头: 3980
呼符: 311
体力: 14452.916666666666 / 138
友情点: 0 / 467955`
*連続ログイン2日目
※ログインが途切れるか、7日到達すると
1日目から再開されます*
`聖晶石 X 1
6月交換券(2024) X 1
`*カルデア・サマーアドベンチャー！ アンケート復刻版 開幕記念 ログインボーナス*
*開催期間中、1日1回 最大21回 ログインボーナスをプレゼント！*
`白銀の果実 X 1
`_2024-06-01 04:33:14_
--------
*f1f179550799ce4094732eedd4fa3e75*
`登陆天数: 9天 / 647天
等级: 130
石头: 4027
呼符: 311
体力: 14452.943333333333 / 138
友情点: 0 / 466505`
*連続ログイン2日目
※ログインが途切れるか、7日到達すると
1日目から再開されます*
`聖晶石 X 1
6月交換券(2024) X 1
`*カルデア・サマーアドベンチャー！ アンケート復刻版 開幕記念 ログインボーナス*
*開催期間中、1日1回 最大21回 ログインボーナスをプレゼント！*
`白銀の果実 X 1
`_2024-06-01 04:33:21_
--------
*ccae2bde67c1d7de10a2a5d20bc8e63c*
`登陆天数: 9天 / 646天
等级: 130
石头: 4007
呼符: 163
体力: 14452.97 / 138
友情点: 0 / 468260`
*連続ログイン2日目
※ログインが途切れるか、7日到達すると
1日目から再開されます*
`聖晶石 X 1
6月交換券(2024) X 1
`*カルデア・サマーアドベンチャー！ アンケート復刻版 開幕記念 ログインボーナス*
*開催期間中、1日1回 最大21回 ログインボーナスをプレゼント！*
`白銀の果実 X 1
`_2024-06-01 04:33:29_
--------
*2c05c7a6b84191415f5d7ecf78149600*
`登陆天数: 9天 / 647天
等级: 130
石头: 4031
呼符: 315
体力: 14452.993333333334 / 138
友情点: 0 / 466640`
*連続ログイン2日目
※ログインが途切れるか、7日到達すると
1日目から再開されます*
`聖晶石 X 1
6月交換券(2024) X 1
`*カルデア・サマーアドベンチャー！ アンケート復刻版 開幕記念 ログインボーナス*
*開催期間中、1日1回 最大21回 ログインボーナスをプレゼント！*
`白銀の果実 X 1
`_2024-06-01 04:33:37_
--------
*33d98a7bd2b1750c2393a2af4f1027f9*
`登陆天数: 9天 / 646天
等级: 130
石头: 3999
呼符: 319
体力: 14453.02 / 138
友情点: 0 / 469785`
*連続ログイン2日目
※ログインが途切れるか、7日到達すると
1日目から再開されます*
`聖晶石 X 1
6月交換券(2024) X 1
`*カルデア・サマーアドベンチャー！ アンケート復刻版 開幕記念 ログインボーナス*
*開催期間中、1日1回 最大21回 ログインボーナスをプレゼント！*
`白銀の果実 X 1
`_2024-06-01 04:33:45_
--------
*6a0ad1a517099a6d355a4f012147d88d*
`登陆天数: 9天 / 646天
等级: 130
石头: 4033
呼符: 267
体力: 14453.043333333333 / 138
友情点: 0 / 467925`
*連続ログイン2日目
※ログインが途切れるか、7日到達すると
1日目から再開されます*
`聖晶石 X 1
6月交換券(2024) X 1
`*カルデア・サマーアドベンチャー！ アンケート復刻版 開幕記念 ログインボーナス*
*開催期間中、1日1回 最大21回 ログインボーナスをプレゼント！*
`白銀の果実 X 1
`_2024-06-01 04:33:52_
--------
*59d366611066645acbd6fb3adc638e66*
`登陆天数: 9天 / 646天
等级: 130
石头: 4010
呼符: 314
体力: 14453.07 / 138
友情点: 0 / 468110`
*連続ログイン2日目
※ログインが途切れるか、7日到達すると
1日目から再開されます*
`聖晶石 X 1
6月交換券(2024) X 1
`*カルデア・サマーアドベンチャー！ アンケート復刻版 開幕記念 ログインボーナス*
*開催期間中、1日1回 最大21回 ログインボーナスをプレゼント！*
`白銀の果実 X 1
`_2024-06-01 04:34:00_
--------
*aaec1b15ae39ed4de2e713fe9dcbe03b*
`登陆天数: 9天 / 646天
等级: 130
石头: 3997
呼符: 232
体力: 14453.093333333334 / 138
友情点: 0 / 468530`
*連続ログイン2日目
※ログインが途切れるか、7日到達すると
1日目から再開されます*
`聖晶石 X 1
6月交換券(2024) X 1
`*カルデア・サマーアドベンチャー！ アンケート復刻版 開幕記念 ログインボーナス*
*開催期間中、1日1回 最大21回 ログインボーナスをプレゼント！*
`白銀の果実 X 1
`_2024-06-01 04:34:08_
--------
*9090e76d9455cd21515bd566d313f746*
`登陆天数: 5天 / 645天
等级: 130
石头: 4004
呼符: 24
体力: 14453.12 / 138
友情点: 0 / 467960`
*連続ログイン5日目
※ログインが途切れるか、7日到達すると
1日目から再開されます*
`叡智の業火 X 2
6月交換券(2024) X 1
`*カルデア・サマーアドベンチャー！ アンケート復刻版 開幕記念 ログインボーナス*
*開催期間中、1日1回 最大21回 ログインボーナスをプレゼント！*
`黄金の果実 X 1
`_2024-06-01 04:34:16_
--------
*04491f770e91bb230a350b051ac4c2e3*
`登陆天数: 5天 / 646天
等级: 130
石头: 4012
呼符: 238
体力: 14453.146666666667 / 138
友情点: 0 / 466020`
*連続ログイン5日目
※ログインが途切れるか、7日到達すると
1日目から再開されます*
`叡智の業火 X 2
6月交換券(2024) X 1
`*カルデア・サマーアドベンチャー！ アンケート復刻版 開幕記念 ログインボーナス*
*開催期間中、1日1回 最大21回 ログインボーナスをプレゼント！*
`黄金の果実 X 1
`_2024-06-01 04:34:24_
--------
*6cd3e26d84dfb2fcf79ab1d198525431*
`登陆天数: 5天 / 645天
等级: 130
石头: 4005
呼符: 207
体力: 14453.173333333334 / 138
友情点: 0 / 468400`
*連続ログイン5日目
※ログインが途切れるか、7日到達すると
1日目から再開されます*
`叡智の業火 X 2
6月交換券(2024) X 1
`*カルデア・サマーアドベンチャー！ アンケート復刻版 開幕記念 ログインボーナス*
*開催期間中、1日1回 最大21回 ログインボーナスをプレゼント！*
`黄金の果実 X 1
`_2024-06-01 04:34:31_
--------
*cc923ea5b45843ab4183ed2e5ea22ab3*
`登陆天数: 5天 / 646天
等级: 130
石头: 4002
呼符: 250
体力: 14453.196666666667 / 138
友情点: 0 / 467260`
*連続ログイン5日目
※ログインが途切れるか、7日到達すると
1日目から再開されます*
`叡智の業火 X 2
6月交換券(2024) X 1
`*カルデア・サマーアドベンチャー！ アンケート復刻版 開幕記念 ログインボーナス*
*開催期間中、1日1回 最大21回 ログインボーナスをプレゼント！*
`黄金の果実 X 1
`_2024-06-01 04:34:39_
--------
*a1e587c74df1130695ccb1369acbce0f*
`登陆天数: 5天 / 646天
等级: 130
石头: 4025
呼符: 264
体力: 14453.226666666667 / 138
友情点: 0 / 466565`
*連続ログイン5日目
※ログインが途切れるか、7日到達すると
1日目から再開されます*
`叡智の業火 X 2
6月交換券(2024) X 1
`*カルデア・サマーアドベンチャー！ アンケート復刻版 開幕記念 ログインボーナス*
*開催期間中、1日1回 最大21回 ログインボーナスをプレゼント！*
`黄金の果実 X 1
`_2024-06-01 04:34:47_
--------
*4b20916c18b4d1c388b6adeb7255bdd2*
`登陆天数: 5天 / 645天
等级: 130
石头: 4005
呼符: 280
体力: 14453.25 / 138
友情点: 0 / 469835`
*連続ログイン5日目
※ログインが途切れるか、7日到達すると
1日目から再開されます*
`叡智の業火 X 2
6月交換券(2024) X 1
`*カルデア・サマーアドベンチャー！ アンケート復刻版 開幕記念 ログインボーナス*
*開催期間中、1日1回 最大21回 ログインボーナスをプレゼント！*
`黄金の果実 X 1
`_2024-06-01 04:34:55_
--------
*a753eeed9c10b7acec26ab2b907174be*
`登陆天数: 5天 / 645天
等级: 130
石头: 4001
呼符: 173
体力: 14453.276666666667 / 138
友情点: 0 / 469070`
*連続ログイン5日目
※ログインが途切れるか、7日到達すると
1日目から再開されます*
`叡智の業火 X 2
6月交換券(2024) X 1
`*カルデア・サマーアドベンチャー！ アンケート復刻版 開幕記念 ログインボーナス*
*開催期間中、1日1回 最大21回 ログインボーナスをプレゼント！*
`黄金の果実 X 1
`_2024-06-01 04:35:02_
--------
*b795660d1ebd788a2555c779f3de9ca7*
`登陆天数: 5天 / 645天
等级: 130
石头: 3984
呼符: 288
体力: 14453.303333333333 / 138
友情点: 0 / 470255`
*連続ログイン5日目
※ログインが途切れるか、7日到達すると
1日目から再開されます*
`叡智の業火 X 2
6月交換券(2024) X 1
`*カルデア・サマーアドベンチャー！ アンケート復刻版 開幕記念 ログインボーナス*
*開催期間中、1日1回 最大21回 ログインボーナスをプレゼント！*
`黄金の果実 X 1
`_2024-06-01 04:35:10_
--------
*6378d40c662db17bf338299abda5ee87*
`登陆天数: 5天 / 645天
等级: 130
石头: 3999
呼符: 166
体力: 14453.33 / 138
友情点: 0 / 468770`
*連続ログイン5日目
※ログインが途切れるか、7日到達すると
1日目から再開されます*
`叡智の業火 X 2
6月交換券(2024) X 1
`*カルデア・サマーアドベンチャー！ アンケート復刻版 開幕記念 ログインボーナス*
*開催期間中、1日1回 最大21回 ログインボーナスをプレゼント！*
`黄金の果実 X 1
`_2024-06-01 04:35:18_
--------
*4a4bb41f0561c9b994810608b978990c*
`登陆天数: 5天 / 645天
等级: 130
石头: 4009
呼符: 323
体力: 14453.353333333333 / 138
友情点: 0 / 469705`
*連続ログイン5日目
※ログインが途切れるか、7日到達すると
1日目から再開されます*
`叡智の業火 X 2
6月交換券(2024) X 1
`*カルデア・サマーアドベンチャー！ アンケート復刻版 開幕記念 ログインボーナス*
*開催期間中、1日1回 最大21回 ログインボーナスをプレゼント！*
`黄金の果実 X 1
`_2024-06-01 04:35:26_
--------
*cb0a51a99bc16181cd79fde46c12475b*
`登陆天数: 5天 / 646天
等级: 130
石头: 4011
呼符: 117
体力: 14453.38 / 138
友情点: 0 / 466840`
*連続ログイン5日目
※ログインが途切れるか、7日到達すると
1日目から再開されます*
`叡智の業火 X 2
6月交換券(2024) X 1
`*カルデア・サマーアドベンチャー！ アンケート復刻版 開幕記念 ログインボーナス*
*開催期間中、1日1回 最大21回 ログインボーナスをプレゼント！*
`黄金の果実 X 1
`_2024-06-01 04:35:33_
--------
*fcc1aba7570050368047d922f7aa8dfa*
`登陆天数: 5天 / 645天
等级: 130
石头: 4005
呼符: 247
体力: 14453.406666666666 / 138
友情点: 0 / 467675`
*連続ログイン5日目
※ログインが途切れるか、7日到達すると
1日目から再開されます*
`叡智の業火 X 2
6月交換券(2024) X 1
`*カルデア・サマーアドベンチャー！ アンケート復刻版 開幕記念 ログインボーナス*
*開催期間中、1日1回 最大21回 ログインボーナスをプレゼント！*
`黄金の果実 X 1
`_2024-06-01 04:35:41_
--------
*8a442f49b33b7d244bee496d179204a9*
`登陆天数: 5天 / 646天
等级: 130
石头: 4026
呼符: 25
体力: 14453.433333333332 / 138
友情点: 0 / 467420`
*連続ログイン5日目
※ログインが途切れるか、7日到達すると
1日目から再開されます*
`叡智の業火 X 2
6月交換券(2024) X 1
`*カルデア・サマーアドベンチャー！ アンケート復刻版 開幕記念 ログインボーナス*
*開催期間中、1日1回 最大21回 ログインボーナスをプレゼント！*
`黄金の果実 X 1
`_2024-06-01 04:35:49_
--------
*8c2ee9f5b328a0b524642905a8521286*
`登陆天数: 5天 / 645天
等级: 130
石头: 4022
呼符: 261
体力: 14453.46 / 138
友情点: 0 / 468695`
*連続ログイン5日目
※ログインが途切れるか、7日到達すると
1日目から再開されます*
`叡智の業火 X 2
6月交換券(2024) X 1
`*カルデア・サマーアドベンチャー！ アンケート復刻版 開幕記念 ログインボーナス*
*開催期間中、1日1回 最大21回 ログインボーナスをプレゼント！*
`黄金の果実 X 1
`_2024-06-01 04:35:57_
--------
*3001f740c575e39f54fe9c328c51b8e5*
`登陆天数: 5天 / 646天
等级: 130
石头: 4008
呼符: 25
体力: 14453.483333333334 / 138
友情点: 0 / 466795`
*連続ログイン5日目
※ログインが途切れるか、7日到達すると
1日目から再開されます*
`叡智の業火 X 2
6月交換券(2024) X 1
`*カルデア・サマーアドベンチャー！ アンケート復刻版 開幕記念 ログインボーナス*
*開催期間中、1日1回 最大21回 ログインボーナスをプレゼント！*
`黄金の果実 X 1
`_2024-06-01 04:36:05_
--------
*8405cd7e3c92628f74a36236544f3473*
`登陆天数: 5天 / 645天
等级: 130
石头: 4009
呼符: 216
体力: 14453.51 / 138
友情点: 0 / 468410`
*連続ログイン5日目
※ログインが途切れるか、7日到達すると
1日目から再開されます*
`叡智の業火 X 2
6月交換券(2024) X 1
`*カルデア・サマーアドベンチャー！ アンケート復刻版 開幕記念 ログインボーナス*
*開催期間中、1日1回 最大21回 ログインボーナスをプレゼント！*
`黄金の果実 X 1
`_2024-06-01 04:36:12_
--------
*8d02598403e5aade2ddb3635d0eabe41*
`登陆天数: 5天 / 646天
等级: 130
石头: 4008
呼符: 203
体力: 14453.536666666667 / 138
友情点: 0 / 465820`
*連続ログイン5日目
※ログインが途切れるか、7日到達すると
1日目から再開されます*
`叡智の業火 X 2
6月交換券(2024) X 1
`*カルデア・サマーアドベンチャー！ アンケート復刻版 開幕記念 ログインボーナス*
*開催期間中、1日1回 最大21回 ログインボーナスをプレゼント！*
`黄金の果実 X 1
`_2024-06-01 04:36:20_
--------
*d177bedc0516a467e47bc5bd285af10b*
`登陆天数: 5天 / 645天
等级: 130
石头: 4006
呼符: 309
体力: 14453.556666666667 / 138
友情点: 0 / 468385`
*連続ログイン5日目
※ログインが途切れるか、7日到達すると
1日目から再開されます*
`叡智の業火 X 2
6月交換券(2024) X 1
`*カルデア・サマーアドベンチャー！ アンケート復刻版 開幕記念 ログインボーナス*
*開催期間中、1日1回 最大21回 ログインボーナスをプレゼント！*
`黄金の果実 X 1
`_2024-06-01 04:36:28_
--------
*525066aaecd9a946f7f49463acc532c0*
`登陆天数: 5天 / 645天
等级: 130
石头: 4027
呼符: 24
体力: 14453.586666666666 / 138
友情点: 0 / 467720`
*連続ログイン5日目
※ログインが途切れるか、7日到達すると
1日目から再開されます*
`叡智の業火 X 2
6月交換券(2024) X 1
`*カルデア・サマーアドベンチャー！ アンケート復刻版 開幕記念 ログインボーナス*
*開催期間中、1日1回 最大21回 ログインボーナスをプレゼント！*
`黄金の果実 X 1
`_2024-06-01 04:36:36_
--------
