【登录信息】
*32f66d60569f4040d930610ec2d43273*
`登陆天数: 15天 / 652天
等级: 130
石头: 4011
呼符: 311
体力: 16326.853333333333 / 138
友情点: 0 / 468980`
*連続ログイン1日目
※ログインが途切れるか、7日到達すると
1日目から再開されます*
`フレンドポイント X 2000
6月交換券(2024) X 1
`*螺旋証明世界 リリムハーロット ～喝采なき薔薇～ アンケート復刻版
開幕記念 ログインボーナス*
*開催期間中、1日1回 最大21回 ログインボーナスをプレゼント！*
`黄金の果実 X 1
`_2024-06-07 16:42:54_
--------
*a6f1a8527c8646571e8aee9c1d53437d*
`登陆天数: 15天 / 652天
等级: 130
石头: 4005
呼符: 256
体力: 16326.88 / 138
友情点: 0 / 468820`
*連続ログイン1日目
※ログインが途切れるか、7日到達すると
1日目から再開されます*
`フレンドポイント X 2000
6月交換券(2024) X 1
`*螺旋証明世界 リリムハーロット ～喝采なき薔薇～ アンケート復刻版
開幕記念 ログインボーナス*
*開催期間中、1日1回 最大21回 ログインボーナスをプレゼント！*
`黄金の果実 X 1
`_2024-06-07 16:43:02_
--------
*ecea268f15b09815179d0034f274b43f*
`登陆天数: 15天 / 652天
等级: 130
石头: 3990
呼符: 249
体力: 16326.906666666666 / 138
友情点: 0 / 467985`
*連続ログイン1日目
※ログインが途切れるか、7日到達すると
1日目から再開されます*
`フレンドポイント X 2000
6月交換券(2024) X 1
`*螺旋証明世界 リリムハーロット ～喝采なき薔薇～ アンケート復刻版
開幕記念 ログインボーナス*
*開催期間中、1日1回 最大21回 ログインボーナスをプレゼント！*
`黄金の果実 X 1
`_2024-06-07 16:43:10_
--------
*99374f167e1f7f52b42f26b623951329*
`登陆天数: 15天 / 653天
等级: 130
石头: 4011
呼符: 315
体力: 16326.933333333332 / 138
友情点: 0 / 467175`
*連続ログイン1日目
※ログインが途切れるか、7日到達すると
1日目から再開されます*
`フレンドポイント X 2000
6月交換券(2024) X 1
`*螺旋証明世界 リリムハーロット ～喝采なき薔薇～ アンケート復刻版
開幕記念 ログインボーナス*
*開催期間中、1日1回 最大21回 ログインボーナスをプレゼント！*
`黄金の果実 X 1
`_2024-06-07 16:43:18_
--------
*0ca36aac6a07bc34dfa37619d9a5e6dc*
`登陆天数: 15天 / 653天
等级: 130
石头: 4011
呼符: 324
体力: 16326.96 / 138
友情点: 0 / 466805`
*連続ログイン1日目
※ログインが途切れるか、7日到達すると
1日目から再開されます*
`フレンドポイント X 2000
6月交換券(2024) X 1
`*螺旋証明世界 リリムハーロット ～喝采なき薔薇～ アンケート復刻版
開幕記念 ログインボーナス*
*開催期間中、1日1回 最大21回 ログインボーナスをプレゼント！*
`黄金の果実 X 1
`_2024-06-07 16:43:26_
--------
*5da5c1a3ce9813eda885d683fefad08e*
`登陆天数: 15天 / 653天
等级: 130
石头: 4003
呼符: 304
体力: 16326.983333333334 / 138
友情点: 0 / 468305`
*連続ログイン1日目
※ログインが途切れるか、7日到達すると
1日目から再開されます*
`フレンドポイント X 2000
6月交換券(2024) X 1
`*螺旋証明世界 リリムハーロット ～喝采なき薔薇～ アンケート復刻版
開幕記念 ログインボーナス*
*開催期間中、1日1回 最大21回 ログインボーナスをプレゼント！*
`黄金の果実 X 1
`_2024-06-07 16:43:34_
--------
*c2641f49fb84c75233189cedda53db7a*
`登陆天数: 15天 / 653天
等级: 130
石头: 4034
呼符: 167
体力: 16327.013333333334 / 138
友情点: 0 / 465890`
*連続ログイン1日目
※ログインが途切れるか、7日到達すると
1日目から再開されます*
`フレンドポイント X 2000
6月交換券(2024) X 1
`*螺旋証明世界 リリムハーロット ～喝采なき薔薇～ アンケート復刻版
開幕記念 ログインボーナス*
*開催期間中、1日1回 最大21回 ログインボーナスをプレゼント！*
`黄金の果実 X 1
`_2024-06-07 16:43:42_
--------
*fcdb98fe5ad234602d6e9ee75494453e*
`登陆天数: 15天 / 652天
等级: 130
石头: 4010
呼符: 314
体力: 16327.033333333333 / 138
友情点: 0 / 468470`
*連続ログイン1日目
※ログインが途切れるか、7日到達すると
1日目から再開されます*
`フレンドポイント X 2000
6月交換券(2024) X 1
`*螺旋証明世界 リリムハーロット ～喝采なき薔薇～ アンケート復刻版
開幕記念 ログインボーナス*
*開催期間中、1日1回 最大21回 ログインボーナスをプレゼント！*
`黄金の果実 X 1
`_2024-06-07 16:43:51_
--------
*ab4cb6fdd635cccd7057272446d400d7*
`登陆天数: 15天 / 652天
等级: 130
石头: 4021
呼符: 146
体力: 16327.076666666666 / 138
友情点: 0 / 469150`
*連続ログイン1日目
※ログインが途切れるか、7日到達すると
1日目から再開されます*
`フレンドポイント X 2000
6月交換券(2024) X 1
`*螺旋証明世界 リリムハーロット ～喝采なき薔薇～ アンケート復刻版
開幕記念 ログインボーナス*
*開催期間中、1日1回 最大21回 ログインボーナスをプレゼント！*
`黄金の果実 X 1
`_2024-06-07 16:43:59_
--------
*ac97258c3f2a29801a940a18b37e06c3*
`登陆天数: 15天 / 652天
等级: 130
石头: 4006
呼符: 134
体力: 16327.1 / 138
友情点: 0 / 469905`
*連続ログイン1日目
※ログインが途切れるか、7日到達すると
1日目から再開されます*
`フレンドポイント X 2000
6月交換券(2024) X 1
`*螺旋証明世界 リリムハーロット ～喝采なき薔薇～ アンケート復刻版
開幕記念 ログインボーナス*
*開催期間中、1日1回 最大21回 ログインボーナスをプレゼント！*
`黄金の果実 X 1
`_2024-06-07 16:44:10_
--------
*8eaa0028f1afe11098b06602480f4d25*
`登陆天数: 15天 / 653天
等级: 130
石头: 4019
呼符: 260
体力: 16327.13 / 138
友情点: 0 / 466715`
*連続ログイン1日目
※ログインが途切れるか、7日到達すると
1日目から再開されます*
`フレンドポイント X 2000
6月交換券(2024) X 1
`*螺旋証明世界 リリムハーロット ～喝采なき薔薇～ アンケート復刻版
開幕記念 ログインボーナス*
*開催期間中、1日1回 最大21回 ログインボーナスをプレゼント！*
`黄金の果実 X 1
`_2024-06-07 16:44:18_
--------
*e0b160c3f257d7139d5362091ce127bf*
`登陆天数: 15天 / 653天
等级: 130
石头: 4009
呼符: 25
体力: 16327.156666666666 / 138
友情点: 0 / 466335`
*連続ログイン1日目
※ログインが途切れるか、7日到達すると
1日目から再開されます*
`フレンドポイント X 2000
6月交換券(2024) X 1
`*螺旋証明世界 リリムハーロット ～喝采なき薔薇～ アンケート復刻版
開幕記念 ログインボーナス*
*開催期間中、1日1回 最大21回 ログインボーナスをプレゼント！*
`黄金の果実 X 1
`_2024-06-07 16:44:26_
--------
*114757692565564d6902bae439efdcad*
`登陆天数: 15天 / 652天
等级: 130
石头: 4005
呼符: 185
体力: 16327.186666666666 / 138
友情点: 0 / 468645`
*連続ログイン1日目
※ログインが途切れるか、7日到達すると
1日目から再開されます*
`フレンドポイント X 2000
6月交換券(2024) X 1
`*螺旋証明世界 リリムハーロット ～喝采なき薔薇～ アンケート復刻版
開幕記念 ログインボーナス*
*開催期間中、1日1回 最大21回 ログインボーナスをプレゼント！*
`黄金の果実 X 1
`_2024-06-07 16:44:34_
--------
*7eaf856dadd4810511c5ac5259e1a992*
`登陆天数: 15天 / 653天
等级: 130
石头: 4030
呼符: 273
体力: 16327.213333333333 / 138
友情点: 0 / 467280`
*連続ログイン1日目
※ログインが途切れるか、7日到達すると
1日目から再開されます*
`フレンドポイント X 2000
6月交換券(2024) X 1
`*螺旋証明世界 リリムハーロット ～喝采なき薔薇～ アンケート復刻版
開幕記念 ログインボーナス*
*開催期間中、1日1回 最大21回 ログインボーナスをプレゼント！*
`黄金の果実 X 1
`_2024-06-07 16:44:42_
--------
*6492ddaff56fafe03fcb40ee34ca9c10*
`登陆天数: 15天 / 652天
等级: 130
石头: 4030
呼符: 318
体力: 16327.24 / 138
友情点: 0 / 468860`
*連続ログイン1日目
※ログインが途切れるか、7日到達すると
1日目から再開されます*
`フレンドポイント X 2000
6月交換券(2024) X 1
`*螺旋証明世界 リリムハーロット ～喝采なき薔薇～ アンケート復刻版
開幕記念 ログインボーナス*
*開催期間中、1日1回 最大21回 ログインボーナスをプレゼント！*
`黄金の果実 X 1
`_2024-06-07 16:44:50_
--------
*5ff9e9fe7595099e68b8f8083394b486*
`登陆天数: 15天 / 653天
等级: 130
石头: 4012
呼符: 297
体力: 16327.263333333334 / 138
友情点: 0 / 465735`
*連続ログイン1日目
※ログインが途切れるか、7日到達すると
1日目から再開されます*
`フレンドポイント X 2000
6月交換券(2024) X 1
`*螺旋証明世界 リリムハーロット ～喝采なき薔薇～ アンケート復刻版
開幕記念 ログインボーナス*
*開催期間中、1日1回 最大21回 ログインボーナスをプレゼント！*
`黄金の果実 X 1
`_2024-06-07 16:44:58_
--------
*2b616c830037692771389c1728c423b9*
`登陆天数: 15天 / 653天
等级: 130
石头: 3997
呼符: 200
体力: 16327.3 / 138
友情点: 0 / 467050`
*連続ログイン1日目
※ログインが途切れるか、7日到達すると
1日目から再開されます*
`フレンドポイント X 2000
6月交換券(2024) X 1
`*螺旋証明世界 リリムハーロット ～喝采なき薔薇～ アンケート復刻版
開幕記念 ログインボーナス*
*開催期間中、1日1回 最大21回 ログインボーナスをプレゼント！*
`黄金の果実 X 1
`_2024-06-07 16:45:06_
--------
*8fd7195f213261f6e7f481ea46e4b996*
`登陆天数: 15天 / 652天
等级: 130
石头: 3995
呼符: 323
体力: 16327.323333333334 / 138
友情点: 0 / 467950`
*連続ログイン1日目
※ログインが途切れるか、7日到達すると
1日目から再開されます*
`フレンドポイント X 2000
6月交換券(2024) X 1
`*螺旋証明世界 リリムハーロット ～喝采なき薔薇～ アンケート復刻版
開幕記念 ログインボーナス*
*開催期間中、1日1回 最大21回 ログインボーナスをプレゼント！*
`黄金の果実 X 1
`_2024-06-07 16:45:16_
--------
*3cf5d6a88bcef64c32d47e9e92f19fa9*
`登陆天数: 15天 / 652天
等级: 130
石头: 4006
呼符: 255
体力: 16327.35 / 138
友情点: 0 / 468565`
*連続ログイン1日目
※ログインが途切れるか、7日到達すると
1日目から再開されます*
`フレンドポイント X 2000
6月交換券(2024) X 1
`*螺旋証明世界 リリムハーロット ～喝采なき薔薇～ アンケート復刻版
開幕記念 ログインボーナス*
*開催期間中、1日1回 最大21回 ログインボーナスをプレゼント！*
`黄金の果実 X 1
`_2024-06-07 16:45:24_
--------
*7d518c426b6ba735bdb98db5c8828a68*
`登陆天数: 15天 / 652天
等级: 130
石头: 4012
呼符: 116
体力: 16327.38 / 138
友情点: 0 / 467525`
*連続ログイン1日目
※ログインが途切れるか、7日到達すると
1日目から再開されます*
`フレンドポイント X 2000
6月交換券(2024) X 1
`*螺旋証明世界 リリムハーロット ～喝采なき薔薇～ アンケート復刻版
開幕記念 ログインボーナス*
*開催期間中、1日1回 最大21回 ログインボーナスをプレゼント！*
`黄金の果実 X 1
`_2024-06-07 16:45:32_
--------
*2ca9155841a12c3c34a7f42bdffbf414*
`登陆天数: 15天 / 652天
等级: 130
石头: 4007
呼符: 223
体力: 16327.403333333334 / 138
友情点: 0 / 467970`
*連続ログイン1日目
※ログインが途切れるか、7日到達すると
1日目から再開されます*
`フレンドポイント X 2000
6月交換券(2024) X 1
`*螺旋証明世界 リリムハーロット ～喝采なき薔薇～ アンケート復刻版
開幕記念 ログインボーナス*
*開催期間中、1日1回 最大21回 ログインボーナスをプレゼント！*
`黄金の果実 X 1
`_2024-06-07 16:45:40_
--------
*0d07906de391ba1fa9051f3e7d95e124*
`登陆天数: 15天 / 652天
等级: 130
石头: 4005
呼符: 24
体力: 16327.43 / 138
友情点: 0 / 470950`
*連続ログイン1日目
※ログインが途切れるか、7日到達すると
1日目から再開されます*
`フレンドポイント X 2000
6月交換券(2024) X 1
`*螺旋証明世界 リリムハーロット ～喝采なき薔薇～ アンケート復刻版
開幕記念 ログインボーナス*
*開催期間中、1日1回 最大21回 ログインボーナスをプレゼント！*
`黄金の果実 X 1
`_2024-06-07 16:45:48_
--------
*5edc27d34ce65f0d20a794b4f17c648a*
`登陆天数: 15天 / 652天
等级: 130
石头: 4024
呼符: 319
体力: 16327.456666666667 / 138
友情点: 0 / 468000`
*連続ログイン1日目
※ログインが途切れるか、7日到達すると
1日目から再開されます*
`フレンドポイント X 2000
6月交換券(2024) X 1
`*螺旋証明世界 リリムハーロット ～喝采なき薔薇～ アンケート復刻版
開幕記念 ログインボーナス*
*開催期間中、1日1回 最大21回 ログインボーナスをプレゼント！*
`黄金の果実 X 1
`_2024-06-07 16:45:56_
--------
*e8c85976369beb7214ac59b4c68c5700*
`登陆天数: 15天 / 652天
等级: 130
石头: 3980
呼符: 311
体力: 16327.486666666666 / 138
友情点: 0 / 467955`
*連続ログイン1日目
※ログインが途切れるか、7日到達すると
1日目から再開されます*
`フレンドポイント X 2000
6月交換券(2024) X 1
`*螺旋証明世界 リリムハーロット ～喝采なき薔薇～ アンケート復刻版
開幕記念 ログインボーナス*
*開催期間中、1日1回 最大21回 ログインボーナスをプレゼント！*
`黄金の果実 X 1
`_2024-06-07 16:46:05_
--------
*f1f179550799ce4094732eedd4fa3e75*
`登陆天数: 15天 / 653天
等级: 130
石头: 4027
呼符: 311
体力: 16327.513333333334 / 138
友情点: 0 / 466505`
*連続ログイン1日目
※ログインが途切れるか、7日到達すると
1日目から再開されます*
`フレンドポイント X 2000
6月交換券(2024) X 1
`*螺旋証明世界 リリムハーロット ～喝采なき薔薇～ アンケート復刻版
開幕記念 ログインボーナス*
*開催期間中、1日1回 最大21回 ログインボーナスをプレゼント！*
`黄金の果実 X 1
`_2024-06-07 16:46:13_
--------
*ccae2bde67c1d7de10a2a5d20bc8e63c*
`登陆天数: 15天 / 652天
等级: 130
石头: 4007
呼符: 163
体力: 16327.54 / 138
友情点: 0 / 468260`
*連続ログイン1日目
※ログインが途切れるか、7日到達すると
1日目から再開されます*
`フレンドポイント X 2000
6月交換券(2024) X 1
`*螺旋証明世界 リリムハーロット ～喝采なき薔薇～ アンケート復刻版
開幕記念 ログインボーナス*
*開催期間中、1日1回 最大21回 ログインボーナスをプレゼント！*
`黄金の果実 X 1
`_2024-06-07 16:46:21_
--------
*2c05c7a6b84191415f5d7ecf78149600*
`登陆天数: 15天 / 653天
等级: 130
石头: 4031
呼符: 315
体力: 16327.57 / 138
友情点: 0 / 466640`
*連続ログイン1日目
※ログインが途切れるか、7日到達すると
1日目から再開されます*
`フレンドポイント X 2000
6月交換券(2024) X 1
`*螺旋証明世界 リリムハーロット ～喝采なき薔薇～ アンケート復刻版
開幕記念 ログインボーナス*
*開催期間中、1日1回 最大21回 ログインボーナスをプレゼント！*
`黄金の果実 X 1
`_2024-06-07 16:46:29_
--------
*33d98a7bd2b1750c2393a2af4f1027f9*
`登陆天数: 15天 / 652天
等级: 130
石头: 3999
呼符: 319
体力: 16327.593333333334 / 138
友情点: 0 / 469785`
*連続ログイン1日目
※ログインが途切れるか、7日到達すると
1日目から再開されます*
`フレンドポイント X 2000
6月交換券(2024) X 1
`*螺旋証明世界 リリムハーロット ～喝采なき薔薇～ アンケート復刻版
開幕記念 ログインボーナス*
*開催期間中、1日1回 最大21回 ログインボーナスをプレゼント！*
`黄金の果実 X 1
`_2024-06-07 16:46:37_
--------
*6a0ad1a517099a6d355a4f012147d88d*
`登陆天数: 15天 / 652天
等级: 130
石头: 4033
呼符: 267
体力: 16327.616666666667 / 138
友情点: 0 / 467925`
*連続ログイン1日目
※ログインが途切れるか、7日到達すると
1日目から再開されます*
`フレンドポイント X 2000
6月交換券(2024) X 1
`*螺旋証明世界 リリムハーロット ～喝采なき薔薇～ アンケート復刻版
開幕記念 ログインボーナス*
*開催期間中、1日1回 最大21回 ログインボーナスをプレゼント！*
`黄金の果実 X 1
`_2024-06-07 16:46:45_
--------
*59d366611066645acbd6fb3adc638e66*
`登陆天数: 15天 / 652天
等级: 130
石头: 4010
呼符: 314
体力: 16327.65 / 138
友情点: 0 / 468110`
*連続ログイン1日目
※ログインが途切れるか、7日到達すると
1日目から再開されます*
`フレンドポイント X 2000
6月交換券(2024) X 1
`*螺旋証明世界 リリムハーロット ～喝采なき薔薇～ アンケート復刻版
開幕記念 ログインボーナス*
*開催期間中、1日1回 最大21回 ログインボーナスをプレゼント！*
`黄金の果実 X 1
`_2024-06-07 16:46:53_
--------
*aaec1b15ae39ed4de2e713fe9dcbe03b*
`登陆天数: 15天 / 652天
等级: 130
石头: 3997
呼符: 232
体力: 16327.673333333334 / 138
友情点: 0 / 468530`
*連続ログイン1日目
※ログインが途切れるか、7日到達すると
1日目から再開されます*
`フレンドポイント X 2000
6月交換券(2024) X 1
`*螺旋証明世界 リリムハーロット ～喝采なき薔薇～ アンケート復刻版
開幕記念 ログインボーナス*
*開催期間中、1日1回 最大21回 ログインボーナスをプレゼント！*
`黄金の果実 X 1
`_2024-06-07 16:47:01_
--------
*9090e76d9455cd21515bd566d313f746*
`登陆天数: 11天 / 651天
等级: 130
石头: 4004
呼符: 24
体力: 16327.7 / 138
友情点: 0 / 467960`
*連続ログイン4日目
※ログインが途切れるか、7日到達すると
1日目から再開されます*
`聖晶石 X 1
6月交換券(2024) X 1
`*螺旋証明世界 リリムハーロット ～喝采なき薔薇～ アンケート復刻版
開幕記念 ログインボーナス*
*開催期間中、1日1回 最大21回 ログインボーナスをプレゼント！*
`黄金の果実 X 1
`_2024-06-07 16:47:09_
--------
*04491f770e91bb230a350b051ac4c2e3*
`登陆天数: 11天 / 652天
等级: 130
石头: 4012
呼符: 238
体力: 16327.726666666667 / 138
友情点: 0 / 466020`
*連続ログイン4日目
※ログインが途切れるか、7日到達すると
1日目から再開されます*
`聖晶石 X 1
6月交換券(2024) X 1
`*螺旋証明世界 リリムハーロット ～喝采なき薔薇～ アンケート復刻版
開幕記念 ログインボーナス*
*開催期間中、1日1回 最大21回 ログインボーナスをプレゼント！*
`黄金の果実 X 1
`_2024-06-07 16:47:17_
--------
*6cd3e26d84dfb2fcf79ab1d198525431*
`登陆天数: 11天 / 651天
等级: 130
石头: 4005
呼符: 207
体力: 16327.753333333334 / 138
友情点: 0 / 468400`
*連続ログイン4日目
※ログインが途切れるか、7日到達すると
1日目から再開されます*
`聖晶石 X 1
6月交換券(2024) X 1
`*螺旋証明世界 リリムハーロット ～喝采なき薔薇～ アンケート復刻版
開幕記念 ログインボーナス*
*開催期間中、1日1回 最大21回 ログインボーナスをプレゼント！*
`黄金の果実 X 1
`_2024-06-07 16:47:26_
--------
*cc923ea5b45843ab4183ed2e5ea22ab3*
`登陆天数: 11天 / 652天
等级: 130
石头: 4002
呼符: 250
体力: 16327.78 / 138
友情点: 0 / 467260`
*連続ログイン4日目
※ログインが途切れるか、7日到達すると
1日目から再開されます*
`聖晶石 X 1
6月交換券(2024) X 1
`*螺旋証明世界 リリムハーロット ～喝采なき薔薇～ アンケート復刻版
開幕記念 ログインボーナス*
*開催期間中、1日1回 最大21回 ログインボーナスをプレゼント！*
`黄金の果実 X 1
`_2024-06-07 16:47:33_
--------
*a1e587c74df1130695ccb1369acbce0f*
`登陆天数: 11天 / 652天
等级: 130
石头: 4025
呼符: 264
体力: 16327.81 / 138
友情点: 0 / 466565`
*連続ログイン4日目
※ログインが途切れるか、7日到達すると
1日目から再開されます*
`聖晶石 X 1
6月交換券(2024) X 1
`*螺旋証明世界 リリムハーロット ～喝采なき薔薇～ アンケート復刻版
開幕記念 ログインボーナス*
*開催期間中、1日1回 最大21回 ログインボーナスをプレゼント！*
`黄金の果実 X 1
`_2024-06-07 16:47:41_
--------
*4b20916c18b4d1c388b6adeb7255bdd2*
`登陆天数: 11天 / 651天
等级: 130
石头: 4005
呼符: 280
体力: 16327.833333333334 / 138
友情点: 0 / 469835`
*連続ログイン4日目
※ログインが途切れるか、7日到達すると
1日目から再開されます*
`聖晶石 X 1
6月交換券(2024) X 1
`*螺旋証明世界 リリムハーロット ～喝采なき薔薇～ アンケート復刻版
開幕記念 ログインボーナス*
*開催期間中、1日1回 最大21回 ログインボーナスをプレゼント！*
`黄金の果実 X 1
`_2024-06-07 16:47:50_
--------
*a753eeed9c10b7acec26ab2b907174be*
`登陆天数: 11天 / 651天
等级: 130
石头: 4001
呼符: 173
体力: 16327.86 / 138
友情点: 0 / 469070`
*連続ログイン4日目
※ログインが途切れるか、7日到達すると
1日目から再開されます*
`聖晶石 X 1
6月交換券(2024) X 1
`*螺旋証明世界 リリムハーロット ～喝采なき薔薇～ アンケート復刻版
開幕記念 ログインボーナス*
*開催期間中、1日1回 最大21回 ログインボーナスをプレゼント！*
`黄金の果実 X 1
`_2024-06-07 16:47:58_
--------
*b795660d1ebd788a2555c779f3de9ca7*
`登陆天数: 11天 / 651天
等级: 130
石头: 3984
呼符: 288
体力: 16327.886666666667 / 138
友情点: 0 / 470255`
*連続ログイン4日目
※ログインが途切れるか、7日到達すると
1日目から再開されます*
`聖晶石 X 1
6月交換券(2024) X 1
`*螺旋証明世界 リリムハーロット ～喝采なき薔薇～ アンケート復刻版
開幕記念 ログインボーナス*
*開催期間中、1日1回 最大21回 ログインボーナスをプレゼント！*
`黄金の果実 X 1
`_2024-06-07 16:48:06_
--------
*6378d40c662db17bf338299abda5ee87*
`登陆天数: 11天 / 651天
等级: 130
石头: 3999
呼符: 166
体力: 16327.92 / 138
友情点: 0 / 468770`
*連続ログイン4日目
※ログインが途切れるか、7日到達すると
1日目から再開されます*
`聖晶石 X 1
6月交換券(2024) X 1
`*螺旋証明世界 リリムハーロット ～喝采なき薔薇～ アンケート復刻版
開幕記念 ログインボーナス*
*開催期間中、1日1回 最大21回 ログインボーナスをプレゼント！*
`黄金の果実 X 1
`_2024-06-07 16:48:14_
--------
*4a4bb41f0561c9b994810608b978990c*
`登陆天数: 11天 / 651天
等级: 130
石头: 4009
呼符: 323
体力: 16327.943333333333 / 138
友情点: 0 / 469705`
*連続ログイン4日目
※ログインが途切れるか、7日到達すると
1日目から再開されます*
`聖晶石 X 1
6月交換券(2024) X 1
`*螺旋証明世界 リリムハーロット ～喝采なき薔薇～ アンケート復刻版
開幕記念 ログインボーナス*
*開催期間中、1日1回 最大21回 ログインボーナスをプレゼント！*
`黄金の果実 X 1
`_2024-06-07 16:48:22_
--------
*cb0a51a99bc16181cd79fde46c12475b*
`登陆天数: 11天 / 652天
等级: 130
石头: 4011
呼符: 117
体力: 16327.97 / 138
友情点: 0 / 466840`
*連続ログイン4日目
※ログインが途切れるか、7日到達すると
1日目から再開されます*
`聖晶石 X 1
6月交換券(2024) X 1
`*螺旋証明世界 リリムハーロット ～喝采なき薔薇～ アンケート復刻版
開幕記念 ログインボーナス*
*開催期間中、1日1回 最大21回 ログインボーナスをプレゼント！*
`黄金の果実 X 1
`_2024-06-07 16:48:30_
--------
*fcc1aba7570050368047d922f7aa8dfa*
`登陆天数: 11天 / 651天
等级: 130
石头: 4005
呼符: 247
体力: 16327.996666666666 / 138
友情点: 0 / 467675`
*連続ログイン4日目
※ログインが途切れるか、7日到達すると
1日目から再開されます*
`聖晶石 X 1
6月交換券(2024) X 1
`*螺旋証明世界 リリムハーロット ～喝采なき薔薇～ アンケート復刻版
開幕記念 ログインボーナス*
*開催期間中、1日1回 最大21回 ログインボーナスをプレゼント！*
`黄金の果実 X 1
`_2024-06-07 16:48:38_
--------
*8a442f49b33b7d244bee496d179204a9*
`登陆天数: 11天 / 652天
等级: 130
石头: 4026
呼符: 25
体力: 16328.026666666667 / 138
友情点: 0 / 467420`
*連続ログイン4日目
※ログインが途切れるか、7日到達すると
1日目から再開されます*
`聖晶石 X 1
6月交換券(2024) X 1
`*螺旋証明世界 リリムハーロット ～喝采なき薔薇～ アンケート復刻版
開幕記念 ログインボーナス*
*開催期間中、1日1回 最大21回 ログインボーナスをプレゼント！*
`黄金の果実 X 1
`_2024-06-07 16:48:46_
--------
*8c2ee9f5b328a0b524642905a8521286*
`登陆天数: 11天 / 651天
等级: 130
石头: 4022
呼符: 261
体力: 16328.053333333333 / 138
友情点: 0 / 468695`
*連続ログイン4日目
※ログインが途切れるか、7日到達すると
1日目から再開されます*
`聖晶石 X 1
6月交換券(2024) X 1
`*螺旋証明世界 リリムハーロット ～喝采なき薔薇～ アンケート復刻版
開幕記念 ログインボーナス*
*開催期間中、1日1回 最大21回 ログインボーナスをプレゼント！*
`黄金の果実 X 1
`_2024-06-07 16:48:55_
--------
*3001f740c575e39f54fe9c328c51b8e5*
`登陆天数: 11天 / 652天
等级: 130
石头: 4008
呼符: 25
体力: 16328.076666666666 / 138
友情点: 0 / 466795`
*連続ログイン4日目
※ログインが途切れるか、7日到達すると
1日目から再開されます*
`聖晶石 X 1
6月交換券(2024) X 1
`*螺旋証明世界 リリムハーロット ～喝采なき薔薇～ アンケート復刻版
開幕記念 ログインボーナス*
*開催期間中、1日1回 最大21回 ログインボーナスをプレゼント！*
`黄金の果実 X 1
`_2024-06-07 16:49:03_
--------
*8405cd7e3c92628f74a36236544f3473*
`登陆天数: 11天 / 651天
等级: 130
石头: 4009
呼符: 216
体力: 16328.106666666667 / 138
友情点: 0 / 468410`
*連続ログイン4日目
※ログインが途切れるか、7日到達すると
1日目から再開されます*
`聖晶石 X 1
6月交換券(2024) X 1
`*螺旋証明世界 リリムハーロット ～喝采なき薔薇～ アンケート復刻版
開幕記念 ログインボーナス*
*開催期間中、1日1回 最大21回 ログインボーナスをプレゼント！*
`黄金の果実 X 1
`_2024-06-07 16:49:11_
--------
*8d02598403e5aade2ddb3635d0eabe41*
`登陆天数: 11天 / 652天
等级: 130
石头: 4008
呼符: 203
体力: 16328.133333333333 / 138
友情点: 0 / 465820`
*連続ログイン4日目
※ログインが途切れるか、7日到達すると
1日目から再開されます*
`聖晶石 X 1
6月交換券(2024) X 1
`*螺旋証明世界 リリムハーロット ～喝采なき薔薇～ アンケート復刻版
開幕記念 ログインボーナス*
*開催期間中、1日1回 最大21回 ログインボーナスをプレゼント！*
`黄金の果実 X 1
`_2024-06-07 16:49:19_
--------
*d177bedc0516a467e47bc5bd285af10b*
`登陆天数: 11天 / 651天
等级: 130
石头: 4006
呼符: 309
体力: 16328.153333333334 / 138
友情点: 0 / 468385`
*連続ログイン4日目
※ログインが途切れるか、7日到達すると
1日目から再開されます*
`聖晶石 X 1
6月交換券(2024) X 1
`*螺旋証明世界 リリムハーロット ～喝采なき薔薇～ アンケート復刻版
開幕記念 ログインボーナス*
*開催期間中、1日1回 最大21回 ログインボーナスをプレゼント！*
`黄金の果実 X 1
`_2024-06-07 16:49:27_
--------
*525066aaecd9a946f7f49463acc532c0*
`登陆天数: 11天 / 651天
等级: 130
石头: 4027
呼符: 24
体力: 16328.183333333332 / 138
友情点: 0 / 467720`
*連続ログイン4日目
※ログインが途切れるか、7日到達すると
1日目から再開されます*
`聖晶石 X 1
6月交換券(2024) X 1
`*螺旋証明世界 リリムハーロット ～喝采なき薔薇～ アンケート復刻版
開幕記念 ログインボーナス*
*開催期間中、1日1回 最大21回 ログインボーナスをプレゼント！*
`黄金の果実 X 1
`_2024-06-07 16:49:35_
--------
