【登录信息】
*32f66d60569f4040d930610ec2d43273*
`登陆天数: 17天 / 654天
等级: 130
石头: 4062
呼符: 320
体力: 28.873333333333335 / 138
友情点: 0 / 470980`
_2024-06-09 04:30:43_
--------
*a6f1a8527c8646571e8aee9c1d53437d*
`登陆天数: 17天 / 654天
等级: 130
石头: 4056
呼符: 265
体力: 28.843333333333334 / 138
友情点: 0 / 470820`
_2024-06-09 04:30:50_
--------
*ecea268f15b09815179d0034f274b43f*
`登陆天数: 17天 / 654天
等级: 130
石头: 4041
呼符: 258
体力: 28.806666666666672 / 138
友情点: 0 / 469985`
_2024-06-09 04:30:58_
--------
*99374f167e1f7f52b42f26b623951329*
`登陆天数: 17天 / 655天
等级: 130
石头: 4060
呼符: 324
体力: 28.78 / 138
友情点: 0 / 471175`
_2024-06-09 04:31:05_
--------
*0ca36aac6a07bc34dfa37619d9a5e6dc*
`登陆天数: 17天 / 655天
等级: 130
石头: 4060
呼符: 333
体力: 28.74333333333334 / 138
友情点: 0 / 470805`
_2024-06-09 04:31:13_
--------
*5da5c1a3ce9813eda885d683fefad08e*
`登陆天数: 17天 / 655天
等级: 130
石头: 4052
呼符: 313
体力: 28.71333333333334 / 138
友情点: 0 / 472305`
_2024-06-09 04:31:20_
--------
*c2641f49fb84c75233189cedda53db7a*
`登陆天数: 17天 / 655天
等级: 130
石头: 4083
呼符: 176
体力: 28.680000000000007 / 138
友情点: 0 / 469890`
_2024-06-09 04:31:28_
--------
*fcdb98fe5ad234602d6e9ee75494453e*
`登陆天数: 17天 / 654天
等级: 130
石头: 4061
呼符: 323
体力: 28.64666666666666 / 138
友情点: 0 / 470470`
_2024-06-09 04:31:35_
--------
*ab4cb6fdd635cccd7057272446d400d7*
`登陆天数: 17天 / 654天
等级: 130
石头: 4072
呼符: 155
体力: 28.61666666666666 / 138
友情点: 0 / 471150`
_2024-06-09 04:31:43_
--------
*ac97258c3f2a29801a940a18b37e06c3*
`登陆天数: 17天 / 654天
等级: 130
石头: 4057
呼符: 143
体力: 28.58333333333333 / 138
友情点: 0 / 471905`
_2024-06-09 04:31:51_
--------
*8eaa0028f1afe11098b06602480f4d25*
`登陆天数: 17天 / 655天
等级: 130
石头: 4068
呼符: 269
体力: 28.553333333333327 / 138
友情点: 0 / 470715`
_2024-06-09 04:31:58_
--------
*e0b160c3f257d7139d5362091ce127bf*
`登陆天数: 17天 / 655天
等级: 130
石头: 4058
呼符: 34
体力: 28.523333333333326 / 138
友情点: 0 / 470335`
_2024-06-09 04:32:06_
--------
*114757692565564d6902bae439efdcad*
`登陆天数: 17天 / 654天
等级: 130
石头: 4056
呼符: 194
体力: 28.486666666666665 / 138
友情点: 0 / 470645`
_2024-06-09 04:32:14_
--------
*7eaf856dadd4810511c5ac5259e1a992*
`登陆天数: 17天 / 655天
等级: 130
石头: 4079
呼符: 282
体力: 28.456666666666663 / 138
友情点: 0 / 471280`
_2024-06-09 04:32:22_
--------
*6492ddaff56fafe03fcb40ee34ca9c10*
`登陆天数: 17天 / 654天
等级: 130
石头: 4081
呼符: 327
体力: 28.426666666666662 / 138
友情点: 0 / 470860`
_2024-06-09 04:32:29_
--------
*5ff9e9fe7595099e68b8f8083394b486*
`登陆天数: 17天 / 655天
等级: 130
石头: 4061
呼符: 306
体力: 28.39666666666666 / 138
友情点: 0 / 469735`
_2024-06-09 04:32:37_
--------
*2b616c830037692771389c1728c423b9*
`登陆天数: 17天 / 655天
等级: 130
石头: 4046
呼符: 209
体力: 28.36333333333333 / 138
友情点: 0 / 471050`
_2024-06-09 04:32:44_
--------
*8fd7195f213261f6e7f481ea46e4b996*
`登陆天数: 17天 / 654天
等级: 130
石头: 4046
呼符: 332
体力: 28.33 / 138
友情点: 0 / 469950`
_2024-06-09 04:32:52_
--------
*3cf5d6a88bcef64c32d47e9e92f19fa9*
`登陆天数: 17天 / 654天
等级: 130
石头: 4057
呼符: 264
体力: 28.299999999999997 / 138
友情点: 0 / 470565`
_2024-06-09 04:32:59_
--------
*7d518c426b6ba735bdb98db5c8828a68*
`登陆天数: 17天 / 654天
等级: 130
石头: 4063
呼符: 125
体力: 28.266666666666666 / 138
友情点: 0 / 469525`
_2024-06-09 04:33:07_
--------
*2ca9155841a12c3c34a7f42bdffbf414*
`登陆天数: 17天 / 654天
等级: 130
石头: 4058
呼符: 232
体力: 28.233333333333334 / 138
友情点: 0 / 469970`
_2024-06-09 04:33:15_
--------
*0d07906de391ba1fa9051f3e7d95e124*
`登陆天数: 17天 / 654天
等级: 130
石头: 4056
呼符: 33
体力: 28.200000000000003 / 138
友情点: 0 / 472950`
_2024-06-09 04:33:22_
--------
*5edc27d34ce65f0d20a794b4f17c648a*
`登陆天数: 17天 / 654天
等级: 130
石头: 4075
呼符: 328
体力: 28.16666666666667 / 138
友情点: 0 / 470000`
_2024-06-09 04:33:30_
--------
*e8c85976369beb7214ac59b4c68c5700*
`登陆天数: 17天 / 654天
等级: 130
石头: 4031
呼符: 320
体力: 28.13666666666667 / 138
友情点: 0 / 469955`
_2024-06-09 04:33:37_
--------
*f1f179550799ce4094732eedd4fa3e75*
`登陆天数: 17天 / 655天
等级: 130
石头: 4076
呼符: 320
体力: 28.10333333333334 / 138
友情点: 0 / 470505`
_2024-06-09 04:33:45_
--------
*ccae2bde67c1d7de10a2a5d20bc8e63c*
`登陆天数: 17天 / 654天
等级: 130
石头: 4058
呼符: 172
体力: 28.073333333333338 / 138
友情点: 0 / 470260`
_2024-06-09 04:33:52_
--------
*2c05c7a6b84191415f5d7ecf78149600*
`登陆天数: 17天 / 655天
等级: 130
石头: 4080
呼符: 324
体力: 28.040000000000006 / 138
友情点: 0 / 470640`
_2024-06-09 04:34:00_
--------
*33d98a7bd2b1750c2393a2af4f1027f9*
`登陆天数: 17天 / 654天
等级: 130
石头: 4050
呼符: 328
体力: 28.010000000000005 / 138
友情点: 0 / 471785`
_2024-06-09 04:34:07_
--------
*6a0ad1a517099a6d355a4f012147d88d*
`登陆天数: 17天 / 654天
等级: 130
石头: 4084
呼符: 276
体力: 27.980000000000004 / 138
友情点: 0 / 469925`
_2024-06-09 04:34:15_
--------
*59d366611066645acbd6fb3adc638e66*
`登陆天数: 17天 / 654天
等级: 130
石头: 4061
呼符: 323
体力: 27.943333333333328 / 138
友情点: 0 / 470110`
_2024-06-09 04:34:23_
--------
*aaec1b15ae39ed4de2e713fe9dcbe03b*
`登陆天数: 17天 / 654天
等级: 130
石头: 4048
呼符: 241
体力: 27.913333333333327 / 138
友情点: 0 / 470530`
_2024-06-09 04:34:30_
--------
*9090e76d9455cd21515bd566d313f746*
`登陆天数: 13天 / 653天
等级: 130
石头: 4055
呼符: 32
体力: 27.879999999999995 / 138
友情点: 0 / 469960`
_2024-06-09 04:34:38_
--------
*04491f770e91bb230a350b051ac4c2e3*
`登陆天数: 13天 / 654天
等级: 130
石头: 4061
呼符: 246
体力: 27.85333333333334 / 138
友情点: 0 / 470020`
_2024-06-09 04:34:46_
--------
*6cd3e26d84dfb2fcf79ab1d198525431*
`登陆天数: 13天 / 653天
等级: 130
石头: 4056
呼符: 215
体力: 27.823333333333338 / 138
友情点: 0 / 470400`
_2024-06-09 04:34:53_
--------
*cc923ea5b45843ab4183ed2e5ea22ab3*
`登陆天数: 13天 / 654天
等级: 130
石头: 4051
呼符: 258
体力: 27.78666666666666 / 138
友情点: 0 / 471260`
_2024-06-09 04:35:01_
--------
*a1e587c74df1130695ccb1369acbce0f*
`登陆天数: 13天 / 654天
等级: 130
石头: 4074
呼符: 272
体力: 27.75666666666666 / 138
友情点: 0 / 470565`
_2024-06-09 04:35:09_
--------
*4b20916c18b4d1c388b6adeb7255bdd2*
`登陆天数: 13天 / 653天
等级: 130
石头: 4056
呼符: 288
体力: 27.72333333333333 / 138
友情点: 0 / 471835`
_2024-06-09 04:35:16_
--------
*a753eeed9c10b7acec26ab2b907174be*
`登陆天数: 13天 / 653天
等级: 130
石头: 4052
呼符: 181
体力: 27.689999999999998 / 138
友情点: 0 / 471070`
_2024-06-09 04:35:23_
--------
*b795660d1ebd788a2555c779f3de9ca7*
`登陆天数: 13天 / 653天
等级: 130
石头: 4035
呼符: 296
体力: 27.656666666666666 / 138
友情点: 0 / 472255`
_2024-06-09 04:35:31_
--------
*6378d40c662db17bf338299abda5ee87*
`登陆天数: 13天 / 653天
等级: 130
石头: 4050
呼符: 174
体力: 27.626666666666665 / 138
友情点: 0 / 470770`
_2024-06-09 04:35:39_
--------
*4a4bb41f0561c9b994810608b978990c*
`登陆天数: 13天 / 653天
等级: 130
石头: 4060
呼符: 331
体力: 27.593333333333334 / 138
友情点: 0 / 471705`
_2024-06-09 04:35:46_
--------
*cb0a51a99bc16181cd79fde46c12475b*
`登陆天数: 13天 / 654天
等级: 130
石头: 4060
呼符: 125
体力: 27.560000000000002 / 138
友情点: 0 / 470840`
_2024-06-09 04:35:54_
--------
*fcc1aba7570050368047d922f7aa8dfa*
`登陆天数: 13天 / 653天
等级: 130
石头: 4056
呼符: 255
体力: 27.53 / 138
友情点: 0 / 469675`
_2024-06-09 04:36:01_
--------
*8a442f49b33b7d244bee496d179204a9*
`登陆天数: 13天 / 654天
等级: 130
石头: 4075
呼符: 33
体力: 27.49666666666667 / 138
友情点: 0 / 471420`
_2024-06-09 04:36:09_
--------
*8c2ee9f5b328a0b524642905a8521286*
`登陆天数: 13天 / 653天
等级: 130
石头: 4073
呼符: 269
体力: 27.46333333333334 / 138
友情点: 0 / 470695`
_2024-06-09 04:36:17_
--------
*3001f740c575e39f54fe9c328c51b8e5*
`登陆天数: 13天 / 654天
等级: 130
石头: 4057
呼符: 33
体力: 27.433333333333337 / 138
友情点: 0 / 470795`
_2024-06-09 04:36:24_
--------
*8405cd7e3c92628f74a36236544f3473*
`登陆天数: 13天 / 653天
等级: 130
石头: 4060
呼符: 224
体力: 27.403333333333336 / 138
友情点: 0 / 470410`
_2024-06-09 04:36:31_
--------
*8d02598403e5aade2ddb3635d0eabe41*
`登陆天数: 13天 / 654天
等级: 130
石头: 4057
呼符: 211
体力: 27.36666666666666 / 138
友情点: 0 / 469820`
_2024-06-09 04:36:39_
--------
*d177bedc0516a467e47bc5bd285af10b*
`登陆天数: 13天 / 653天
等级: 130
石头: 4057
呼符: 317
体力: 27.33333333333333 / 138
友情点: 0 / 470385`
_2024-06-09 04:36:47_
--------
*525066aaecd9a946f7f49463acc532c0*
`登陆天数: 13天 / 653天
等级: 130
石头: 4027
呼符: 24
体力: 16757.646666666667 / 138
友情点: 0 / 467720`
_2024-06-09 04:36:54_
--------
