【登录信息】
*32f66d60569f4040d930610ec2d43273*
`登陆天数: 19天 / 656天
等级: 130
石头: 4063
呼符: 320
体力: 30.730000000000004 / 138
友情点: 0 / 458980`
_2024-06-11 04:33:52_
--------
*a6f1a8527c8646571e8aee9c1d53437d*
`登陆天数: 19天 / 656天
等级: 130
石头: 4057
呼符: 265
体力: 30.700000000000003 / 138
友情点: 0 / 458820`
_2024-06-11 04:34:00_
--------
*ecea268f15b09815179d0034f274b43f*
`登陆天数: 19天 / 656天
等级: 130
石头: 4042
呼符: 258
体力: 30.67 / 138
友情点: 0 / 457985`
_2024-06-11 04:34:08_
--------
*99374f167e1f7f52b42f26b623951329*
`登陆天数: 19天 / 657天
等级: 130
石头: 4061
呼符: 324
体力: 30.64 / 138
友情点: 0 / 459175`
_2024-06-11 04:34:16_
--------
*0ca36aac6a07bc34dfa37619d9a5e6dc*
`登陆天数: 19天 / 657天
等级: 130
石头: 4061
呼符: 333
体力: 30.61333333333333 / 138
友情点: 0 / 458805`
_2024-06-11 04:34:24_
--------
*5da5c1a3ce9813eda885d683fefad08e*
`登陆天数: 19天 / 657天
等级: 130
石头: 4053
呼符: 313
体力: 30.58333333333333 / 138
友情点: 0 / 460305`
_2024-06-11 04:34:32_
--------
*c2641f49fb84c75233189cedda53db7a*
`登陆天数: 19天 / 657天
等级: 130
石头: 4084
呼符: 176
体力: 30.556666666666672 / 138
友情点: 0 / 457890`
_2024-06-11 04:34:40_
--------
*fcdb98fe5ad234602d6e9ee75494453e*
`登陆天数: 19天 / 656天
等级: 130
石头: 4062
呼符: 323
体力: 30.52666666666667 / 138
友情点: 0 / 458470`
_2024-06-11 04:34:48_
--------
*ab4cb6fdd635cccd7057272446d400d7*
`登陆天数: 19天 / 656天
等级: 130
石头: 4073
呼符: 155
体力: 30.49666666666667 / 138
友情点: 0 / 459150`
_2024-06-11 04:34:55_
--------
*ac97258c3f2a29801a940a18b37e06c3*
`登陆天数: 19天 / 656天
等级: 130
石头: 4058
呼符: 143
体力: 30.46666666666667 / 138
友情点: 0 / 459905`
_2024-06-11 04:35:03_
--------
*8eaa0028f1afe11098b06602480f4d25*
`登陆天数: 19天 / 657天
等级: 130
石头: 4069
呼符: 269
体力: 30.433333333333337 / 138
友情点: 0 / 458715`
_2024-06-11 04:35:11_
--------
*e0b160c3f257d7139d5362091ce127bf*
`登陆天数: 19天 / 657天
等级: 130
石头: 4059
呼符: 34
体力: 30.403333333333336 / 138
友情点: 0 / 458335`
_2024-06-11 04:35:19_
--------
*114757692565564d6902bae439efdcad*
`登陆天数: 19天 / 656天
等级: 130
石头: 4057
呼符: 194
体力: 30.376666666666665 / 138
友情点: 0 / 458645`
_2024-06-11 04:35:27_
--------
*7eaf856dadd4810511c5ac5259e1a992*
`登陆天数: 19天 / 657天
等级: 130
石头: 4080
呼符: 282
体力: 30.343333333333334 / 138
友情点: 0 / 459280`
_2024-06-11 04:35:35_
--------
*6492ddaff56fafe03fcb40ee34ca9c10*
`登陆天数: 19天 / 656天
等级: 130
石头: 4082
呼符: 327
体力: 30.313333333333333 / 138
友情点: 0 / 458860`
_2024-06-11 04:35:43_
--------
*5ff9e9fe7595099e68b8f8083394b486*
`登陆天数: 19天 / 657天
等级: 130
石头: 4062
呼符: 306
体力: 30.28666666666666 / 138
友情点: 0 / 457735`
_2024-06-11 04:35:51_
--------
*2b616c830037692771389c1728c423b9*
`登陆天数: 19天 / 657天
等级: 130
石头: 4047
呼符: 209
体力: 30.25666666666666 / 138
友情点: 0 / 459050`
_2024-06-11 04:35:58_
--------
*8fd7195f213261f6e7f481ea46e4b996*
`登陆天数: 19天 / 656天
等级: 130
石头: 4047
呼符: 332
体力: 30.226666666666674 / 138
友情点: 0 / 457950`
_2024-06-11 04:36:06_
--------
*3cf5d6a88bcef64c32d47e9e92f19fa9*
`登陆天数: 19天 / 656天
等级: 130
石头: 4058
呼符: 264
体力: 30.200000000000003 / 138
友情点: 0 / 458565`
_2024-06-11 04:36:14_
--------
*7d518c426b6ba735bdb98db5c8828a68*
`登陆天数: 19天 / 656天
等级: 130
石头: 4064
呼符: 125
体力: 30.17 / 138
友情点: 0 / 457525`
_2024-06-11 04:36:22_
--------
*2ca9155841a12c3c34a7f42bdffbf414*
`登陆天数: 19天 / 656天
等级: 130
石头: 4059
呼符: 232
体力: 30.14 / 138
友情点: 0 / 457970`
_2024-06-11 04:36:30_
--------
*0d07906de391ba1fa9051f3e7d95e124*
`登陆天数: 19天 / 656天
等级: 130
石头: 4057
呼符: 33
体力: 30.11 / 138
友情点: 0 / 460950`
_2024-06-11 04:36:38_
--------
*5edc27d34ce65f0d20a794b4f17c648a*
`登陆天数: 19天 / 656天
等级: 130
石头: 4076
呼符: 328
体力: 30.08333333333333 / 138
友情点: 0 / 458000`
_2024-06-11 04:36:46_
--------
*e8c85976369beb7214ac59b4c68c5700*
`登陆天数: 19天 / 656天
等级: 130
石头: 4032
呼符: 320
体力: 30.053333333333327 / 138
友情点: 0 / 457955`
_2024-06-11 04:36:54_
--------
*f1f179550799ce4094732eedd4fa3e75*
`登陆天数: 19天 / 657天
等级: 130
石头: 4077
呼符: 320
体力: 30.023333333333326 / 138
友情点: 0 / 458505`
_2024-06-11 04:37:02_
--------
*ccae2bde67c1d7de10a2a5d20bc8e63c*
`登陆天数: 19天 / 656天
等级: 130
石头: 4059
呼符: 172
体力: 29.99666666666667 / 138
友情点: 0 / 458260`
_2024-06-11 04:37:10_
--------
*2c05c7a6b84191415f5d7ecf78149600*
`登陆天数: 19天 / 657天
等级: 130
石头: 4081
呼符: 324
体力: 29.96666666666667 / 138
友情点: 0 / 458640`
_2024-06-11 04:37:18_
--------
*33d98a7bd2b1750c2393a2af4f1027f9*
`登陆天数: 19天 / 656天
等级: 130
石头: 4051
呼符: 328
体力: 29.933333333333337 / 138
友情点: 0 / 459785`
_2024-06-11 04:37:26_
--------
*6a0ad1a517099a6d355a4f012147d88d*
`登陆天数: 19天 / 656天
等级: 130
石头: 4085
呼符: 276
体力: 29.906666666666666 / 138
友情点: 0 / 457925`
_2024-06-11 04:37:34_
--------
*59d366611066645acbd6fb3adc638e66*
`登陆天数: 19天 / 656天
等级: 130
石头: 4062
呼符: 323
体力: 29.879999999999995 / 138
友情点: 0 / 458110`
_2024-06-11 04:37:42_
--------
*aaec1b15ae39ed4de2e713fe9dcbe03b*
`登陆天数: 19天 / 656天
等级: 130
石头: 4049
呼符: 241
体力: 29.846666666666664 / 138
友情点: 0 / 458530`
_2024-06-11 04:37:50_
--------
*9090e76d9455cd21515bd566d313f746*
`登陆天数: 15天 / 655天
等级: 130
石头: 4055
呼符: 33
体力: 29.819999999999993 / 138
友情点: 0 / 459960`
_2024-06-11 04:37:58_
--------
*04491f770e91bb230a350b051ac4c2e3*
`登陆天数: 15天 / 656天
等级: 130
石头: 4061
呼符: 247
体力: 29.790000000000006 / 138
友情点: 0 / 460020`
_2024-06-11 04:38:06_
--------
*6cd3e26d84dfb2fcf79ab1d198525431*
`登陆天数: 15天 / 655天
等级: 130
石头: 4056
呼符: 216
体力: 29.763333333333335 / 138
友情点: 0 / 460400`
_2024-06-11 04:38:14_
--------
*cc923ea5b45843ab4183ed2e5ea22ab3*
`登陆天数: 15天 / 656天
等级: 130
石头: 4051
呼符: 259
体力: 29.733333333333334 / 138
友情点: 0 / 461260`
_2024-06-11 04:38:22_
--------
*a1e587c74df1130695ccb1369acbce0f*
`登陆天数: 15天 / 656天
等级: 130
石头: 4074
呼符: 273
体力: 29.703333333333333 / 138
友情点: 0 / 460565`
_2024-06-11 04:38:30_
--------
*4b20916c18b4d1c388b6adeb7255bdd2*
`登陆天数: 15天 / 655天
等级: 130
石头: 4056
呼符: 289
体力: 29.673333333333332 / 138
友情点: 0 / 461835`
_2024-06-11 04:38:38_
--------
*a753eeed9c10b7acec26ab2b907174be*
`登陆天数: 15天 / 655天
等级: 130
石头: 4052
呼符: 182
体力: 29.64333333333333 / 138
友情点: 0 / 461070`
_2024-06-11 04:38:45_
--------
*b795660d1ebd788a2555c779f3de9ca7*
`登陆天数: 15天 / 655天
等级: 130
石头: 4035
呼符: 297
体力: 29.61666666666666 / 138
友情点: 0 / 462255`
_2024-06-11 04:38:53_
--------
*6378d40c662db17bf338299abda5ee87*
`登陆天数: 15天 / 655天
等级: 130
石头: 4050
呼符: 175
体力: 29.590000000000003 / 138
友情点: 0 / 460770`
_2024-06-11 04:39:02_
--------
*4a4bb41f0561c9b994810608b978990c*
`登陆天数: 15天 / 655天
等级: 130
石头: 4060
呼符: 332
体力: 29.560000000000002 / 138
友情点: 0 / 461705`
_2024-06-11 04:39:09_
--------
*cb0a51a99bc16181cd79fde46c12475b*
`登陆天数: 15天 / 656天
等级: 130
石头: 4060
呼符: 126
体力: 29.53 / 138
友情点: 0 / 460840`
_2024-06-11 04:39:17_
--------
*fcc1aba7570050368047d922f7aa8dfa*
`登陆天数: 15天 / 655天
等级: 130
石头: 4056
呼符: 256
体力: 29.50333333333333 / 138
友情点: 0 / 459675`
_2024-06-11 04:39:25_
--------
*8a442f49b33b7d244bee496d179204a9*
`登陆天数: 15天 / 656天
等级: 130
石头: 4075
呼符: 34
体力: 29.47333333333333 / 138
友情点: 0 / 461420`
_2024-06-11 04:39:33_
--------
*8c2ee9f5b328a0b524642905a8521286*
`登陆天数: 15天 / 655天
等级: 130
石头: 4073
呼符: 270
体力: 29.443333333333328 / 138
友情点: 0 / 460695`
_2024-06-11 04:39:41_
--------
*3001f740c575e39f54fe9c328c51b8e5*
`登陆天数: 15天 / 656天
等级: 130
石头: 4057
呼符: 34
体力: 29.41666666666667 / 138
友情点: 0 / 460795`
_2024-06-11 04:39:50_
--------
*8405cd7e3c92628f74a36236544f3473*
`登陆天数: 15天 / 655天
等级: 130
石头: 4060
呼符: 225
体力: 29.38666666666667 / 138
友情点: 0 / 460410`
_2024-06-11 04:39:57_
--------
*8d02598403e5aade2ddb3635d0eabe41*
`登陆天数: 15天 / 656天
等级: 130
石头: 4057
呼符: 212
体力: 29.35666666666667 / 138
友情点: 0 / 459820`
_2024-06-11 04:40:06_
--------
*d177bedc0516a467e47bc5bd285af10b*
`登陆天数: 15天 / 655天
等级: 130
石头: 4057
呼符: 318
体力: 29.33 / 138
友情点: 0 / 460385`
_2024-06-11 04:40:13_
--------
*525066aaecd9a946f7f49463acc532c0*
`登陆天数: 15天 / 655天
等级: 130
石头: 4027
呼符: 24
体力: 17334.336666666666 / 138
友情点: 0 / 467720`
_2024-06-11 04:40:21_
--------
