【登录信息】
*32f66d60569f4040d930610ec2d43273*
`登陆天数: 20天 / 657天
等级: 130
石头: 4065
呼符: 320
体力: 30.0 / 138
友情点: 0 / 452980`
_2024-06-12 04:31:00_
--------
*a6f1a8527c8646571e8aee9c1d53437d*
`登陆天数: 20天 / 657天
等级: 130
石头: 4059
呼符: 265
体力: 29.97333333333333 / 138
友情点: 0 / 452820`
_2024-06-12 04:31:07_
--------
*ecea268f15b09815179d0034f274b43f*
`登陆天数: 20天 / 657天
等级: 130
石头: 4044
呼符: 258
体力: 29.943333333333328 / 138
友情点: 0 / 451985`
_2024-06-12 04:31:15_
--------
*99374f167e1f7f52b42f26b623951329*
`登陆天数: 20天 / 658天
等级: 130
石头: 4063
呼符: 324
体力: 29.91666666666667 / 138
友情点: 0 / 453175`
_2024-06-12 04:31:22_
--------
*0ca36aac6a07bc34dfa37619d9a5e6dc*
`登陆天数: 20天 / 658天
等级: 130
石头: 4063
呼符: 333
体力: 29.88666666666667 / 138
友情点: 0 / 452805`
_2024-06-12 04:31:30_
--------
*5da5c1a3ce9813eda885d683fefad08e*
`登陆天数: 20天 / 658天
等级: 130
石头: 4055
呼符: 313
体力: 29.86 / 138
友情点: 0 / 454305`
_2024-06-12 04:31:38_
--------
*c2641f49fb84c75233189cedda53db7a*
`登陆天数: 20天 / 658天
等级: 130
石头: 4086
呼符: 176
体力: 29.83333333333333 / 138
友情点: 0 / 451890`
_2024-06-12 04:31:45_
--------
*fcdb98fe5ad234602d6e9ee75494453e*
`登陆天数: 20天 / 657天
等级: 130
石头: 4064
呼符: 323
体力: 29.803333333333327 / 138
友情点: 0 / 452470`
_2024-06-12 04:31:53_
--------
*ab4cb6fdd635cccd7057272446d400d7*
`登陆天数: 20天 / 657天
等级: 130
石头: 4075
呼符: 155
体力: 29.77666666666667 / 138
友情点: 0 / 453150`
_2024-06-12 04:32:01_
--------
*ac97258c3f2a29801a940a18b37e06c3*
`登陆天数: 20天 / 657天
等级: 130
石头: 4060
呼符: 143
体力: 29.75 / 138
友情点: 0 / 453905`
_2024-06-12 04:32:09_
--------
*8eaa0028f1afe11098b06602480f4d25*
`登陆天数: 20天 / 658天
等级: 130
石头: 4071
呼符: 269
体力: 29.726666666666674 / 138
友情点: 0 / 452715`
_2024-06-12 04:32:16_
--------
*e0b160c3f257d7139d5362091ce127bf*
`登陆天数: 20天 / 658天
等级: 130
石头: 4061
呼符: 34
体力: 29.700000000000003 / 138
友情点: 0 / 452335`
_2024-06-12 04:32:24_
--------
*114757692565564d6902bae439efdcad*
`登陆天数: 20天 / 657天
等级: 130
石头: 4059
呼符: 194
体力: 29.673333333333332 / 138
友情点: 0 / 452645`
_2024-06-12 04:32:32_
--------
*7eaf856dadd4810511c5ac5259e1a992*
`登陆天数: 20天 / 658天
等级: 130
石头: 4082
呼符: 282
体力: 29.64333333333333 / 138
友情点: 0 / 453280`
_2024-06-12 04:32:40_
--------
*6492ddaff56fafe03fcb40ee34ca9c10*
`登陆天数: 20天 / 657天
等级: 130
石头: 4084
呼符: 327
体力: 29.620000000000005 / 138
友情点: 0 / 452860`
_2024-06-12 04:32:48_
--------
*5ff9e9fe7595099e68b8f8083394b486*
`登陆天数: 20天 / 658天
等级: 130
石头: 4064
呼符: 306
体力: 29.590000000000003 / 138
友情点: 0 / 451735`
_2024-06-12 04:32:55_
--------
*2b616c830037692771389c1728c423b9*
`登陆天数: 20天 / 658天
等级: 130
石头: 4049
呼符: 209
体力: 29.563333333333333 / 138
友情点: 0 / 453050`
_2024-06-12 04:33:03_
--------
*8fd7195f213261f6e7f481ea46e4b996*
`登陆天数: 20天 / 657天
等级: 130
石头: 4049
呼符: 332
体力: 29.53666666666666 / 138
友情点: 0 / 451950`
_2024-06-12 04:33:11_
--------
*3cf5d6a88bcef64c32d47e9e92f19fa9*
`登陆天数: 20天 / 657天
等级: 130
石头: 4060
呼符: 264
体力: 29.510000000000005 / 138
友情点: 0 / 452565`
_2024-06-12 04:33:18_
--------
*7d518c426b6ba735bdb98db5c8828a68*
`登陆天数: 20天 / 657天
等级: 130
石头: 4066
呼符: 125
体力: 29.486666666666665 / 138
友情点: 0 / 451525`
_2024-06-12 04:33:26_
--------
*2ca9155841a12c3c34a7f42bdffbf414*
`登陆天数: 20天 / 657天
等级: 130
石头: 4061
呼符: 232
体力: 29.456666666666663 / 138
友情点: 0 / 451970`
_2024-06-12 04:33:34_
--------
*0d07906de391ba1fa9051f3e7d95e124*
`登陆天数: 20天 / 657天
等级: 130
石头: 4059
呼符: 33
体力: 29.430000000000007 / 138
友情点: 0 / 454950`
_2024-06-12 04:33:41_
--------
*5edc27d34ce65f0d20a794b4f17c648a*
`登陆天数: 20天 / 657天
等级: 130
石头: 4078
呼符: 328
体力: 29.400000000000006 / 138
友情点: 0 / 452000`
_2024-06-12 04:33:49_
--------
*e8c85976369beb7214ac59b4c68c5700*
`登陆天数: 20天 / 657天
等级: 130
石头: 4034
呼符: 320
体力: 29.373333333333335 / 138
友情点: 0 / 451955`
_2024-06-12 04:33:57_
--------
*f1f179550799ce4094732eedd4fa3e75*
`登陆天数: 20天 / 658天
等级: 130
石头: 4079
呼符: 320
体力: 29.349999999999994 / 138
友情点: 0 / 452505`
_2024-06-12 04:34:04_
--------
*ccae2bde67c1d7de10a2a5d20bc8e63c*
`登陆天数: 20天 / 657天
等级: 130
石头: 4061
呼符: 172
体力: 29.316666666666663 / 138
友情点: 0 / 452260`
_2024-06-12 04:34:12_
--------
*2c05c7a6b84191415f5d7ecf78149600*
`登陆天数: 20天 / 658天
等级: 130
石头: 4083
呼符: 324
体力: 29.293333333333337 / 138
友情点: 0 / 452640`
_2024-06-12 04:34:20_
--------
*33d98a7bd2b1750c2393a2af4f1027f9*
`登陆天数: 20天 / 657天
等级: 130
石头: 4053
呼符: 328
体力: 29.266666666666666 / 138
友情点: 0 / 453785`
_2024-06-12 04:34:27_
--------
*6a0ad1a517099a6d355a4f012147d88d*
`登陆天数: 20天 / 657天
等级: 130
石头: 4087
呼符: 276
体力: 29.236666666666665 / 138
友情点: 0 / 451925`
_2024-06-12 04:34:35_
--------
*59d366611066645acbd6fb3adc638e66*
`登陆天数: 20天 / 657天
等级: 130
石头: 4064
呼符: 323
体力: 29.209999999999994 / 138
友情点: 0 / 452110`
_2024-06-12 04:34:43_
--------
*aaec1b15ae39ed4de2e713fe9dcbe03b*
`登陆天数: 20天 / 657天
等级: 130
石头: 4051
呼符: 241
体力: 29.186666666666667 / 138
友情点: 0 / 452530`
_2024-06-12 04:34:50_
--------
*9090e76d9455cd21515bd566d313f746*
`登陆天数: 16天 / 656天
等级: 130
石头: 4056
呼符: 33
体力: 29.156666666666666 / 138
友情点: 0 / 453960`
_2024-06-12 04:34:58_
--------
*04491f770e91bb230a350b051ac4c2e3*
`登陆天数: 16天 / 657天
等级: 130
石头: 4062
呼符: 247
体力: 29.129999999999995 / 138
友情点: 0 / 454020`
_2024-06-12 04:35:06_
--------
*6cd3e26d84dfb2fcf79ab1d198525431*
`登陆天数: 16天 / 656天
等级: 130
石头: 4057
呼符: 216
体力: 29.10333333333334 / 138
友情点: 0 / 454400`
_2024-06-12 04:35:14_
--------
*cc923ea5b45843ab4183ed2e5ea22ab3*
`登陆天数: 16天 / 657天
等级: 130
石头: 4052
呼符: 259
体力: 29.076666666666668 / 138
友情点: 0 / 455260`
_2024-06-12 04:35:21_
--------
*a1e587c74df1130695ccb1369acbce0f*
`登陆天数: 16天 / 657天
等级: 130
石头: 4075
呼符: 273
体力: 29.049999999999997 / 138
友情点: 0 / 454565`
_2024-06-12 04:35:29_
--------
*4b20916c18b4d1c388b6adeb7255bdd2*
`登陆天数: 16天 / 656天
等级: 130
石头: 4057
呼符: 289
体力: 29.023333333333326 / 138
友情点: 0 / 455835`
_2024-06-12 04:35:37_
--------
*a753eeed9c10b7acec26ab2b907174be*
`登陆天数: 16天 / 656天
等级: 130
石头: 4053
呼符: 182
体力: 28.99666666666667 / 138
友情点: 0 / 455070`
_2024-06-12 04:35:45_
--------
*b795660d1ebd788a2555c779f3de9ca7*
`登陆天数: 16天 / 656天
等级: 130
石头: 4036
呼符: 297
体力: 28.97 / 138
友情点: 0 / 456255`
_2024-06-12 04:35:53_
--------
*6378d40c662db17bf338299abda5ee87*
`登陆天数: 16天 / 656天
等级: 130
石头: 4051
呼符: 175
体力: 28.943333333333328 / 138
友情点: 0 / 454770`
_2024-06-12 04:36:01_
--------
*4a4bb41f0561c9b994810608b978990c*
`登陆天数: 16天 / 656天
等级: 130
石头: 4061
呼符: 332
体力: 28.91666666666667 / 138
友情点: 0 / 455705`
_2024-06-12 04:36:09_
--------
*cb0a51a99bc16181cd79fde46c12475b*
`登陆天数: 16天 / 657天
等级: 130
石头: 4061
呼符: 126
体力: 28.89 / 138
友情点: 0 / 454840`
_2024-06-12 04:36:17_
--------
*fcc1aba7570050368047d922f7aa8dfa*
`登陆天数: 16天 / 656天
等级: 130
石头: 4057
呼符: 256
体力: 28.86333333333333 / 138
友情点: 0 / 453675`
_2024-06-12 04:36:24_
--------
*8a442f49b33b7d244bee496d179204a9*
`登陆天数: 16天 / 657天
等级: 130
石头: 4076
呼符: 34
体力: 28.83333333333333 / 138
友情点: 0 / 455420`
_2024-06-12 04:36:32_
--------
*8c2ee9f5b328a0b524642905a8521286*
`登陆天数: 16天 / 656天
等级: 130
石头: 4074
呼符: 270
体力: 28.806666666666672 / 138
友情点: 0 / 454695`
_2024-06-12 04:36:39_
--------
*3001f740c575e39f54fe9c328c51b8e5*
`登陆天数: 16天 / 657天
等级: 130
石头: 4058
呼符: 34
体力: 28.78 / 138
友情点: 0 / 454795`
_2024-06-12 04:36:47_
--------
*8405cd7e3c92628f74a36236544f3473*
`登陆天数: 16天 / 656天
等级: 130
石头: 4061
呼符: 225
体力: 28.75333333333333 / 138
友情点: 0 / 454410`
_2024-06-12 04:36:55_
--------
*8d02598403e5aade2ddb3635d0eabe41*
`登陆天数: 16天 / 657天
等级: 130
石头: 4058
呼符: 212
体力: 28.726666666666674 / 138
友情点: 0 / 453820`
_2024-06-12 04:37:02_
--------
*d177bedc0516a467e47bc5bd285af10b*
`登陆天数: 16天 / 656天
等级: 130
石头: 4058
呼符: 318
体力: 28.700000000000003 / 138
友情点: 0 / 454385`
_2024-06-12 04:37:10_
--------
*525066aaecd9a946f7f49463acc532c0*
`登陆天数: 16天 / 656天
等级: 130
石头: 4027
呼符: 24
体力: 17621.726666666666 / 138
友情点: 0 / 467720`
_2024-06-12 04:37:19_
--------
