【登录信息】
*32f66d60569f4040d930610ec2d43273*
`登陆天数: 21天 / 658天
等级: 130
石头: 4065
呼符: 321
体力: 30.446666666666673 / 138
友情点: 0 / 446980`
_2024-06-13 04:32:08_
--------
*a6f1a8527c8646571e8aee9c1d53437d*
`登陆天数: 21天 / 658天
等级: 130
石头: 4059
呼符: 266
体力: 30.41666666666667 / 138
友情点: 0 / 446820`
_2024-06-13 04:32:16_
--------
*ecea268f15b09815179d0034f274b43f*
`登陆天数: 21天 / 658天
等级: 130
石头: 4044
呼符: 259
体力: 30.39 / 138
友情点: 0 / 445985`
_2024-06-13 04:32:23_
--------
*99374f167e1f7f52b42f26b623951329*
`登陆天数: 21天 / 659天
等级: 130
石头: 4063
呼符: 325
体力: 30.36333333333333 / 138
友情点: 0 / 447175`
_2024-06-13 04:32:31_
--------
*0ca36aac6a07bc34dfa37619d9a5e6dc*
`登陆天数: 21天 / 659天
等级: 130
石头: 4063
呼符: 334
体力: 30.33 / 138
友情点: 0 / 446805`
_2024-06-13 04:32:39_
--------
*5da5c1a3ce9813eda885d683fefad08e*
`登陆天数: 21天 / 659天
等级: 130
石头: 4055
呼符: 314
体力: 30.303333333333327 / 138
友情点: 0 / 448305`
_2024-06-13 04:32:47_
--------
*c2641f49fb84c75233189cedda53db7a*
`登陆天数: 21天 / 659天
等级: 130
石头: 4086
呼符: 177
体力: 30.27666666666667 / 138
友情点: 0 / 445890`
_2024-06-13 04:32:54_
--------
*fcdb98fe5ad234602d6e9ee75494453e*
`登陆天数: 21天 / 658天
等级: 130
石头: 4064
呼符: 324
体力: 30.24666666666667 / 138
友情点: 0 / 446470`
_2024-06-13 04:33:02_
--------
*ab4cb6fdd635cccd7057272446d400d7*
`登陆天数: 21天 / 658天
等级: 130
石头: 4075
呼符: 156
体力: 30.21666666666667 / 138
友情点: 0 / 447150`
_2024-06-13 04:33:11_
--------
*ac97258c3f2a29801a940a18b37e06c3*
`登陆天数: 21天 / 658天
等级: 130
石头: 4060
呼符: 144
体力: 30.189999999999998 / 138
友情点: 0 / 447905`
_2024-06-13 04:33:19_
--------
*8eaa0028f1afe11098b06602480f4d25*
`登陆天数: 21天 / 659天
等级: 130
石头: 4071
呼符: 270
体力: 30.159999999999997 / 138
友情点: 0 / 446715`
_2024-06-13 04:33:27_
--------
*e0b160c3f257d7139d5362091ce127bf*
`登陆天数: 21天 / 659天
等级: 130
石头: 4061
呼符: 35
体力: 30.13333333333334 / 138
友情点: 0 / 446335`
_2024-06-13 04:33:34_
--------
*114757692565564d6902bae439efdcad*
`登陆天数: 21天 / 658天
等级: 130
石头: 4059
呼符: 195
体力: 30.10333333333334 / 138
友情点: 0 / 446645`
_2024-06-13 04:33:42_
--------
*7eaf856dadd4810511c5ac5259e1a992*
`登陆天数: 21天 / 659天
等级: 130
石头: 4082
呼符: 283
体力: 30.069999999999993 / 138
友情点: 0 / 447280`
_2024-06-13 04:33:50_
--------
*6492ddaff56fafe03fcb40ee34ca9c10*
`登陆天数: 21天 / 658天
等级: 130
石头: 4084
呼符: 328
体力: 30.040000000000006 / 138
友情点: 0 / 446860`
_2024-06-13 04:33:58_
--------
*5ff9e9fe7595099e68b8f8083394b486*
`登陆天数: 21天 / 659天
等级: 130
石头: 4064
呼符: 307
体力: 30.010000000000005 / 138
友情点: 0 / 445735`
_2024-06-13 04:34:05_
--------
*2b616c830037692771389c1728c423b9*
`登陆天数: 21天 / 659天
等级: 130
石头: 4049
呼符: 210
体力: 29.980000000000004 / 138
友情点: 0 / 447050`
_2024-06-13 04:34:14_
--------
*8fd7195f213261f6e7f481ea46e4b996*
`登陆天数: 21天 / 658天
等级: 130
石头: 4049
呼符: 333
体力: 29.953333333333333 / 138
友情点: 0 / 445950`
_2024-06-13 04:34:21_
--------
*3cf5d6a88bcef64c32d47e9e92f19fa9*
`登陆天数: 21天 / 658天
等级: 130
石头: 4060
呼符: 265
体力: 29.923333333333332 / 138
友情点: 0 / 446565`
_2024-06-13 04:34:29_
--------
*7d518c426b6ba735bdb98db5c8828a68*
`登陆天数: 21天 / 658天
等级: 130
石头: 4066
呼符: 126
体力: 29.89 / 138
友情点: 0 / 445525`
_2024-06-13 04:34:37_
--------
*2ca9155841a12c3c34a7f42bdffbf414*
`登陆天数: 21天 / 658天
等级: 130
石头: 4061
呼符: 233
体力: 29.86 / 138
友情点: 0 / 445970`
_2024-06-13 04:34:45_
--------
*0d07906de391ba1fa9051f3e7d95e124*
`登陆天数: 21天 / 658天
等级: 130
石头: 4059
呼符: 34
体力: 29.83 / 138
友情点: 0 / 448950`
_2024-06-13 04:34:53_
--------
*5edc27d34ce65f0d20a794b4f17c648a*
`登陆天数: 21天 / 658天
等级: 130
石头: 4078
呼符: 329
体力: 29.803333333333327 / 138
友情点: 0 / 446000`
_2024-06-13 04:35:00_
--------
*e8c85976369beb7214ac59b4c68c5700*
`登陆天数: 21天 / 658天
等级: 130
石头: 4034
呼符: 321
体力: 29.77666666666667 / 138
友情点: 0 / 445955`
_2024-06-13 04:35:08_
--------
*f1f179550799ce4094732eedd4fa3e75*
`登陆天数: 21天 / 659天
等级: 130
石头: 4079
呼符: 321
体力: 29.74666666666667 / 138
友情点: 0 / 446505`
_2024-06-13 04:35:16_
--------
*ccae2bde67c1d7de10a2a5d20bc8e63c*
`登陆天数: 21天 / 658天
等级: 130
石头: 4061
呼符: 173
体力: 29.71666666666667 / 138
友情点: 0 / 446260`
_2024-06-13 04:35:24_
--------
*2c05c7a6b84191415f5d7ecf78149600*
`登陆天数: 21天 / 659天
等级: 130
石头: 4083
呼符: 325
体力: 29.689999999999998 / 138
友情点: 0 / 446640`
_2024-06-13 04:35:32_
--------
*33d98a7bd2b1750c2393a2af4f1027f9*
`登陆天数: 21天 / 658天
等级: 130
石头: 4053
呼符: 329
体力: 29.663333333333327 / 138
友情点: 0 / 447785`
_2024-06-13 04:35:40_
--------
*6a0ad1a517099a6d355a4f012147d88d*
`登陆天数: 21天 / 658天
等级: 130
石头: 4087
呼符: 277
体力: 29.63333333333334 / 138
友情点: 0 / 445925`
_2024-06-13 04:35:47_
--------
*59d366611066645acbd6fb3adc638e66*
`登陆天数: 21天 / 658天
等级: 130
石头: 4064
呼符: 324
体力: 29.60666666666667 / 138
友情点: 0 / 446110`
_2024-06-13 04:35:55_
--------
*aaec1b15ae39ed4de2e713fe9dcbe03b*
`登陆天数: 21天 / 658天
等级: 130
石头: 4051
呼符: 242
体力: 29.58 / 138
友情点: 0 / 446530`
_2024-06-13 04:36:03_
--------
*9090e76d9455cd21515bd566d313f746*
`登陆天数: 17天 / 657天
等级: 130
石头: 4056
呼符: 33
体力: 29.546666666666667 / 138
友情点: 0 / 447960`
_2024-06-13 04:36:11_
--------
*04491f770e91bb230a350b051ac4c2e3*
`登陆天数: 17天 / 658天
等级: 130
石头: 4062
呼符: 247
体力: 29.523333333333326 / 138
友情点: 0 / 448020`
_2024-06-13 04:36:19_
--------
*6cd3e26d84dfb2fcf79ab1d198525431*
`登陆天数: 17天 / 657天
等级: 130
石头: 4057
呼符: 216
体力: 29.49333333333334 / 138
友情点: 0 / 448400`
_2024-06-13 04:36:27_
--------
*cc923ea5b45843ab4183ed2e5ea22ab3*
`登陆天数: 17天 / 658天
等级: 130
石头: 4052
呼符: 259
体力: 29.46666666666667 / 138
友情点: 0 / 449260`
_2024-06-13 04:36:34_
--------
*a1e587c74df1130695ccb1369acbce0f*
`登陆天数: 17天 / 658天
等级: 130
石头: 4075
呼符: 273
体力: 29.436666666666667 / 138
友情点: 0 / 448565`
_2024-06-13 04:36:42_
--------
*4b20916c18b4d1c388b6adeb7255bdd2*
`登陆天数: 17天 / 657天
等级: 130
石头: 4057
呼符: 289
体力: 29.406666666666666 / 138
友情点: 0 / 449835`
_2024-06-13 04:36:50_
--------
*a753eeed9c10b7acec26ab2b907174be*
`登陆天数: 17天 / 657天
等级: 130
石头: 4053
呼符: 182
体力: 29.376666666666665 / 138
友情点: 0 / 449070`
_2024-06-13 04:36:58_
--------
*b795660d1ebd788a2555c779f3de9ca7*
`登陆天数: 17天 / 657天
等级: 130
石头: 4036
呼符: 297
体力: 29.349999999999994 / 138
友情点: 0 / 450255`
_2024-06-13 04:37:05_
--------
*6378d40c662db17bf338299abda5ee87*
`登陆天数: 17天 / 657天
等级: 130
石头: 4051
呼符: 175
体力: 29.319999999999993 / 138
友情点: 0 / 448770`
_2024-06-13 04:37:13_
--------
*4a4bb41f0561c9b994810608b978990c*
`登陆天数: 17天 / 657天
等级: 130
石头: 4061
呼符: 332
体力: 29.290000000000006 / 138
友情点: 0 / 449705`
_2024-06-13 04:37:21_
--------
*cb0a51a99bc16181cd79fde46c12475b*
`登陆天数: 17天 / 658天
等级: 130
石头: 4061
呼符: 126
体力: 29.263333333333335 / 138
友情点: 0 / 448840`
_2024-06-13 04:37:29_
--------
*fcc1aba7570050368047d922f7aa8dfa*
`登陆天数: 17天 / 657天
等级: 130
石头: 4057
呼符: 256
体力: 29.233333333333334 / 138
友情点: 0 / 447675`
_2024-06-13 04:37:37_
--------
*8a442f49b33b7d244bee496d179204a9*
`登陆天数: 17天 / 658天
等级: 130
石头: 4076
呼符: 34
体力: 29.206666666666663 / 138
友情点: 0 / 449420`
_2024-06-13 04:37:45_
--------
*8c2ee9f5b328a0b524642905a8521286*
`登陆天数: 17天 / 657天
等级: 130
石头: 4074
呼符: 270
体力: 29.176666666666662 / 138
友情点: 0 / 448695`
_2024-06-13 04:37:53_
--------
*3001f740c575e39f54fe9c328c51b8e5*
`登陆天数: 17天 / 658天
等级: 130
石头: 4058
呼符: 34
体力: 29.14666666666666 / 138
友情点: 0 / 448795`
_2024-06-13 04:38:01_
--------
*8405cd7e3c92628f74a36236544f3473*
`登陆天数: 17天 / 657天
等级: 130
石头: 4061
呼符: 225
体力: 29.11666666666666 / 138
友情点: 0 / 448410`
_2024-06-13 04:38:08_
--------
*8d02598403e5aade2ddb3635d0eabe41*
`登陆天数: 17天 / 658天
等级: 130
石头: 4058
呼符: 212
体力: 29.086666666666673 / 138
友情点: 0 / 447820`
_2024-06-13 04:38:16_
--------
*d177bedc0516a467e47bc5bd285af10b*
`登陆天数: 17天 / 657天
等级: 130
石头: 4058
呼符: 318
体力: 29.056666666666672 / 138
友情点: 0 / 448385`
_2024-06-13 04:38:24_
--------
*525066aaecd9a946f7f49463acc532c0*
`登陆天数: 17天 / 657天
等级: 130
石头: 4027
呼符: 24
体力: 17909.97 / 138
友情点: 0 / 467720`
_2024-06-13 04:38:32_
--------
