【登录信息】
*32f66d60569f4040d930610ec2d43273*
`登陆天数: 23天 / 660天
等级: 130
石头: 4066
呼符: 321
体力: 31.10333333333334 / 138
友情点: 0 / 436980`
_2024-06-15 04:34:47_
--------
*a6f1a8527c8646571e8aee9c1d53437d*
`登陆天数: 23天 / 660天
等级: 130
石头: 4060
呼符: 266
体力: 31.076666666666668 / 138
友情点: 0 / 436820`
_2024-06-15 04:34:55_
--------
*ecea268f15b09815179d0034f274b43f*
`登陆天数: 23天 / 660天
等级: 130
石头: 4045
呼符: 259
体力: 31.053333333333327 / 138
友情点: 0 / 435985`
_2024-06-15 04:35:03_
--------
*99374f167e1f7f52b42f26b623951329*
`登陆天数: 23天 / 661天
等级: 130
石头: 4064
呼符: 325
体力: 31.02666666666667 / 138
友情点: 0 / 437175`
_2024-06-15 04:35:11_
--------
*0ca36aac6a07bc34dfa37619d9a5e6dc*
`登陆天数: 23天 / 661天
等级: 130
石头: 4064
呼符: 334
体力: 31.0 / 138
友情点: 0 / 436805`
_2024-06-15 04:35:19_
--------
*5da5c1a3ce9813eda885d683fefad08e*
`登陆天数: 23天 / 661天
等级: 130
石头: 4056
呼符: 314
体力: 30.97333333333333 / 138
友情点: 0 / 438305`
_2024-06-15 04:35:27_
--------
*c2641f49fb84c75233189cedda53db7a*
`登陆天数: 23天 / 661天
等级: 130
石头: 4087
呼符: 177
体力: 30.946666666666673 / 138
友情点: 0 / 435890`
_2024-06-15 04:35:35_
--------
*fcdb98fe5ad234602d6e9ee75494453e*
`登陆天数: 23天 / 660天
等级: 130
石头: 4065
呼符: 324
体力: 30.92 / 138
友情点: 0 / 436470`
_2024-06-15 04:35:44_
--------
*ab4cb6fdd635cccd7057272446d400d7*
`登陆天数: 23天 / 660天
等级: 130
石头: 4076
呼符: 156
体力: 30.89333333333333 / 138
友情点: 0 / 437150`
_2024-06-15 04:35:52_
--------
*ac97258c3f2a29801a940a18b37e06c3*
`登陆天数: 23天 / 660天
等级: 130
石头: 4061
呼符: 144
体力: 30.870000000000005 / 138
友情点: 0 / 437905`
_2024-06-15 04:36:00_
--------
*8eaa0028f1afe11098b06602480f4d25*
`登陆天数: 23天 / 661天
等级: 130
石头: 4072
呼符: 270
体力: 30.846666666666664 / 138
友情点: 0 / 436715`
_2024-06-15 04:36:08_
--------
*e0b160c3f257d7139d5362091ce127bf*
`登陆天数: 23天 / 661天
等级: 130
石头: 4062
呼符: 35
体力: 30.819999999999993 / 138
友情点: 0 / 436335`
_2024-06-15 04:36:16_
--------
*114757692565564d6902bae439efdcad*
`登陆天数: 23天 / 660天
等级: 130
石头: 4060
呼符: 195
体力: 30.790000000000006 / 138
友情点: 0 / 436645`
_2024-06-15 04:36:24_
--------
*7eaf856dadd4810511c5ac5259e1a992*
`登陆天数: 23天 / 661天
等级: 130
石头: 4083
呼符: 283
体力: 30.766666666666666 / 138
友情点: 0 / 437280`
_2024-06-15 04:36:32_
--------
*6492ddaff56fafe03fcb40ee34ca9c10*
`登陆天数: 23天 / 660天
等级: 130
石头: 4085
呼符: 328
体力: 30.739999999999995 / 138
友情点: 0 / 436860`
_2024-06-15 04:36:40_
--------
*5ff9e9fe7595099e68b8f8083394b486*
`登陆天数: 23天 / 661天
等级: 130
石头: 4065
呼符: 307
体力: 30.71333333333334 / 138
友情点: 0 / 435735`
_2024-06-15 04:36:49_
--------
*2b616c830037692771389c1728c423b9*
`登陆天数: 23天 / 661天
等级: 130
石头: 4050
呼符: 210
体力: 30.686666666666667 / 138
友情点: 0 / 437050`
_2024-06-15 04:36:57_
--------
*8fd7195f213261f6e7f481ea46e4b996*
`登陆天数: 23天 / 660天
等级: 130
石头: 4050
呼符: 333
体力: 30.659999999999997 / 138
友情点: 0 / 435950`
_2024-06-15 04:37:05_
--------
*3cf5d6a88bcef64c32d47e9e92f19fa9*
`登陆天数: 23天 / 660天
等级: 130
石头: 4061
呼符: 265
体力: 30.63666666666667 / 138
友情点: 0 / 436565`
_2024-06-15 04:37:13_
--------
*7d518c426b6ba735bdb98db5c8828a68*
`登陆天数: 23天 / 660天
等级: 130
石头: 4067
呼符: 126
体力: 30.61 / 138
友情点: 0 / 435525`
_2024-06-15 04:37:21_
--------
*2ca9155841a12c3c34a7f42bdffbf414*
`登陆天数: 23天 / 660天
等级: 130
石头: 4062
呼符: 233
体力: 30.58333333333333 / 138
友情点: 0 / 435970`
_2024-06-15 04:37:29_
--------
*0d07906de391ba1fa9051f3e7d95e124*
`登陆天数: 23天 / 660天
等级: 130
石头: 4060
呼符: 34
体力: 30.560000000000002 / 138
友情点: 0 / 438950`
_2024-06-15 04:37:37_
--------
*5edc27d34ce65f0d20a794b4f17c648a*
`登陆天数: 23天 / 660天
等级: 130
石头: 4079
呼符: 329
体力: 30.53666666666666 / 138
友情点: 0 / 436000`
_2024-06-15 04:37:45_
--------
*e8c85976369beb7214ac59b4c68c5700*
`登陆天数: 23天 / 660天
等级: 130
石头: 4035
呼符: 321
体力: 30.510000000000005 / 138
友情点: 0 / 435955`
_2024-06-15 04:37:53_
--------
*f1f179550799ce4094732eedd4fa3e75*
`登陆天数: 23天 / 661天
等级: 130
石头: 4080
呼符: 321
体力: 30.483333333333334 / 138
友情点: 0 / 436505`
_2024-06-15 04:38:01_
--------
*ccae2bde67c1d7de10a2a5d20bc8e63c*
`登陆天数: 23天 / 660天
等级: 130
石头: 4062
呼符: 173
体力: 30.456666666666663 / 138
友情点: 0 / 436260`
_2024-06-15 04:38:09_
--------
*2c05c7a6b84191415f5d7ecf78149600*
`登陆天数: 23天 / 661天
等级: 130
石头: 4084
呼符: 325
体力: 30.430000000000007 / 138
友情点: 0 / 436640`
_2024-06-15 04:38:17_
--------
*33d98a7bd2b1750c2393a2af4f1027f9*
`登陆天数: 23天 / 660天
等级: 130
石头: 4054
呼符: 329
体力: 30.406666666666666 / 138
友情点: 0 / 437785`
_2024-06-15 04:38:25_
--------
*6a0ad1a517099a6d355a4f012147d88d*
`登陆天数: 23天 / 660天
等级: 130
石头: 4088
呼符: 277
体力: 30.379999999999995 / 138
友情点: 0 / 435925`
_2024-06-15 04:38:33_
--------
*59d366611066645acbd6fb3adc638e66*
`登陆天数: 23天 / 660天
等级: 130
石头: 4065
呼符: 324
体力: 30.349999999999994 / 138
友情点: 0 / 436110`
_2024-06-15 04:38:41_
--------
*aaec1b15ae39ed4de2e713fe9dcbe03b*
`登陆天数: 23天 / 660天
等级: 130
石头: 4052
呼符: 242
体力: 30.323333333333338 / 138
友情点: 0 / 436530`
_2024-06-15 04:38:49_
--------
*9090e76d9455cd21515bd566d313f746*
`登陆天数: 19天 / 659天
等级: 130
石头: 4057
呼符: 33
体力: 30.299999999999997 / 138
友情点: 0 / 435960`
_2024-06-15 04:38:57_
--------
*04491f770e91bb230a350b051ac4c2e3*
`登陆天数: 19天 / 660天
等级: 130
石头: 4063
呼符: 247
体力: 30.273333333333326 / 138
友情点: 0 / 436020`
_2024-06-15 04:39:05_
--------
*6cd3e26d84dfb2fcf79ab1d198525431*
`登陆天数: 19天 / 659天
等级: 130
石头: 4058
呼符: 216
体力: 30.24666666666667 / 138
友情点: 0 / 436400`
_2024-06-15 04:39:13_
--------
*cc923ea5b45843ab4183ed2e5ea22ab3*
`登陆天数: 19天 / 660天
等级: 130
石头: 4053
呼符: 259
体力: 30.22 / 138
友情点: 0 / 437260`
_2024-06-15 04:39:21_
--------
*a1e587c74df1130695ccb1369acbce0f*
`登陆天数: 19天 / 660天
等级: 130
石头: 4076
呼符: 273
体力: 30.196666666666673 / 138
友情点: 0 / 436565`
_2024-06-15 04:39:29_
--------
*4b20916c18b4d1c388b6adeb7255bdd2*
`登陆天数: 19天 / 659天
等级: 130
石头: 4058
呼符: 289
体力: 30.17 / 138
友情点: 0 / 437835`
_2024-06-15 04:39:37_
--------
*a753eeed9c10b7acec26ab2b907174be*
`登陆天数: 19天 / 659天
等级: 130
石头: 4054
呼符: 182
体力: 30.14333333333333 / 138
友情点: 0 / 437070`
_2024-06-15 04:39:45_
--------
*b795660d1ebd788a2555c779f3de9ca7*
`登陆天数: 19天 / 659天
等级: 130
石头: 4037
呼符: 297
体力: 30.11666666666666 / 138
友情点: 0 / 438255`
_2024-06-15 04:39:54_
--------
*6378d40c662db17bf338299abda5ee87*
`登陆天数: 19天 / 659天
等级: 130
石头: 4052
呼符: 175
体力: 30.093333333333334 / 138
友情点: 0 / 436770`
_2024-06-15 04:40:02_
--------
*4a4bb41f0561c9b994810608b978990c*
`登陆天数: 19天 / 659天
等级: 130
石头: 4062
呼符: 332
体力: 30.066666666666663 / 138
友情点: 0 / 437705`
_2024-06-15 04:40:10_
--------
*cb0a51a99bc16181cd79fde46c12475b*
`登陆天数: 19天 / 660天
等级: 130
石头: 4062
呼符: 126
体力: 30.040000000000006 / 138
友情点: 0 / 436840`
_2024-06-15 04:40:18_
--------
*fcc1aba7570050368047d922f7aa8dfa*
`登陆天数: 19天 / 659天
等级: 130
石头: 4058
呼符: 256
体力: 30.016666666666666 / 138
友情点: 0 / 435675`
_2024-06-15 04:40:26_
--------
*8a442f49b33b7d244bee496d179204a9*
`登陆天数: 19天 / 660天
等级: 130
石头: 4077
呼符: 34
体力: 29.989999999999995 / 138
友情点: 0 / 437420`
_2024-06-15 04:40:34_
--------
*8c2ee9f5b328a0b524642905a8521286*
`登陆天数: 19天 / 659天
等级: 130
石头: 4075
呼符: 270
体力: 29.96333333333334 / 138
友情点: 0 / 436695`
_2024-06-15 04:40:42_
--------
*3001f740c575e39f54fe9c328c51b8e5*
`登陆天数: 19天 / 660天
等级: 130
石头: 4059
呼符: 34
体力: 29.936666666666667 / 138
友情点: 0 / 436795`
_2024-06-15 04:40:50_
--------
*8405cd7e3c92628f74a36236544f3473*
`登陆天数: 19天 / 659天
等级: 130
石头: 4062
呼符: 225
体力: 29.913333333333327 / 138
友情点: 0 / 436410`
_2024-06-15 04:40:58_
--------
*8d02598403e5aade2ddb3635d0eabe41*
`登陆天数: 19天 / 660天
等级: 130
石头: 4059
呼符: 212
体力: 29.88666666666667 / 138
友情点: 0 / 435820`
_2024-06-15 04:41:07_
--------
*d177bedc0516a467e47bc5bd285af10b*
`登陆天数: 19天 / 659天
等级: 130
石头: 4059
呼符: 318
体力: 29.86333333333333 / 138
友情点: 0 / 436385`
_2024-06-15 04:41:15_
--------
*525066aaecd9a946f7f49463acc532c0*
`登陆天数: 19天 / 659天
等级: 130
石头: 4027
呼符: 24
体力: 18486.543333333335 / 138
友情点: 0 / 467720`
_2024-06-15 04:41:23_
--------
