【登录信息】
*32f66d60569f4040d930610ec2d43273*
`登陆天数: 24天 / 661天
等级: 130
石头: 4066
呼符: 321
体力: 30.03333333333333 / 138
友情点: 0 / 430980`
_2024-06-16 04:30:05_
--------
*a6f1a8527c8646571e8aee9c1d53437d*
`登陆天数: 24天 / 661天
等级: 130
石头: 4060
呼符: 266
体力: 30.00666666666666 / 138
友情点: 0 / 430820`
_2024-06-16 04:30:13_
--------
*ecea268f15b09815179d0034f274b43f*
`登陆天数: 24天 / 661天
等级: 130
石头: 4045
呼符: 259
体力: 29.976666666666674 / 138
友情点: 0 / 429985`
_2024-06-16 04:30:21_
--------
*99374f167e1f7f52b42f26b623951329*
`登陆天数: 24天 / 662天
等级: 130
石头: 4064
呼符: 325
体力: 29.953333333333333 / 138
友情点: 0 / 431175`
_2024-06-16 04:30:28_
--------
*0ca36aac6a07bc34dfa37619d9a5e6dc*
`登陆天数: 24天 / 662天
等级: 130
石头: 4064
呼符: 334
体力: 29.92 / 138
友情点: 0 / 430805`
_2024-06-16 04:30:36_
--------
*5da5c1a3ce9813eda885d683fefad08e*
`登陆天数: 24天 / 662天
等级: 130
石头: 4056
呼符: 314
体力: 29.900000000000006 / 138
友情点: 0 / 432305`
_2024-06-16 04:30:45_
--------
*c2641f49fb84c75233189cedda53db7a*
`登陆天数: 24天 / 662天
等级: 130
石头: 4087
呼符: 177
体力: 29.873333333333335 / 138
友情点: 0 / 429890`
_2024-06-16 04:30:53_
--------
*fcdb98fe5ad234602d6e9ee75494453e*
`登陆天数: 24天 / 661天
等级: 130
石头: 4065
呼符: 324
体力: 29.849999999999994 / 138
友情点: 0 / 430470`
_2024-06-16 04:31:02_
--------
*ab4cb6fdd635cccd7057272446d400d7*
`登陆天数: 24天 / 661天
等级: 130
石头: 4076
呼符: 156
体力: 29.823333333333338 / 138
友情点: 0 / 431150`
_2024-06-16 04:31:10_
--------
*ac97258c3f2a29801a940a18b37e06c3*
`登陆天数: 24天 / 661天
等级: 130
石头: 4061
呼符: 144
体力: 29.796666666666667 / 138
友情点: 0 / 431905`
_2024-06-16 04:31:19_
--------
*8eaa0028f1afe11098b06602480f4d25*
`登陆天数: 24天 / 662天
等级: 130
石头: 4072
呼符: 270
体力: 29.769999999999996 / 138
友情点: 0 / 430715`
_2024-06-16 04:31:27_
--------
*e0b160c3f257d7139d5362091ce127bf*
`登陆天数: 24天 / 662天
等级: 130
石头: 4062
呼符: 35
体力: 29.74333333333334 / 138
友情点: 0 / 430335`
_2024-06-16 04:31:35_
--------
*114757692565564d6902bae439efdcad*
`登陆天数: 24天 / 661天
等级: 130
石头: 4060
呼符: 195
体力: 29.72 / 138
友情点: 0 / 430645`
_2024-06-16 04:31:43_
--------
*7eaf856dadd4810511c5ac5259e1a992*
`登陆天数: 24天 / 662天
等级: 130
石头: 4083
呼符: 283
体力: 29.693333333333328 / 138
友情点: 0 / 431280`
_2024-06-16 04:31:51_
--------
*6492ddaff56fafe03fcb40ee34ca9c10*
`登陆天数: 24天 / 661天
等级: 130
石头: 4085
呼符: 328
体力: 29.66666666666667 / 138
友情点: 0 / 430860`
_2024-06-16 04:31:59_
--------
*5ff9e9fe7595099e68b8f8083394b486*
`登陆天数: 24天 / 662天
等级: 130
石头: 4065
呼符: 307
体力: 29.64 / 138
友情点: 0 / 429735`
_2024-06-16 04:32:07_
--------
*2b616c830037692771389c1728c423b9*
`登陆天数: 24天 / 662天
等级: 130
石头: 4050
呼符: 210
体力: 29.61333333333333 / 138
友情点: 0 / 431050`
_2024-06-16 04:32:15_
--------
*8fd7195f213261f6e7f481ea46e4b996*
`登陆天数: 24天 / 661天
等级: 130
石头: 4050
呼符: 333
体力: 29.586666666666673 / 138
友情点: 0 / 429950`
_2024-06-16 04:32:23_
--------
*3cf5d6a88bcef64c32d47e9e92f19fa9*
`登陆天数: 24天 / 661天
等级: 130
石头: 4061
呼符: 265
体力: 29.560000000000002 / 138
友情点: 0 / 430565`
_2024-06-16 04:32:31_
--------
*7d518c426b6ba735bdb98db5c8828a68*
`登陆天数: 24天 / 661天
等级: 130
石头: 4067
呼符: 126
体力: 29.53333333333333 / 138
友情点: 0 / 429525`
_2024-06-16 04:32:39_
--------
*2ca9155841a12c3c34a7f42bdffbf414*
`登陆天数: 24天 / 661天
等级: 130
石头: 4062
呼符: 233
体力: 29.50666666666666 / 138
友情点: 0 / 429970`
_2024-06-16 04:32:48_
--------
*0d07906de391ba1fa9051f3e7d95e124*
`登陆天数: 24天 / 661天
等级: 130
石头: 4060
呼符: 34
体力: 29.480000000000004 / 138
友情点: 0 / 432950`
_2024-06-16 04:32:55_
--------
*5edc27d34ce65f0d20a794b4f17c648a*
`登陆天数: 24天 / 661天
等级: 130
石头: 4079
呼符: 329
体力: 29.453333333333333 / 138
友情点: 0 / 430000`
_2024-06-16 04:33:03_
--------
*e8c85976369beb7214ac59b4c68c5700*
`登陆天数: 24天 / 661天
等级: 130
石头: 4035
呼符: 321
体力: 29.426666666666662 / 138
友情点: 0 / 429955`
_2024-06-16 04:33:12_
--------
*f1f179550799ce4094732eedd4fa3e75*
`登陆天数: 24天 / 662天
等级: 130
石头: 4080
呼符: 321
体力: 29.400000000000006 / 138
友情点: 0 / 430505`
_2024-06-16 04:33:20_
--------
*ccae2bde67c1d7de10a2a5d20bc8e63c*
`登陆天数: 24天 / 661天
等级: 130
石头: 4062
呼符: 173
体力: 29.379999999999995 / 138
友情点: 0 / 430260`
_2024-06-16 04:33:28_
--------
*2c05c7a6b84191415f5d7ecf78149600*
`登陆天数: 24天 / 662天
等级: 130
石头: 4084
呼符: 325
体力: 29.35333333333334 / 138
友情点: 0 / 430640`
_2024-06-16 04:33:36_
--------
*33d98a7bd2b1750c2393a2af4f1027f9*
`登陆天数: 24天 / 661天
等级: 130
石头: 4054
呼符: 329
体力: 29.326666666666668 / 138
友情点: 0 / 431785`
_2024-06-16 04:33:44_
--------
*6a0ad1a517099a6d355a4f012147d88d*
`登陆天数: 24天 / 661天
等级: 130
石头: 4088
呼符: 277
体力: 29.299999999999997 / 138
友情点: 0 / 429925`
_2024-06-16 04:33:52_
--------
*59d366611066645acbd6fb3adc638e66*
`登陆天数: 24天 / 661天
等级: 130
石头: 4065
呼符: 324
体力: 29.27666666666667 / 138
友情点: 0 / 430110`
_2024-06-16 04:34:00_
--------
*aaec1b15ae39ed4de2e713fe9dcbe03b*
`登陆天数: 24天 / 661天
等级: 130
石头: 4052
呼符: 242
体力: 29.25 / 138
友情点: 0 / 430530`
_2024-06-16 04:34:08_
--------
*9090e76d9455cd21515bd566d313f746*
`登陆天数: 20天 / 660天
等级: 130
石头: 4059
呼符: 33
体力: 29.22333333333333 / 138
友情点: 0 / 429960`
_2024-06-16 04:34:16_
--------
*04491f770e91bb230a350b051ac4c2e3*
`登陆天数: 20天 / 661天
等级: 130
石头: 4065
呼符: 247
体力: 29.196666666666673 / 138
友情点: 0 / 430020`
_2024-06-16 04:34:25_
--------
*6cd3e26d84dfb2fcf79ab1d198525431*
`登陆天数: 20天 / 660天
等级: 130
石头: 4060
呼符: 216
体力: 29.17 / 138
友情点: 0 / 432400`
_2024-06-16 04:34:33_
--------
*cc923ea5b45843ab4183ed2e5ea22ab3*
`登陆天数: 20天 / 661天
等级: 130
石头: 4055
呼符: 259
体力: 29.14333333333333 / 138
友情点: 0 / 431260`
_2024-06-16 04:34:40_
--------
*a1e587c74df1130695ccb1369acbce0f*
`登陆天数: 20天 / 661天
等级: 130
石头: 4078
呼符: 273
体力: 29.11666666666666 / 138
友情点: 0 / 430565`
_2024-06-16 04:34:48_
--------
*4b20916c18b4d1c388b6adeb7255bdd2*
`登陆天数: 20天 / 660天
等级: 130
石头: 4060
呼符: 289
体力: 29.090000000000003 / 138
友情点: 0 / 431835`
_2024-06-16 04:34:56_
--------
*a753eeed9c10b7acec26ab2b907174be*
`登陆天数: 20天 / 660天
等级: 130
石头: 4056
呼符: 182
体力: 29.063333333333333 / 138
友情点: 0 / 431070`
_2024-06-16 04:35:04_
--------
*b795660d1ebd788a2555c779f3de9ca7*
`登陆天数: 20天 / 660天
等级: 130
石头: 4039
呼符: 297
体力: 29.03666666666666 / 138
友情点: 0 / 432255`
_2024-06-16 04:35:12_
--------
*6378d40c662db17bf338299abda5ee87*
`登陆天数: 20天 / 660天
等级: 130
石头: 4054
呼符: 175
体力: 29.010000000000005 / 138
友情点: 0 / 430770`
_2024-06-16 04:35:21_
--------
*4a4bb41f0561c9b994810608b978990c*
`登陆天数: 20天 / 660天
等级: 130
石头: 4064
呼符: 332
体力: 28.986666666666665 / 138
友情点: 0 / 431705`
_2024-06-16 04:35:29_
--------
*cb0a51a99bc16181cd79fde46c12475b*
`登陆天数: 20天 / 661天
等级: 130
石头: 4064
呼符: 126
体力: 28.959999999999994 / 138
友情点: 0 / 430840`
_2024-06-16 04:35:37_
--------
*fcc1aba7570050368047d922f7aa8dfa*
`登陆天数: 20天 / 660天
等级: 130
石头: 4060
呼符: 256
体力: 28.933333333333337 / 138
友情点: 0 / 429675`
_2024-06-16 04:35:45_
--------
*8a442f49b33b7d244bee496d179204a9*
`登陆天数: 20天 / 661天
等级: 130
石头: 4079
呼符: 34
体力: 28.909999999999997 / 138
友情点: 0 / 431420`
_2024-06-16 04:35:53_
--------
*8c2ee9f5b328a0b524642905a8521286*
`登陆天数: 20天 / 660天
等级: 130
石头: 4077
呼符: 270
体力: 28.879999999999995 / 138
友情点: 0 / 430695`
_2024-06-16 04:36:01_
--------
*3001f740c575e39f54fe9c328c51b8e5*
`登陆天数: 20天 / 661天
等级: 130
石头: 4061
呼符: 34
体力: 28.85333333333334 / 138
友情点: 0 / 430795`
_2024-06-16 04:36:09_
--------
*8405cd7e3c92628f74a36236544f3473*
`登陆天数: 20天 / 660天
等级: 130
石头: 4064
呼符: 225
体力: 28.83 / 138
友情点: 0 / 430410`
_2024-06-16 04:36:17_
--------
*8d02598403e5aade2ddb3635d0eabe41*
`登陆天数: 20天 / 661天
等级: 130
石头: 4061
呼符: 212
体力: 28.806666666666672 / 138
友情点: 0 / 429820`
_2024-06-16 04:36:25_
--------
*d177bedc0516a467e47bc5bd285af10b*
`登陆天数: 20天 / 660天
等级: 130
石头: 4061
呼符: 318
体力: 28.77666666666667 / 138
友情点: 0 / 430385`
_2024-06-16 04:36:33_
--------
*525066aaecd9a946f7f49463acc532c0*
`登陆天数: 20天 / 660天
等级: 130
石头: 4027
呼符: 24
体力: 18773.603333333333 / 138
友情点: 0 / 467720`
_2024-06-16 04:36:41_
--------
