【登录信息】
*32f66d60569f4040d930610ec2d43273*
`登陆天数: 25天 / 662天
等级: 130
石头: 4067
呼符: 321
体力: 30.450000000000003 / 138
友情点: 0 / 424980`
_2024-06-17 04:33:54_
--------
*a6f1a8527c8646571e8aee9c1d53437d*
`登陆天数: 25天 / 662天
等级: 130
石头: 4061
呼符: 266
体力: 30.41666666666667 / 138
友情点: 0 / 424820`
_2024-06-17 04:34:02_
--------
*ecea268f15b09815179d0034f274b43f*
`登陆天数: 25天 / 662天
等级: 130
石头: 4046
呼符: 259
体力: 30.38333333333334 / 138
友情点: 0 / 423985`
_2024-06-17 04:34:10_
--------
*99374f167e1f7f52b42f26b623951329*
`登陆天数: 25天 / 663天
等级: 130
石头: 4065
呼符: 325
体力: 30.35666666666667 / 138
友情点: 0 / 425175`
_2024-06-17 04:34:18_
--------
*0ca36aac6a07bc34dfa37619d9a5e6dc*
`登陆天数: 25天 / 663天
等级: 130
石头: 4065
呼符: 334
体力: 30.326666666666668 / 138
友情点: 0 / 424805`
_2024-06-17 04:34:25_
--------
*5da5c1a3ce9813eda885d683fefad08e*
`登陆天数: 25天 / 663天
等级: 130
石头: 4057
呼符: 314
体力: 30.293333333333337 / 138
友情点: 0 / 426305`
_2024-06-17 04:34:33_
--------
*c2641f49fb84c75233189cedda53db7a*
`登陆天数: 25天 / 663天
等级: 130
石头: 4088
呼符: 177
体力: 30.260000000000005 / 138
友情点: 0 / 423890`
_2024-06-17 04:34:41_
--------
*fcdb98fe5ad234602d6e9ee75494453e*
`登陆天数: 25天 / 662天
等级: 130
石头: 4066
呼符: 324
体力: 30.233333333333334 / 138
友情点: 0 / 424470`
_2024-06-17 04:34:48_
--------
*ab4cb6fdd635cccd7057272446d400d7*
`登陆天数: 25天 / 662天
等级: 130
石头: 4077
呼符: 156
体力: 30.200000000000003 / 138
友情点: 0 / 425150`
_2024-06-17 04:34:56_
--------
*ac97258c3f2a29801a940a18b37e06c3*
`登陆天数: 25天 / 662天
等级: 130
石头: 4062
呼符: 144
体力: 30.17 / 138
友情点: 0 / 425905`
_2024-06-17 04:35:04_
--------
*8eaa0028f1afe11098b06602480f4d25*
`登陆天数: 25天 / 663天
等级: 130
石头: 4073
呼符: 270
体力: 30.13666666666667 / 138
友情点: 0 / 424715`
_2024-06-17 04:35:12_
--------
*e0b160c3f257d7139d5362091ce127bf*
`登陆天数: 25天 / 663天
等级: 130
石头: 4063
呼符: 35
体力: 30.10333333333334 / 138
友情点: 0 / 424335`
_2024-06-17 04:35:20_
--------
*114757692565564d6902bae439efdcad*
`登陆天数: 25天 / 662天
等级: 130
石头: 4061
呼符: 195
体力: 30.073333333333338 / 138
友情点: 0 / 424645`
_2024-06-17 04:35:28_
--------
*7eaf856dadd4810511c5ac5259e1a992*
`登陆天数: 25天 / 663天
等级: 130
石头: 4084
呼符: 283
体力: 30.043333333333337 / 138
友情点: 0 / 425280`
_2024-06-17 04:35:36_
--------
*6492ddaff56fafe03fcb40ee34ca9c10*
`登陆天数: 25天 / 662天
等级: 130
石头: 4086
呼符: 328
体力: 30.013333333333335 / 138
友情点: 0 / 424860`
_2024-06-17 04:35:43_
--------
*5ff9e9fe7595099e68b8f8083394b486*
`登陆天数: 25天 / 663天
等级: 130
石头: 4066
呼符: 307
体力: 29.980000000000004 / 138
友情点: 0 / 423735`
_2024-06-17 04:35:51_
--------
*2b616c830037692771389c1728c423b9*
`登陆天数: 25天 / 663天
等级: 130
石头: 4051
呼符: 210
体力: 29.946666666666673 / 138
友情点: 0 / 425050`
_2024-06-17 04:35:59_
--------
*8fd7195f213261f6e7f481ea46e4b996*
`登陆天数: 25天 / 662天
等级: 130
石头: 4051
呼符: 333
体力: 29.91666666666667 / 138
友情点: 0 / 423950`
_2024-06-17 04:36:07_
--------
*3cf5d6a88bcef64c32d47e9e92f19fa9*
`登陆天数: 25天 / 662天
等级: 130
石头: 4062
呼符: 265
体力: 29.88666666666667 / 138
友情点: 0 / 424565`
_2024-06-17 04:36:15_
--------
*7d518c426b6ba735bdb98db5c8828a68*
`登陆天数: 25天 / 662天
等级: 130
石头: 4068
呼符: 126
体力: 29.85666666666667 / 138
友情点: 0 / 423525`
_2024-06-17 04:36:22_
--------
*2ca9155841a12c3c34a7f42bdffbf414*
`登陆天数: 25天 / 662天
等级: 130
石头: 4063
呼符: 233
体力: 29.823333333333338 / 138
友情点: 0 / 423970`
_2024-06-17 04:36:30_
--------
*0d07906de391ba1fa9051f3e7d95e124*
`登陆天数: 25天 / 662天
等级: 130
石头: 4061
呼符: 34
体力: 29.790000000000006 / 138
友情点: 0 / 426950`
_2024-06-17 04:36:38_
--------
*5edc27d34ce65f0d20a794b4f17c648a*
`登陆天数: 25天 / 662天
等级: 130
石头: 4080
呼符: 329
体力: 29.760000000000005 / 138
友情点: 0 / 424000`
_2024-06-17 04:36:46_
--------
*e8c85976369beb7214ac59b4c68c5700*
`登陆天数: 25天 / 662天
等级: 130
石头: 4036
呼符: 321
体力: 29.730000000000004 / 138
友情点: 0 / 423955`
_2024-06-17 04:36:53_
--------
*f1f179550799ce4094732eedd4fa3e75*
`登陆天数: 25天 / 663天
等级: 130
石头: 4081
呼符: 321
体力: 29.696666666666673 / 138
友情点: 0 / 424505`
_2024-06-17 04:37:01_
--------
*ccae2bde67c1d7de10a2a5d20bc8e63c*
`登陆天数: 25天 / 662天
等级: 130
石头: 4063
呼符: 173
体力: 29.663333333333327 / 138
友情点: 0 / 424260`
_2024-06-17 04:37:09_
--------
*2c05c7a6b84191415f5d7ecf78149600*
`登陆天数: 25天 / 663天
等级: 130
石头: 4085
呼符: 325
体力: 29.63333333333334 / 138
友情点: 0 / 424640`
_2024-06-17 04:37:16_
--------
*33d98a7bd2b1750c2393a2af4f1027f9*
`登陆天数: 25天 / 662天
等级: 130
石头: 4055
呼符: 329
体力: 29.60333333333334 / 138
友情点: 0 / 425785`
_2024-06-17 04:37:24_
--------
*6a0ad1a517099a6d355a4f012147d88d*
`登陆天数: 25天 / 662天
等级: 130
石头: 4089
呼符: 277
体力: 29.569999999999993 / 138
友情点: 0 / 423925`
_2024-06-17 04:37:32_
--------
*59d366611066645acbd6fb3adc638e66*
`登陆天数: 25天 / 662天
等级: 130
石头: 4066
呼符: 324
体力: 29.540000000000006 / 138
友情点: 0 / 424110`
_2024-06-17 04:37:39_
--------
*aaec1b15ae39ed4de2e713fe9dcbe03b*
`登陆天数: 25天 / 662天
等级: 130
石头: 4053
呼符: 242
体力: 29.510000000000005 / 138
友情点: 0 / 424530`
_2024-06-17 04:37:47_
--------
*9090e76d9455cd21515bd566d313f746*
`登陆天数: 21天 / 661天
等级: 130
石头: 4059
呼符: 34
体力: 29.476666666666674 / 138
友情点: 0 / 423960`
_2024-06-17 04:37:55_
--------
*04491f770e91bb230a350b051ac4c2e3*
`登陆天数: 21天 / 662天
等级: 130
石头: 4065
呼符: 248
体力: 29.446666666666673 / 138
友情点: 0 / 424020`
_2024-06-17 04:38:03_
--------
*6cd3e26d84dfb2fcf79ab1d198525431*
`登陆天数: 21天 / 661天
等级: 130
石头: 4060
呼符: 217
体力: 29.41666666666667 / 138
友情点: 0 / 426400`
_2024-06-17 04:38:11_
--------
*cc923ea5b45843ab4183ed2e5ea22ab3*
`登陆天数: 21天 / 662天
等级: 130
石头: 4055
呼符: 260
体力: 29.38666666666667 / 138
友情点: 0 / 425260`
_2024-06-17 04:38:18_
--------
*a1e587c74df1130695ccb1369acbce0f*
`登陆天数: 21天 / 662天
等级: 130
石头: 4078
呼符: 274
体力: 29.35333333333334 / 138
友情点: 0 / 424565`
_2024-06-17 04:38:26_
--------
*4b20916c18b4d1c388b6adeb7255bdd2*
`登陆天数: 21天 / 661天
等级: 130
石头: 4060
呼符: 290
体力: 29.323333333333338 / 138
友情点: 0 / 425835`
_2024-06-17 04:38:34_
--------
*a753eeed9c10b7acec26ab2b907174be*
`登陆天数: 21天 / 661天
等级: 130
石头: 4056
呼符: 183
体力: 29.296666666666667 / 138
友情点: 0 / 425070`
_2024-06-17 04:38:42_
--------
*b795660d1ebd788a2555c779f3de9ca7*
`登陆天数: 21天 / 661天
等级: 130
石头: 4039
呼符: 298
体力: 29.263333333333335 / 138
友情点: 0 / 426255`
_2024-06-17 04:38:49_
--------
*6378d40c662db17bf338299abda5ee87*
`登陆天数: 21天 / 661天
等级: 130
石头: 4054
呼符: 176
体力: 29.233333333333334 / 138
友情点: 0 / 424770`
_2024-06-17 04:38:57_
--------
*4a4bb41f0561c9b994810608b978990c*
`登陆天数: 21天 / 661天
等级: 130
石头: 4064
呼符: 333
体力: 29.206666666666663 / 138
友情点: 0 / 425705`
_2024-06-17 04:39:04_
--------
*cb0a51a99bc16181cd79fde46c12475b*
`登陆天数: 21天 / 662天
等级: 130
石头: 4064
呼符: 127
体力: 29.173333333333332 / 138
友情点: 0 / 424840`
_2024-06-17 04:39:12_
--------
*fcc1aba7570050368047d922f7aa8dfa*
`登陆天数: 21天 / 661天
等级: 130
石头: 4060
呼符: 257
体力: 29.14333333333333 / 138
友情点: 0 / 423675`
_2024-06-17 04:39:20_
--------
*8a442f49b33b7d244bee496d179204a9*
`登陆天数: 21天 / 662天
等级: 130
石头: 4079
呼符: 35
体力: 29.11333333333333 / 138
友情点: 0 / 425420`
_2024-06-17 04:39:28_
--------
*8c2ee9f5b328a0b524642905a8521286*
`登陆天数: 21天 / 661天
等级: 130
石头: 4077
呼符: 271
体力: 29.08333333333333 / 138
友情点: 0 / 424695`
_2024-06-17 04:39:36_
--------
*3001f740c575e39f54fe9c328c51b8e5*
`登陆天数: 21天 / 662天
等级: 130
石头: 4061
呼符: 35
体力: 29.053333333333327 / 138
友情点: 0 / 424795`
_2024-06-17 04:39:43_
--------
*8405cd7e3c92628f74a36236544f3473*
`登陆天数: 21天 / 661天
等级: 130
石头: 4064
呼符: 226
体力: 29.019999999999996 / 138
友情点: 0 / 424410`
_2024-06-17 04:39:51_
--------
*8d02598403e5aade2ddb3635d0eabe41*
`登陆天数: 21天 / 662天
等级: 130
石头: 4061
呼符: 213
体力: 28.989999999999995 / 138
友情点: 0 / 423820`
_2024-06-17 04:39:59_
--------
*d177bedc0516a467e47bc5bd285af10b*
`登陆天数: 21天 / 661天
等级: 130
石头: 4061
呼符: 319
体力: 28.959999999999994 / 138
友情点: 0 / 424385`
_2024-06-17 04:40:07_
--------
*525066aaecd9a946f7f49463acc532c0*
`登陆天数: 21天 / 661天
等级: 130
石头: 4027
呼符: 24
体力: 19062.31333333333 / 138
友情点: 0 / 467720`
_2024-06-17 04:40:15_
--------
