【登录信息】
*32f66d60569f4040d930610ec2d43273*
`登陆天数: 28天 / 665天
等级: 130
石头: 4075
呼符: 322
体力: 29.843333333333334 / 138
友情点: 0 / 406980`
_2024-06-20 04:29:44_
--------
*a6f1a8527c8646571e8aee9c1d53437d*
`登陆天数: 28天 / 665天
等级: 130
石头: 4069
呼符: 267
体力: 29.810000000000002 / 138
友情点: 0 / 406820`
_2024-06-20 04:29:51_
--------
*ecea268f15b09815179d0034f274b43f*
`登陆天数: 28天 / 665天
等级: 130
石头: 4054
呼符: 260
体力: 29.78 / 138
友情点: 0 / 405985`
_2024-06-20 04:29:59_
--------
*99374f167e1f7f52b42f26b623951329*
`登陆天数: 28天 / 666天
等级: 130
石头: 4073
呼符: 326
体力: 29.74333333333334 / 138
友情点: 0 / 407175`
_2024-06-20 04:30:07_
--------
*0ca36aac6a07bc34dfa37619d9a5e6dc*
`登陆天数: 28天 / 666天
等级: 130
石头: 4073
呼符: 335
体力: 29.71333333333334 / 138
友情点: 0 / 406805`
_2024-06-20 04:30:15_
--------
*5da5c1a3ce9813eda885d683fefad08e*
`登陆天数: 28天 / 666天
等级: 130
石头: 4065
呼符: 315
体力: 29.680000000000007 / 138
友情点: 0 / 408305`
_2024-06-20 04:30:23_
--------
*c2641f49fb84c75233189cedda53db7a*
`登陆天数: 28天 / 666天
等级: 130
石头: 4096
呼符: 178
体力: 29.64666666666666 / 138
友情点: 0 / 405890`
_2024-06-20 04:30:30_
--------
*fcdb98fe5ad234602d6e9ee75494453e*
`登陆天数: 28天 / 665天
等级: 130
石头: 4074
呼符: 325
体力: 29.61333333333333 / 138
友情点: 0 / 406470`
_2024-06-20 04:30:38_
--------
*ab4cb6fdd635cccd7057272446d400d7*
`登陆天数: 28天 / 665天
等级: 130
石头: 4085
呼符: 157
体力: 29.58 / 138
友情点: 0 / 407150`
_2024-06-20 04:30:46_
--------
*ac97258c3f2a29801a940a18b37e06c3*
`登陆天数: 28天 / 665天
等级: 130
石头: 4070
呼符: 145
体力: 29.549999999999997 / 138
友情点: 0 / 407905`
_2024-06-20 04:30:53_
--------
*8eaa0028f1afe11098b06602480f4d25*
`登陆天数: 28天 / 666天
等级: 130
石头: 4081
呼符: 271
体力: 29.519999999999996 / 138
友情点: 0 / 406715`
_2024-06-20 04:31:01_
--------
*e0b160c3f257d7139d5362091ce127bf*
`登陆天数: 28天 / 666天
等级: 130
石头: 4071
呼符: 36
体力: 29.483333333333334 / 138
友情点: 0 / 406335`
_2024-06-20 04:31:09_
--------
*114757692565564d6902bae439efdcad*
`登陆天数: 28天 / 665天
等级: 130
石头: 4069
呼符: 196
体力: 29.453333333333333 / 138
友情点: 0 / 406645`
_2024-06-20 04:31:16_
--------
*7eaf856dadd4810511c5ac5259e1a992*
`登陆天数: 28天 / 666天
等级: 130
石头: 4092
呼符: 284
体力: 29.42 / 138
友情点: 0 / 407280`
_2024-06-20 04:31:24_
--------
*6492ddaff56fafe03fcb40ee34ca9c10*
`登陆天数: 28天 / 665天
等级: 130
石头: 4094
呼符: 329
体力: 29.38666666666667 / 138
友情点: 0 / 406860`
_2024-06-20 04:31:32_
--------
*5ff9e9fe7595099e68b8f8083394b486*
`登陆天数: 28天 / 666天
等级: 130
石头: 4074
呼符: 308
体力: 29.35666666666667 / 138
友情点: 0 / 405735`
_2024-06-20 04:31:39_
--------
*2b616c830037692771389c1728c423b9*
`登陆天数: 28天 / 666天
等级: 130
石头: 4059
呼符: 211
体力: 29.326666666666668 / 138
友情点: 0 / 407050`
_2024-06-20 04:31:47_
--------
*8fd7195f213261f6e7f481ea46e4b996*
`登陆天数: 28天 / 665天
等级: 130
石头: 4059
呼符: 334
体力: 29.290000000000006 / 138
友情点: 0 / 405950`
_2024-06-20 04:31:55_
--------
*3cf5d6a88bcef64c32d47e9e92f19fa9*
`登陆天数: 28天 / 665天
等级: 130
石头: 4070
呼符: 266
体力: 29.25666666666666 / 138
友情点: 0 / 406565`
_2024-06-20 04:32:03_
--------
*7d518c426b6ba735bdb98db5c8828a68*
`登陆天数: 28天 / 665天
等级: 130
石头: 4076
呼符: 127
体力: 29.22 / 138
友情点: 0 / 405525`
_2024-06-20 04:32:10_
--------
*2ca9155841a12c3c34a7f42bdffbf414*
`登陆天数: 28天 / 665天
等级: 130
石头: 4071
呼符: 234
体力: 29.189999999999998 / 138
友情点: 0 / 405970`
_2024-06-20 04:32:18_
--------
*0d07906de391ba1fa9051f3e7d95e124*
`登陆天数: 28天 / 665天
等级: 130
石头: 4069
呼符: 35
体力: 29.156666666666666 / 138
友情点: 0 / 408950`
_2024-06-20 04:32:26_
--------
*5edc27d34ce65f0d20a794b4f17c648a*
`登陆天数: 28天 / 665天
等级: 130
石头: 4088
呼符: 330
体力: 29.129999999999995 / 138
友情点: 0 / 406000`
_2024-06-20 04:32:34_
--------
*e8c85976369beb7214ac59b4c68c5700*
`登陆天数: 28天 / 665天
等级: 130
石头: 4044
呼符: 322
体力: 29.099999999999994 / 138
友情点: 0 / 405955`
_2024-06-20 04:32:41_
--------
*f1f179550799ce4094732eedd4fa3e75*
`登陆天数: 28天 / 666天
等级: 130
石头: 4089
呼符: 322
体力: 29.066666666666663 / 138
友情点: 0 / 406505`
_2024-06-20 04:32:49_
--------
*ccae2bde67c1d7de10a2a5d20bc8e63c*
`登陆天数: 28天 / 665天
等级: 130
石头: 4071
呼符: 174
体力: 29.03666666666666 / 138
友情点: 0 / 406260`
_2024-06-20 04:32:57_
--------
*2c05c7a6b84191415f5d7ecf78149600*
`登陆天数: 28天 / 666天
等级: 130
石头: 4093
呼符: 326
体力: 29.00333333333333 / 138
友情点: 0 / 406640`
_2024-06-20 04:33:04_
--------
*33d98a7bd2b1750c2393a2af4f1027f9*
`登陆天数: 28天 / 665天
等级: 130
石头: 4063
呼符: 330
体力: 28.97333333333333 / 138
友情点: 0 / 407785`
_2024-06-20 04:33:12_
--------
*6a0ad1a517099a6d355a4f012147d88d*
`登陆天数: 28天 / 665天
等级: 130
石头: 4097
呼符: 278
体力: 28.943333333333328 / 138
友情点: 0 / 405925`
_2024-06-20 04:33:20_
--------
*59d366611066645acbd6fb3adc638e66*
`登陆天数: 28天 / 665天
等级: 130
石头: 4074
呼符: 325
体力: 28.913333333333327 / 138
友情点: 0 / 406110`
_2024-06-20 04:33:28_
--------
*aaec1b15ae39ed4de2e713fe9dcbe03b*
`登陆天数: 28天 / 665天
等级: 130
石头: 4061
呼符: 243
体力: 28.879999999999995 / 138
友情点: 0 / 406530`
_2024-06-20 04:33:36_
--------
*9090e76d9455cd21515bd566d313f746*
`登陆天数: 24天 / 664天
等级: 130
石头: 4066
呼符: 34
体力: 28.846666666666664 / 138
友情点: 0 / 407960`
_2024-06-20 04:33:43_
--------
*04491f770e91bb230a350b051ac4c2e3*
`登陆天数: 24天 / 665天
等级: 130
石头: 4072
呼符: 248
体力: 28.813333333333333 / 138
友情点: 0 / 408020`
_2024-06-20 04:33:51_
--------
*6cd3e26d84dfb2fcf79ab1d198525431*
`登陆天数: 24天 / 664天
等级: 130
石头: 4067
呼符: 217
体力: 28.78 / 138
友情点: 0 / 410400`
_2024-06-20 04:33:59_
--------
*cc923ea5b45843ab4183ed2e5ea22ab3*
`登陆天数: 24天 / 665天
等级: 130
石头: 4062
呼符: 260
体力: 28.75 / 138
友情点: 0 / 409260`
_2024-06-20 04:34:06_
--------
*a1e587c74df1130695ccb1369acbce0f*
`登陆天数: 24天 / 665天
等级: 130
石头: 4085
呼符: 274
体力: 28.71666666666667 / 138
友情点: 0 / 408565`
_2024-06-20 04:34:14_
--------
*4b20916c18b4d1c388b6adeb7255bdd2*
`登陆天数: 24天 / 664天
等级: 130
石头: 4067
呼符: 290
体力: 28.686666666666667 / 138
友情点: 0 / 409835`
_2024-06-20 04:34:22_
--------
*a753eeed9c10b7acec26ab2b907174be*
`登陆天数: 24天 / 664天
等级: 130
石头: 4063
呼符: 183
体力: 28.656666666666666 / 138
友情点: 0 / 409070`
_2024-06-20 04:34:30_
--------
*b795660d1ebd788a2555c779f3de9ca7*
`登陆天数: 24天 / 664天
等级: 130
石头: 4046
呼符: 298
体力: 28.623333333333335 / 138
友情点: 0 / 410255`
_2024-06-20 04:34:38_
--------
*6378d40c662db17bf338299abda5ee87*
`登陆天数: 24天 / 664天
等级: 130
石头: 4061
呼符: 176
体力: 28.593333333333334 / 138
友情点: 0 / 408770`
_2024-06-20 04:34:45_
--------
*4a4bb41f0561c9b994810608b978990c*
`登陆天数: 24天 / 664天
等级: 130
石头: 4071
呼符: 333
体力: 28.563333333333333 / 138
友情点: 0 / 409705`
_2024-06-20 04:34:53_
--------
*cb0a51a99bc16181cd79fde46c12475b*
`登陆天数: 24天 / 665天
等级: 130
石头: 4071
呼符: 127
体力: 28.53 / 138
友情点: 0 / 408840`
_2024-06-20 04:35:01_
--------
*fcc1aba7570050368047d922f7aa8dfa*
`登陆天数: 24天 / 664天
等级: 130
石头: 4067
呼符: 257
体力: 28.49666666666667 / 138
友情点: 0 / 407675`
_2024-06-20 04:35:09_
--------
*8a442f49b33b7d244bee496d179204a9*
`登陆天数: 24天 / 665天
等级: 130
石头: 4086
呼符: 35
体力: 28.46666666666667 / 138
友情点: 0 / 409420`
_2024-06-20 04:35:16_
--------
*8c2ee9f5b328a0b524642905a8521286*
`登陆天数: 24天 / 664天
等级: 130
石头: 4084
呼符: 271
体力: 28.433333333333337 / 138
友情点: 0 / 408695`
_2024-06-20 04:35:24_
--------
*3001f740c575e39f54fe9c328c51b8e5*
`登陆天数: 24天 / 665天
等级: 130
石头: 4068
呼符: 35
体力: 28.403333333333336 / 138
友情点: 0 / 408795`
_2024-06-20 04:35:32_
--------
*8405cd7e3c92628f74a36236544f3473*
`登陆天数: 24天 / 664天
等级: 130
石头: 4071
呼符: 226
体力: 28.373333333333335 / 138
友情点: 0 / 408410`
_2024-06-20 04:35:40_
--------
*8d02598403e5aade2ddb3635d0eabe41*
`登陆天数: 24天 / 665天
等级: 130
石头: 4068
呼符: 213
体力: 28.343333333333334 / 138
友情点: 0 / 407820`
_2024-06-20 04:35:47_
--------
*d177bedc0516a467e47bc5bd285af10b*
`登陆天数: 24天 / 664天
等级: 130
石头: 4068
呼符: 319
体力: 28.313333333333333 / 138
友情点: 0 / 408385`
_2024-06-20 04:35:55_
--------
*525066aaecd9a946f7f49463acc532c0*
`登陆天数: 24天 / 664天
等级: 130
石头: 4027
呼符: 24
体力: 19925.476666666666 / 138
友情点: 0 / 467720`
_2024-06-20 04:36:03_
--------
