【登录信息】
*32f66d60569f4040d930610ec2d43273*
`登陆天数: 29天 / 666天
等级: 130
石头: 4075
呼符: 322
体力: 29.843333333333334 / 138
友情点: 0 / 402980`
_2024-06-21 04:31:11_
--------
*a6f1a8527c8646571e8aee9c1d53437d*
`登陆天数: 29天 / 666天
等级: 130
石头: 4069
呼符: 267
体力: 29.816666666666663 / 138
友情点: 0 / 402820`
_2024-06-21 04:31:19_
--------
*ecea268f15b09815179d0034f274b43f*
`登陆天数: 29天 / 666天
等级: 130
石头: 4054
呼符: 260
体力: 29.78 / 138
友情点: 0 / 401985`
_2024-06-21 04:31:26_
--------
*99374f167e1f7f52b42f26b623951329*
`登陆天数: 29天 / 667天
等级: 130
石头: 4073
呼符: 326
体力: 29.75333333333333 / 138
友情点: 0 / 403175`
_2024-06-21 04:31:34_
--------
*0ca36aac6a07bc34dfa37619d9a5e6dc*
`登陆天数: 29天 / 667天
等级: 130
石头: 4073
呼符: 335
体力: 29.726666666666674 / 138
友情点: 0 / 402805`
_2024-06-21 04:31:41_
--------
*5da5c1a3ce9813eda885d683fefad08e*
`登陆天数: 29天 / 667天
等级: 130
石头: 4065
呼符: 315
体力: 29.696666666666673 / 138
友情点: 0 / 404305`
_2024-06-21 04:31:49_
--------
*c2641f49fb84c75233189cedda53db7a*
`登陆天数: 29天 / 667天
等级: 130
石头: 4096
呼符: 178
体力: 29.67 / 138
友情点: 0 / 401890`
_2024-06-21 04:31:56_
--------
*fcdb98fe5ad234602d6e9ee75494453e*
`登陆天数: 29天 / 666天
等级: 130
石头: 4074
呼符: 325
体力: 29.64 / 138
友情点: 0 / 402470`
_2024-06-21 04:32:04_
--------
*ab4cb6fdd635cccd7057272446d400d7*
`登陆天数: 29天 / 666天
等级: 130
石头: 4085
呼符: 157
体力: 29.61333333333333 / 138
友情点: 0 / 403150`
_2024-06-21 04:32:12_
--------
*ac97258c3f2a29801a940a18b37e06c3*
`登陆天数: 29天 / 666天
等级: 130
石头: 4070
呼符: 145
体力: 29.58333333333333 / 138
友情点: 0 / 403905`
_2024-06-21 04:32:20_
--------
*8eaa0028f1afe11098b06602480f4d25*
`登陆天数: 29天 / 667天
等级: 130
石头: 4081
呼符: 271
体力: 29.556666666666672 / 138
友情点: 0 / 402715`
_2024-06-21 04:32:28_
--------
*e0b160c3f257d7139d5362091ce127bf*
`登陆天数: 29天 / 667天
等级: 130
石头: 4071
呼符: 36
体力: 29.53 / 138
友情点: 0 / 402335`
_2024-06-21 04:32:35_
--------
*114757692565564d6902bae439efdcad*
`登陆天数: 29天 / 666天
等级: 130
石头: 4069
呼符: 196
体力: 29.5 / 138
友情点: 0 / 402645`
_2024-06-21 04:32:43_
--------
*7eaf856dadd4810511c5ac5259e1a992*
`登陆天数: 29天 / 667天
等级: 130
石头: 4092
呼符: 284
体力: 29.47 / 138
友情点: 0 / 403280`
_2024-06-21 04:32:51_
--------
*6492ddaff56fafe03fcb40ee34ca9c10*
`登陆天数: 29天 / 666天
等级: 130
石头: 4094
呼符: 329
体力: 29.443333333333328 / 138
友情点: 0 / 402860`
_2024-06-21 04:32:58_
--------
*5ff9e9fe7595099e68b8f8083394b486*
`登陆天数: 29天 / 667天
等级: 130
石头: 4074
呼符: 308
体力: 29.41666666666667 / 138
友情点: 0 / 401735`
_2024-06-21 04:33:06_
--------
*2b616c830037692771389c1728c423b9*
`登陆天数: 29天 / 667天
等级: 130
石头: 4059
呼符: 211
体力: 29.38666666666667 / 138
友情点: 0 / 403050`
_2024-06-21 04:33:14_
--------
*8fd7195f213261f6e7f481ea46e4b996*
`登陆天数: 29天 / 666天
等级: 130
石头: 4059
呼符: 334
体力: 29.36 / 138
友情点: 0 / 401950`
_2024-06-21 04:33:21_
--------
*3cf5d6a88bcef64c32d47e9e92f19fa9*
`登陆天数: 29天 / 666天
等级: 130
石头: 4070
呼符: 266
体力: 29.33 / 138
友情点: 0 / 402565`
_2024-06-21 04:33:29_
--------
*7d518c426b6ba735bdb98db5c8828a68*
`登陆天数: 29天 / 666天
等级: 130
石头: 4076
呼符: 127
体力: 29.303333333333327 / 138
友情点: 0 / 401525`
_2024-06-21 04:33:36_
--------
*2ca9155841a12c3c34a7f42bdffbf414*
`登陆天数: 29天 / 666天
等级: 130
石头: 4071
呼符: 234
体力: 29.273333333333326 / 138
友情点: 0 / 401970`
_2024-06-21 04:33:44_
--------
*0d07906de391ba1fa9051f3e7d95e124*
`登陆天数: 29天 / 666天
等级: 130
石头: 4069
呼符: 35
体力: 29.24333333333334 / 138
友情点: 0 / 404950`
_2024-06-21 04:33:52_
--------
*5edc27d34ce65f0d20a794b4f17c648a*
`登陆天数: 29天 / 666天
等级: 130
石头: 4088
呼符: 330
体力: 29.21666666666667 / 138
友情点: 0 / 402000`
_2024-06-21 04:34:00_
--------
*e8c85976369beb7214ac59b4c68c5700*
`登陆天数: 29天 / 666天
等级: 130
石头: 4044
呼符: 322
体力: 29.189999999999998 / 138
友情点: 0 / 401955`
_2024-06-21 04:34:07_
--------
*f1f179550799ce4094732eedd4fa3e75*
`登陆天数: 29天 / 667天
等级: 130
石头: 4089
呼符: 322
体力: 29.159999999999997 / 138
友情点: 0 / 402505`
_2024-06-21 04:34:15_
--------
*ccae2bde67c1d7de10a2a5d20bc8e63c*
`登陆天数: 29天 / 666天
等级: 130
石头: 4071
呼符: 174
体力: 29.129999999999995 / 138
友情点: 0 / 402260`
_2024-06-21 04:34:23_
--------
*2c05c7a6b84191415f5d7ecf78149600*
`登陆天数: 29天 / 667天
等级: 130
石头: 4093
呼符: 326
体力: 29.10333333333334 / 138
友情点: 0 / 402640`
_2024-06-21 04:34:30_
--------
*33d98a7bd2b1750c2393a2af4f1027f9*
`登陆天数: 29天 / 666天
等级: 130
石头: 4063
呼符: 330
体力: 29.073333333333338 / 138
友情点: 0 / 403785`
_2024-06-21 04:34:38_
--------
*6a0ad1a517099a6d355a4f012147d88d*
`登陆天数: 29天 / 666天
等级: 130
石头: 4097
呼符: 278
体力: 29.046666666666667 / 138
友情点: 0 / 401925`
_2024-06-21 04:34:45_
--------
*59d366611066645acbd6fb3adc638e66*
`登陆天数: 29天 / 666天
等级: 130
石头: 4074
呼符: 325
体力: 29.019999999999996 / 138
友情点: 0 / 402110`
_2024-06-21 04:34:53_
--------
*aaec1b15ae39ed4de2e713fe9dcbe03b*
`登陆天数: 29天 / 666天
等级: 130
石头: 4061
呼符: 243
体力: 28.989999999999995 / 138
友情点: 0 / 402530`
_2024-06-21 04:35:01_
--------
*9090e76d9455cd21515bd566d313f746*
`登陆天数: 25天 / 665天
等级: 130
石头: 4067
呼符: 34
体力: 28.959999999999994 / 138
友情点: 0 / 401960`
_2024-06-21 04:35:09_
--------
*04491f770e91bb230a350b051ac4c2e3*
`登陆天数: 25天 / 666天
等级: 130
石头: 4073
呼符: 248
体力: 28.933333333333337 / 138
友情点: 0 / 402020`
_2024-06-21 04:35:17_
--------
*6cd3e26d84dfb2fcf79ab1d198525431*
`登陆天数: 25天 / 665天
等级: 130
石头: 4068
呼符: 217
体力: 28.906666666666666 / 138
友情点: 0 / 404400`
_2024-06-21 04:35:24_
--------
*cc923ea5b45843ab4183ed2e5ea22ab3*
`登陆天数: 25天 / 666天
等级: 130
石头: 4063
呼符: 260
体力: 28.876666666666665 / 138
友情点: 0 / 403260`
_2024-06-21 04:35:32_
--------
*a1e587c74df1130695ccb1369acbce0f*
`登陆天数: 25天 / 666天
等级: 130
石头: 4086
呼符: 274
体力: 28.846666666666664 / 138
友情点: 0 / 402565`
_2024-06-21 04:35:40_
--------
*4b20916c18b4d1c388b6adeb7255bdd2*
`登陆天数: 25天 / 665天
等级: 130
石头: 4068
呼符: 290
体力: 28.819999999999993 / 138
友情点: 0 / 403835`
_2024-06-21 04:35:47_
--------
*a753eeed9c10b7acec26ab2b907174be*
`登陆天数: 25天 / 665天
等级: 130
石头: 4064
呼符: 183
体力: 28.78666666666666 / 138
友情点: 0 / 403070`
_2024-06-21 04:35:55_
--------
*b795660d1ebd788a2555c779f3de9ca7*
`登陆天数: 25天 / 665天
等级: 130
石头: 4047
呼符: 298
体力: 28.763333333333335 / 138
友情点: 0 / 404255`
_2024-06-21 04:36:03_
--------
*6378d40c662db17bf338299abda5ee87*
`登陆天数: 25天 / 665天
等级: 130
石头: 4062
呼符: 176
体力: 28.733333333333334 / 138
友情点: 0 / 402770`
_2024-06-21 04:36:10_
--------
*4a4bb41f0561c9b994810608b978990c*
`登陆天数: 25天 / 665天
等级: 130
石头: 4072
呼符: 333
体力: 28.703333333333333 / 138
友情点: 0 / 403705`
_2024-06-21 04:36:18_
--------
*cb0a51a99bc16181cd79fde46c12475b*
`登陆天数: 25天 / 666天
等级: 130
石头: 4072
呼符: 127
体力: 28.676666666666662 / 138
友情点: 0 / 402840`
_2024-06-21 04:36:26_
--------
*fcc1aba7570050368047d922f7aa8dfa*
`登陆天数: 25天 / 665天
等级: 130
石头: 4068
呼符: 257
体力: 28.64666666666666 / 138
友情点: 0 / 401675`
_2024-06-21 04:36:33_
--------
*8a442f49b33b7d244bee496d179204a9*
`登陆天数: 25天 / 666天
等级: 130
石头: 4087
呼符: 35
体力: 28.623333333333335 / 138
友情点: 0 / 403420`
_2024-06-21 04:36:41_
--------
*8c2ee9f5b328a0b524642905a8521286*
`登陆天数: 25天 / 665天
等级: 130
石头: 4085
呼符: 271
体力: 28.596666666666664 / 138
友情点: 0 / 402695`
_2024-06-21 04:36:48_
--------
*3001f740c575e39f54fe9c328c51b8e5*
`登陆天数: 25天 / 666天
等级: 130
石头: 4069
呼符: 35
体力: 28.563333333333333 / 138
友情点: 0 / 402795`
_2024-06-21 04:36:56_
--------
*8405cd7e3c92628f74a36236544f3473*
`登陆天数: 25天 / 665天
等级: 130
石头: 4072
呼符: 226
体力: 28.53666666666666 / 138
友情点: 0 / 402410`
_2024-06-21 04:37:03_
--------
*8d02598403e5aade2ddb3635d0eabe41*
`登陆天数: 25天 / 666天
等级: 130
石头: 4069
呼符: 213
体力: 28.510000000000005 / 138
友情点: 0 / 401820`
_2024-06-21 04:37:11_
--------
*d177bedc0516a467e47bc5bd285af10b*
`登陆天数: 25天 / 665天
等级: 130
石头: 4069
呼符: 319
体力: 28.476666666666674 / 138
友情点: 0 / 402385`
_2024-06-21 04:37:19_
--------
*525066aaecd9a946f7f49463acc532c0*
`登陆天数: 25天 / 665天
等级: 130
石头: 4027
呼符: 24
体力: 20213.753333333334 / 138
友情点: 0 / 467720`
_2024-06-21 04:37:26_
--------
