【登录信息】
*32f66d60569f4040d930610ec2d43273*
`登陆天数: 30天 / 667天
等级: 130
石头: 4076
呼符: 323
体力: 29.50333333333333 / 138
友情点: 0 / 396980`
_2024-06-22 04:29:41_
--------
*a6f1a8527c8646571e8aee9c1d53437d*
`登陆天数: 30天 / 667天
等级: 130
石头: 4070
呼符: 268
体力: 29.47333333333333 / 138
友情点: 0 / 396820`
_2024-06-22 04:29:50_
--------
*ecea268f15b09815179d0034f274b43f*
`登陆天数: 30天 / 667天
等级: 130
石头: 4055
呼符: 261
体力: 29.446666666666673 / 138
友情点: 0 / 395985`
_2024-06-22 04:29:57_
--------
*99374f167e1f7f52b42f26b623951329*
`登陆天数: 30天 / 668天
等级: 130
石头: 4074
呼符: 327
体力: 29.42 / 138
友情点: 0 / 397175`
_2024-06-22 04:30:05_
--------
*0ca36aac6a07bc34dfa37619d9a5e6dc*
`登陆天数: 30天 / 668天
等级: 130
石头: 4074
呼符: 336
体力: 29.39 / 138
友情点: 0 / 396805`
_2024-06-22 04:30:13_
--------
*5da5c1a3ce9813eda885d683fefad08e*
`登陆天数: 30天 / 668天
等级: 130
石头: 4066
呼符: 316
体力: 29.35666666666667 / 138
友情点: 0 / 398305`
_2024-06-22 04:30:21_
--------
*c2641f49fb84c75233189cedda53db7a*
`登陆天数: 30天 / 668天
等级: 130
石头: 4097
呼符: 179
体力: 29.33 / 138
友情点: 0 / 395890`
_2024-06-22 04:30:29_
--------
*fcdb98fe5ad234602d6e9ee75494453e*
`登陆天数: 30天 / 667天
等级: 130
石头: 4075
呼符: 326
体力: 29.306666666666672 / 138
友情点: 0 / 396470`
_2024-06-22 04:30:37_
--------
*ab4cb6fdd635cccd7057272446d400d7*
`登陆天数: 30天 / 667天
等级: 130
石头: 4086
呼符: 158
体力: 29.27666666666667 / 138
友情点: 0 / 397150`
_2024-06-22 04:30:45_
--------
*ac97258c3f2a29801a940a18b37e06c3*
`登陆天数: 30天 / 667天
等级: 130
石头: 4071
呼符: 146
体力: 29.25 / 138
友情点: 0 / 397905`
_2024-06-22 04:30:52_
--------
*8eaa0028f1afe11098b06602480f4d25*
`登陆天数: 30天 / 668天
等级: 130
石头: 4082
呼符: 272
体力: 29.22333333333333 / 138
友情点: 0 / 396715`
_2024-06-22 04:31:00_
--------
*e0b160c3f257d7139d5362091ce127bf*
`登陆天数: 30天 / 668天
等级: 130
石头: 4072
呼符: 37
体力: 29.196666666666673 / 138
友情点: 0 / 396335`
_2024-06-22 04:31:08_
--------
*114757692565564d6902bae439efdcad*
`登陆天数: 30天 / 667天
等级: 130
石头: 4070
呼符: 197
体力: 29.16666666666667 / 138
友情点: 0 / 396645`
_2024-06-22 04:31:16_
--------
*7eaf856dadd4810511c5ac5259e1a992*
`登陆天数: 30天 / 668天
等级: 130
石头: 4093
呼符: 285
体力: 29.14 / 138
友情点: 0 / 397280`
_2024-06-22 04:31:24_
--------
*6492ddaff56fafe03fcb40ee34ca9c10*
`登陆天数: 30天 / 667天
等级: 130
石头: 4095
呼符: 330
体力: 29.11333333333333 / 138
友情点: 0 / 396860`
_2024-06-22 04:31:32_
--------
*5ff9e9fe7595099e68b8f8083394b486*
`登陆天数: 30天 / 668天
等级: 130
石头: 4075
呼符: 309
体力: 29.08333333333333 / 138
友情点: 0 / 395735`
_2024-06-22 04:31:40_
--------
*2b616c830037692771389c1728c423b9*
`登陆天数: 30天 / 668天
等级: 130
石头: 4060
呼符: 212
体力: 29.056666666666672 / 138
友情点: 0 / 397050`
_2024-06-22 04:31:48_
--------
*8fd7195f213261f6e7f481ea46e4b996*
`登陆天数: 30天 / 667天
等级: 130
石头: 4060
呼符: 335
体力: 29.03 / 138
友情点: 0 / 395950`
_2024-06-22 04:31:56_
--------
*3cf5d6a88bcef64c32d47e9e92f19fa9*
`登陆天数: 30天 / 667天
等级: 130
石头: 4071
呼符: 267
体力: 29.00333333333333 / 138
友情点: 0 / 396565`
_2024-06-22 04:32:04_
--------
*7d518c426b6ba735bdb98db5c8828a68*
`登陆天数: 30天 / 667天
等级: 130
石头: 4077
呼符: 128
体力: 28.976666666666674 / 138
友情点: 0 / 395525`
_2024-06-22 04:32:12_
--------
*2ca9155841a12c3c34a7f42bdffbf414*
`登陆天数: 30天 / 667天
等级: 130
石头: 4072
呼符: 235
体力: 28.946666666666673 / 138
友情点: 0 / 395970`
_2024-06-22 04:32:20_
--------
*0d07906de391ba1fa9051f3e7d95e124*
`登陆天数: 30天 / 667天
等级: 130
石头: 4070
呼符: 36
体力: 28.92 / 138
友情点: 0 / 398950`
_2024-06-22 04:32:28_
--------
*5edc27d34ce65f0d20a794b4f17c648a*
`登陆天数: 30天 / 667天
等级: 130
石头: 4089
呼符: 331
体力: 28.89333333333333 / 138
友情点: 0 / 396000`
_2024-06-22 04:32:37_
--------
*e8c85976369beb7214ac59b4c68c5700*
`登陆天数: 30天 / 667天
等级: 130
石头: 4045
呼符: 323
体力: 28.86666666666666 / 138
友情点: 0 / 395955`
_2024-06-22 04:32:45_
--------
*f1f179550799ce4094732eedd4fa3e75*
`登陆天数: 30天 / 668天
等级: 130
石头: 4090
呼符: 323
体力: 28.840000000000003 / 138
友情点: 0 / 396505`
_2024-06-22 04:32:53_
--------
*ccae2bde67c1d7de10a2a5d20bc8e63c*
`登陆天数: 30天 / 667天
等级: 130
石头: 4072
呼符: 175
体力: 28.810000000000002 / 138
友情点: 0 / 396260`
_2024-06-22 04:33:01_
--------
*2c05c7a6b84191415f5d7ecf78149600*
`登陆天数: 30天 / 668天
等级: 130
石头: 4094
呼符: 327
体力: 28.78 / 138
友情点: 0 / 396640`
_2024-06-22 04:33:09_
--------
*33d98a7bd2b1750c2393a2af4f1027f9*
`登陆天数: 30天 / 667天
等级: 130
石头: 4064
呼符: 331
体力: 28.75666666666666 / 138
友情点: 0 / 397785`
_2024-06-22 04:33:17_
--------
*6a0ad1a517099a6d355a4f012147d88d*
`登陆天数: 30天 / 667天
等级: 130
石头: 4098
呼符: 279
体力: 28.730000000000004 / 138
友情点: 0 / 395925`
_2024-06-22 04:33:25_
--------
*59d366611066645acbd6fb3adc638e66*
`登陆天数: 30天 / 667天
等级: 130
石头: 4075
呼符: 326
体力: 28.703333333333333 / 138
友情点: 0 / 396110`
_2024-06-22 04:33:33_
--------
*aaec1b15ae39ed4de2e713fe9dcbe03b*
`登陆天数: 30天 / 667天
等级: 130
石头: 4062
呼符: 244
体力: 28.676666666666662 / 138
友情点: 0 / 396530`
_2024-06-22 04:33:41_
--------
*9090e76d9455cd21515bd566d313f746*
`登陆天数: 26天 / 666天
等级: 130
石头: 4067
呼符: 35
体力: 28.650000000000006 / 138
友情点: 0 / 395960`
_2024-06-22 04:33:49_
--------
*04491f770e91bb230a350b051ac4c2e3*
`登陆天数: 26天 / 667天
等级: 130
石头: 4073
呼符: 249
体力: 28.620000000000005 / 138
友情点: 0 / 396020`
_2024-06-22 04:33:57_
--------
*6cd3e26d84dfb2fcf79ab1d198525431*
`登陆天数: 26天 / 666天
等级: 130
石头: 4068
呼符: 218
体力: 28.593333333333334 / 138
友情点: 0 / 398400`
_2024-06-22 04:34:06_
--------
*cc923ea5b45843ab4183ed2e5ea22ab3*
`登陆天数: 26天 / 667天
等级: 130
石头: 4063
呼符: 261
体力: 28.566666666666663 / 138
友情点: 0 / 397260`
_2024-06-22 04:34:13_
--------
*a1e587c74df1130695ccb1369acbce0f*
`登陆天数: 26天 / 667天
等级: 130
石头: 4086
呼符: 275
体力: 28.53666666666666 / 138
友情点: 0 / 396565`
_2024-06-22 04:34:21_
--------
*4b20916c18b4d1c388b6adeb7255bdd2*
`登陆天数: 26天 / 666天
等级: 130
石头: 4068
呼符: 291
体力: 28.510000000000005 / 138
友情点: 0 / 397835`
_2024-06-22 04:34:30_
--------
*a753eeed9c10b7acec26ab2b907174be*
`登陆天数: 26天 / 666天
等级: 130
石头: 4064
呼符: 184
体力: 28.483333333333334 / 138
友情点: 0 / 397070`
_2024-06-22 04:34:38_
--------
*b795660d1ebd788a2555c779f3de9ca7*
`登陆天数: 26天 / 666天
等级: 130
石头: 4047
呼符: 299
体力: 28.456666666666663 / 138
友情点: 0 / 398255`
_2024-06-22 04:34:45_
--------
*6378d40c662db17bf338299abda5ee87*
`登陆天数: 26天 / 666天
等级: 130
石头: 4062
呼符: 177
体力: 28.430000000000007 / 138
友情点: 0 / 396770`
_2024-06-22 04:34:54_
--------
*4a4bb41f0561c9b994810608b978990c*
`登陆天数: 26天 / 666天
等级: 130
石头: 4072
呼符: 334
体力: 28.400000000000006 / 138
友情点: 0 / 397705`
_2024-06-22 04:35:02_
--------
*cb0a51a99bc16181cd79fde46c12475b*
`登陆天数: 26天 / 667天
等级: 130
石头: 4072
呼符: 128
体力: 28.373333333333335 / 138
友情点: 0 / 396840`
_2024-06-22 04:35:10_
--------
*fcc1aba7570050368047d922f7aa8dfa*
`登陆天数: 26天 / 666天
等级: 130
石头: 4068
呼符: 258
体力: 28.349999999999994 / 138
友情点: 0 / 395675`
_2024-06-22 04:35:18_
--------
*8a442f49b33b7d244bee496d179204a9*
`登陆天数: 26天 / 667天
等级: 130
石头: 4087
呼符: 36
体力: 28.319999999999993 / 138
友情点: 0 / 397420`
_2024-06-22 04:35:26_
--------
*8c2ee9f5b328a0b524642905a8521286*
`登陆天数: 26天 / 666天
等级: 130
石头: 4085
呼符: 272
体力: 28.293333333333337 / 138
友情点: 0 / 396695`
_2024-06-22 04:35:34_
--------
*3001f740c575e39f54fe9c328c51b8e5*
`登陆天数: 26天 / 667天
等级: 130
石头: 4069
呼符: 36
体力: 28.263333333333335 / 138
友情点: 0 / 396795`
_2024-06-22 04:35:42_
--------
*8405cd7e3c92628f74a36236544f3473*
`登陆天数: 26天 / 666天
等级: 130
石头: 4072
呼符: 227
体力: 28.236666666666665 / 138
友情点: 0 / 396410`
_2024-06-22 04:35:50_
--------
*8d02598403e5aade2ddb3635d0eabe41*
`登陆天数: 26天 / 667天
等级: 130
石头: 4069
呼符: 214
体力: 28.21333333333334 / 138
友情点: 0 / 395820`
_2024-06-22 04:35:58_
--------
*d177bedc0516a467e47bc5bd285af10b*
`登陆天数: 26天 / 666天
等级: 130
石头: 4069
呼符: 320
体力: 28.183333333333337 / 138
友情点: 0 / 396385`
_2024-06-22 04:36:06_
--------
*525066aaecd9a946f7f49463acc532c0*
`登陆天数: 26天 / 666天
等级: 130
石头: 4027
呼符: 24
体力: 20501.516666666666 / 138
友情点: 0 / 467720`
_2024-06-22 04:36:15_
--------
