【登录信息】
*32f66d60569f4040d930610ec2d43273*
`登陆天数: 31天 / 668天
等级: 130
石头: 4077
呼符: 323
体力: 30.25666666666666 / 138
友情点: 0 / 390980`
_2024-06-23 04:30:05_
--------
*a6f1a8527c8646571e8aee9c1d53437d*
`登陆天数: 31天 / 668天
等级: 130
石头: 4071
呼符: 268
体力: 30.22333333333333 / 138
友情点: 0 / 390820`
_2024-06-23 04:30:14_
--------
*ecea268f15b09815179d0034f274b43f*
`登陆天数: 31天 / 668天
等级: 130
石头: 4056
呼符: 261
体力: 30.193333333333328 / 138
友情点: 0 / 389985`
_2024-06-23 04:30:21_
--------
*99374f167e1f7f52b42f26b623951329*
`登陆天数: 31天 / 669天
等级: 130
石头: 4075
呼符: 327
体力: 30.163333333333327 / 138
友情点: 0 / 391175`
_2024-06-23 04:30:30_
--------
*0ca36aac6a07bc34dfa37619d9a5e6dc*
`登陆天数: 31天 / 669天
等级: 130
石头: 4075
呼符: 336
体力: 30.13666666666667 / 138
友情点: 0 / 390805`
_2024-06-23 04:30:38_
--------
*5da5c1a3ce9813eda885d683fefad08e*
`登陆天数: 31天 / 669天
等级: 130
石头: 4067
呼符: 316
体力: 30.10666666666667 / 138
友情点: 0 / 392305`
_2024-06-23 04:30:46_
--------
*c2641f49fb84c75233189cedda53db7a*
`登陆天数: 31天 / 669天
等级: 130
石头: 4098
呼符: 179
体力: 30.076666666666668 / 138
友情点: 0 / 389890`
_2024-06-23 04:30:54_
--------
*fcdb98fe5ad234602d6e9ee75494453e*
`登陆天数: 31天 / 668天
等级: 130
石头: 4076
呼符: 326
体力: 30.046666666666667 / 138
友情点: 0 / 390470`
_2024-06-23 04:31:02_
--------
*ab4cb6fdd635cccd7057272446d400d7*
`登陆天数: 31天 / 668天
等级: 130
石头: 4087
呼符: 158
体力: 30.016666666666666 / 138
友情点: 0 / 391150`
_2024-06-23 04:31:10_
--------
*ac97258c3f2a29801a940a18b37e06c3*
`登陆天数: 31天 / 668天
等级: 130
石头: 4072
呼符: 146
体力: 29.986666666666665 / 138
友情点: 0 / 391905`
_2024-06-23 04:31:18_
--------
*8eaa0028f1afe11098b06602480f4d25*
`登陆天数: 31天 / 669天
等级: 130
石头: 4083
呼符: 272
体力: 29.959999999999994 / 138
友情点: 0 / 390715`
_2024-06-23 04:31:27_
--------
*e0b160c3f257d7139d5362091ce127bf*
`登陆天数: 31天 / 669天
等级: 130
石头: 4073
呼符: 37
体力: 29.930000000000007 / 138
友情点: 0 / 390335`
_2024-06-23 04:31:35_
--------
*114757692565564d6902bae439efdcad*
`登陆天数: 31天 / 668天
等级: 130
石头: 4071
呼符: 197
体力: 29.900000000000006 / 138
友情点: 0 / 390645`
_2024-06-23 04:31:43_
--------
*7eaf856dadd4810511c5ac5259e1a992*
`登陆天数: 31天 / 669天
等级: 130
石头: 4094
呼符: 285
体力: 29.870000000000005 / 138
友情点: 0 / 391280`
_2024-06-23 04:31:50_
--------
*6492ddaff56fafe03fcb40ee34ca9c10*
`登陆天数: 31天 / 668天
等级: 130
石头: 4096
呼符: 330
体力: 29.843333333333334 / 138
友情点: 0 / 390860`
_2024-06-23 04:31:58_
--------
*5ff9e9fe7595099e68b8f8083394b486*
`登陆天数: 31天 / 669天
等级: 130
石头: 4076
呼符: 309
体力: 29.816666666666663 / 138
友情点: 0 / 389735`
_2024-06-23 04:32:07_
--------
*2b616c830037692771389c1728c423b9*
`登陆天数: 31天 / 669天
等级: 130
石头: 4061
呼符: 212
体力: 29.78333333333333 / 138
友情点: 0 / 391050`
_2024-06-23 04:32:15_
--------
*8fd7195f213261f6e7f481ea46e4b996*
`登陆天数: 31天 / 668天
等级: 130
石头: 4061
呼符: 335
体力: 29.75666666666666 / 138
友情点: 0 / 389950`
_2024-06-23 04:32:23_
--------
*3cf5d6a88bcef64c32d47e9e92f19fa9*
`登陆天数: 31天 / 668天
等级: 130
石头: 4072
呼符: 267
体力: 29.726666666666674 / 138
友情点: 0 / 390565`
_2024-06-23 04:32:31_
--------
*7d518c426b6ba735bdb98db5c8828a68*
`登陆天数: 31天 / 668天
等级: 130
石头: 4078
呼符: 128
体力: 29.700000000000003 / 138
友情点: 0 / 389525`
_2024-06-23 04:32:39_
--------
*2ca9155841a12c3c34a7f42bdffbf414*
`登陆天数: 31天 / 668天
等级: 130
石头: 4073
呼符: 235
体力: 29.67 / 138
友情点: 0 / 389970`
_2024-06-23 04:32:47_
--------
*0d07906de391ba1fa9051f3e7d95e124*
`登陆天数: 31天 / 668天
等级: 130
石头: 4071
呼符: 36
体力: 29.64 / 138
友情点: 0 / 396950`
_2024-06-23 04:32:54_
--------
*5edc27d34ce65f0d20a794b4f17c648a*
`登陆天数: 31天 / 668天
等级: 130
石头: 4090
呼符: 331
体力: 29.61333333333333 / 138
友情点: 0 / 390000`
_2024-06-23 04:33:02_
--------
*e8c85976369beb7214ac59b4c68c5700*
`登陆天数: 31天 / 668天
等级: 130
石头: 4046
呼符: 323
体力: 29.58333333333333 / 138
友情点: 0 / 389955`
_2024-06-23 04:33:10_
--------
*f1f179550799ce4094732eedd4fa3e75*
`登陆天数: 31天 / 669天
等级: 130
石头: 4091
呼符: 323
体力: 29.553333333333327 / 138
友情点: 0 / 390505`
_2024-06-23 04:33:18_
--------
*ccae2bde67c1d7de10a2a5d20bc8e63c*
`登陆天数: 31天 / 668天
等级: 130
石头: 4073
呼符: 175
体力: 29.52666666666667 / 138
友情点: 0 / 390260`
_2024-06-23 04:33:27_
--------
*2c05c7a6b84191415f5d7ecf78149600*
`登陆天数: 31天 / 669天
等级: 130
石头: 4095
呼符: 327
体力: 29.49666666666667 / 138
友情点: 0 / 390640`
_2024-06-23 04:33:35_
--------
*33d98a7bd2b1750c2393a2af4f1027f9*
`登陆天数: 31天 / 668天
等级: 130
石头: 4065
呼符: 331
体力: 29.46666666666667 / 138
友情点: 0 / 391785`
_2024-06-23 04:33:43_
--------
*6a0ad1a517099a6d355a4f012147d88d*
`登陆天数: 31天 / 668天
等级: 130
石头: 4099
呼符: 279
体力: 29.430000000000007 / 138
友情点: 0 / 389925`
_2024-06-23 04:33:51_
--------
*59d366611066645acbd6fb3adc638e66*
`登陆天数: 31天 / 668天
等级: 130
石头: 4076
呼符: 326
体力: 29.406666666666666 / 138
友情点: 0 / 390110`
_2024-06-23 04:33:59_
--------
*aaec1b15ae39ed4de2e713fe9dcbe03b*
`登陆天数: 31天 / 668天
等级: 130
石头: 4063
呼符: 244
体力: 29.376666666666665 / 138
友情点: 0 / 390530`
_2024-06-23 04:34:07_
--------
*9090e76d9455cd21515bd566d313f746*
`登陆天数: 27天 / 667天
等级: 130
石头: 4070
呼符: 35
体力: 29.346666666666664 / 138
友情点: 0 / 389960`
_2024-06-23 04:34:15_
--------
*04491f770e91bb230a350b051ac4c2e3*
`登陆天数: 27天 / 668天
等级: 130
石头: 4076
呼符: 249
体力: 29.319999999999993 / 138
友情点: 0 / 390020`
_2024-06-23 04:34:23_
--------
*6cd3e26d84dfb2fcf79ab1d198525431*
`登陆天数: 27天 / 667天
等级: 130
石头: 4071
呼符: 218
体力: 29.293333333333337 / 138
友情点: 0 / 392400`
_2024-06-23 04:34:31_
--------
*cc923ea5b45843ab4183ed2e5ea22ab3*
`登陆天数: 27天 / 668天
等级: 130
石头: 4066
呼符: 261
体力: 29.260000000000005 / 138
友情点: 0 / 391260`
_2024-06-23 04:34:39_
--------
*a1e587c74df1130695ccb1369acbce0f*
`登陆天数: 27天 / 668天
等级: 130
石头: 4089
呼符: 275
体力: 29.233333333333334 / 138
友情点: 0 / 390565`
_2024-06-23 04:34:47_
--------
*4b20916c18b4d1c388b6adeb7255bdd2*
`登陆天数: 27天 / 667天
等级: 130
石头: 4071
呼符: 291
体力: 29.203333333333333 / 138
友情点: 0 / 391835`
_2024-06-23 04:34:55_
--------
*a753eeed9c10b7acec26ab2b907174be*
`登陆天数: 27天 / 667天
等级: 130
石头: 4067
呼符: 184
体力: 29.173333333333332 / 138
友情点: 0 / 391070`
_2024-06-23 04:35:03_
--------
*b795660d1ebd788a2555c779f3de9ca7*
`登陆天数: 27天 / 667天
等级: 130
石头: 4050
呼符: 299
体力: 29.14333333333333 / 138
友情点: 0 / 392255`
_2024-06-23 04:35:12_
--------
*6378d40c662db17bf338299abda5ee87*
`登陆天数: 27天 / 667天
等级: 130
石头: 4065
呼符: 177
体力: 29.120000000000005 / 138
友情点: 0 / 390770`
_2024-06-23 04:35:20_
--------
*4a4bb41f0561c9b994810608b978990c*
`登陆天数: 27天 / 667天
等级: 130
石头: 4075
呼符: 334
体力: 29.090000000000003 / 138
友情点: 0 / 391705`
_2024-06-23 04:35:28_
--------
*cb0a51a99bc16181cd79fde46c12475b*
`登陆天数: 27天 / 668天
等级: 130
石头: 4075
呼符: 128
体力: 29.060000000000002 / 138
友情点: 0 / 390840`
_2024-06-23 04:35:36_
--------
*fcc1aba7570050368047d922f7aa8dfa*
`登陆天数: 27天 / 667天
等级: 130
石头: 4071
呼符: 258
体力: 29.03 / 138
友情点: 0 / 389675`
_2024-06-23 04:35:44_
--------
*8a442f49b33b7d244bee496d179204a9*
`登陆天数: 27天 / 668天
等级: 130
石头: 4090
呼符: 36
体力: 29.00333333333333 / 138
友情点: 0 / 395420`
_2024-06-23 04:35:53_
--------
*8c2ee9f5b328a0b524642905a8521286*
`登陆天数: 27天 / 667天
等级: 130
石头: 4088
呼符: 272
体力: 28.976666666666674 / 138
友情点: 0 / 390695`
_2024-06-23 04:36:01_
--------
*3001f740c575e39f54fe9c328c51b8e5*
`登陆天数: 27天 / 668天
等级: 130
石头: 4072
呼符: 36
体力: 28.946666666666673 / 138
友情点: 0 / 392795`
_2024-06-23 04:36:09_
--------
*8405cd7e3c92628f74a36236544f3473*
`登陆天数: 27天 / 667天
等级: 130
石头: 4075
呼符: 227
体力: 28.92 / 138
友情点: 0 / 390410`
_2024-06-23 04:36:17_
--------
*8d02598403e5aade2ddb3635d0eabe41*
`登陆天数: 27天 / 668天
等级: 130
石头: 4072
呼符: 214
体力: 28.89333333333333 / 138
友情点: 0 / 389820`
_2024-06-23 04:36:26_
--------
*d177bedc0516a467e47bc5bd285af10b*
`登陆天数: 27天 / 667天
等级: 130
石头: 4072
呼符: 320
体力: 28.86333333333333 / 138
友情点: 0 / 390385`
_2024-06-23 04:36:34_
--------
*525066aaecd9a946f7f49463acc532c0*
`登陆天数: 27天 / 667天
等级: 130
石头: 4027
呼符: 24
体力: 20789.606666666667 / 138
友情点: 0 / 467720`
_2024-06-23 04:36:42_
--------
