【登录信息】
*32f66d60569f4040d930610ec2d43273*
`登陆天数: 32天 / 669天
等级: 130
石头: 4078
呼符: 323
体力: 30.226666666666674 / 138
友情点: 0 / 384980`
_2024-06-24 04:31:11_
--------
*a6f1a8527c8646571e8aee9c1d53437d*
`登陆天数: 32天 / 669天
等级: 130
石头: 4072
呼符: 268
体力: 30.196666666666673 / 138
友情点: 0 / 384820`
_2024-06-24 04:31:19_
--------
*ecea268f15b09815179d0034f274b43f*
`登陆天数: 32天 / 669天
等级: 130
石头: 4057
呼符: 261
体力: 30.17 / 138
友情点: 0 / 383985`
_2024-06-24 04:31:27_
--------
*99374f167e1f7f52b42f26b623951329*
`登陆天数: 32天 / 670天
等级: 130
石头: 4076
呼符: 327
体力: 30.14333333333333 / 138
友情点: 0 / 385175`
_2024-06-24 04:31:35_
--------
*0ca36aac6a07bc34dfa37619d9a5e6dc*
`登陆天数: 32天 / 670天
等级: 130
石头: 4076
呼符: 336
体力: 30.11666666666666 / 138
友情点: 0 / 384805`
_2024-06-24 04:31:43_
--------
*5da5c1a3ce9813eda885d683fefad08e*
`登陆天数: 32天 / 670天
等级: 130
石头: 4068
呼符: 316
体力: 30.086666666666673 / 138
友情点: 0 / 386305`
_2024-06-24 04:31:51_
--------
*c2641f49fb84c75233189cedda53db7a*
`登陆天数: 32天 / 670天
等级: 130
石头: 4099
呼符: 179
体力: 30.060000000000002 / 138
友情点: 0 / 383890`
_2024-06-24 04:31:59_
--------
*fcdb98fe5ad234602d6e9ee75494453e*
`登陆天数: 32天 / 669天
等级: 130
石头: 4077
呼符: 326
体力: 30.03333333333333 / 138
友情点: 0 / 384470`
_2024-06-24 04:32:07_
--------
*ab4cb6fdd635cccd7057272446d400d7*
`登陆天数: 32天 / 669天
等级: 130
石头: 4088
呼符: 158
体力: 30.00666666666666 / 138
友情点: 0 / 385150`
_2024-06-24 04:32:15_
--------
*ac97258c3f2a29801a940a18b37e06c3*
`登陆天数: 32天 / 669天
等级: 130
石头: 4073
呼符: 146
体力: 29.980000000000004 / 138
友情点: 0 / 385905`
_2024-06-24 04:32:23_
--------
*8eaa0028f1afe11098b06602480f4d25*
`登陆天数: 32天 / 670天
等级: 130
石头: 4084
呼符: 272
体力: 29.953333333333333 / 138
友情点: 0 / 384715`
_2024-06-24 04:32:31_
--------
*e0b160c3f257d7139d5362091ce127bf*
`登陆天数: 32天 / 670天
等级: 130
石头: 4074
呼符: 37
体力: 29.926666666666662 / 138
友情点: 0 / 384335`
_2024-06-24 04:32:39_
--------
*114757692565564d6902bae439efdcad*
`登陆天数: 32天 / 669天
等级: 130
石头: 4072
呼符: 197
体力: 29.900000000000006 / 138
友情点: 0 / 384645`
_2024-06-24 04:32:47_
--------
*7eaf856dadd4810511c5ac5259e1a992*
`登陆天数: 32天 / 670天
等级: 130
石头: 4095
呼符: 285
体力: 29.873333333333335 / 138
友情点: 0 / 385280`
_2024-06-24 04:32:55_
--------
*6492ddaff56fafe03fcb40ee34ca9c10*
`登陆天数: 32天 / 669天
等级: 130
石头: 4097
呼符: 330
体力: 29.846666666666664 / 138
友情点: 0 / 384860`
_2024-06-24 04:33:03_
--------
*5ff9e9fe7595099e68b8f8083394b486*
`登陆天数: 32天 / 670天
等级: 130
石头: 4077
呼符: 309
体力: 29.819999999999993 / 138
友情点: 0 / 383735`
_2024-06-24 04:33:11_
--------
*2b616c830037692771389c1728c423b9*
`登陆天数: 32天 / 670天
等级: 130
石头: 4062
呼符: 212
体力: 29.793333333333337 / 138
友情点: 0 / 385050`
_2024-06-24 04:33:19_
--------
*8fd7195f213261f6e7f481ea46e4b996*
`登陆天数: 32天 / 669天
等级: 130
石头: 4062
呼符: 335
体力: 29.766666666666666 / 138
友情点: 0 / 383950`
_2024-06-24 04:33:27_
--------
*3cf5d6a88bcef64c32d47e9e92f19fa9*
`登陆天数: 32天 / 669天
等级: 130
石头: 4073
呼符: 267
体力: 29.739999999999995 / 138
友情点: 0 / 384565`
_2024-06-24 04:33:35_
--------
*7d518c426b6ba735bdb98db5c8828a68*
`登陆天数: 32天 / 669天
等级: 130
石头: 4079
呼符: 128
体力: 29.709999999999994 / 138
友情点: 0 / 387525`
_2024-06-24 04:33:43_
--------
*2ca9155841a12c3c34a7f42bdffbf414*
`登陆天数: 32天 / 669天
等级: 130
石头: 4074
呼符: 235
体力: 29.689999999999998 / 138
友情点: 0 / 383970`
_2024-06-24 04:33:51_
--------
*0d07906de391ba1fa9051f3e7d95e124*
`登陆天数: 32天 / 669天
等级: 130
石头: 4072
呼符: 36
体力: 29.659999999999997 / 138
友情点: 0 / 396950`
_2024-06-24 04:33:59_
--------
*5edc27d34ce65f0d20a794b4f17c648a*
`登陆天数: 32天 / 669天
等级: 130
石头: 4091
呼符: 331
体力: 29.63666666666667 / 138
友情点: 0 / 384000`
_2024-06-24 04:34:07_
--------
*e8c85976369beb7214ac59b4c68c5700*
`登陆天数: 32天 / 669天
等级: 130
石头: 4047
呼符: 323
体力: 29.61 / 138
友情点: 0 / 383955`
_2024-06-24 04:34:15_
--------
*f1f179550799ce4094732eedd4fa3e75*
`登陆天数: 32天 / 670天
等级: 130
石头: 4092
呼符: 323
体力: 29.58333333333333 / 138
友情点: 0 / 384505`
_2024-06-24 04:34:23_
--------
*ccae2bde67c1d7de10a2a5d20bc8e63c*
`登陆天数: 32天 / 669天
等级: 130
石头: 4074
呼符: 175
体力: 29.560000000000002 / 138
友情点: 0 / 384260`
_2024-06-24 04:34:31_
--------
*2c05c7a6b84191415f5d7ecf78149600*
`登陆天数: 32天 / 670天
等级: 130
石头: 4096
呼符: 327
体力: 29.53333333333333 / 138
友情点: 0 / 384640`
_2024-06-24 04:34:39_
--------
*33d98a7bd2b1750c2393a2af4f1027f9*
`登陆天数: 32天 / 669天
等级: 130
石头: 4066
呼符: 331
体力: 29.50666666666666 / 138
友情点: 0 / 385785`
_2024-06-24 04:34:47_
--------
*6a0ad1a517099a6d355a4f012147d88d*
`登陆天数: 32天 / 669天
等级: 130
石头: 4100
呼符: 279
体力: 29.480000000000004 / 138
友情点: 0 / 383925`
_2024-06-24 04:34:56_
--------
*59d366611066645acbd6fb3adc638e66*
`登陆天数: 32天 / 669天
等级: 130
石头: 4077
呼符: 326
体力: 29.453333333333333 / 138
友情点: 0 / 384110`
_2024-06-24 04:35:04_
--------
*aaec1b15ae39ed4de2e713fe9dcbe03b*
`登陆天数: 32天 / 669天
等级: 130
石头: 4064
呼符: 244
体力: 29.423333333333332 / 138
友情点: 0 / 384530`
_2024-06-24 04:35:11_
--------
*9090e76d9455cd21515bd566d313f746*
`登陆天数: 28天 / 668天
等级: 130
石头: 4070
呼符: 36
体力: 29.39666666666666 / 138
友情点: 0 / 389960`
_2024-06-24 04:35:20_
--------
*04491f770e91bb230a350b051ac4c2e3*
`登陆天数: 28天 / 669天
等级: 130
石头: 4076
呼符: 250
体力: 29.376666666666665 / 138
友情点: 0 / 384020`
_2024-06-24 04:35:28_
--------
*6cd3e26d84dfb2fcf79ab1d198525431*
`登陆天数: 28天 / 668天
等级: 130
石头: 4071
呼符: 219
体力: 29.349999999999994 / 138
友情点: 0 / 386400`
_2024-06-24 04:35:36_
--------
*cc923ea5b45843ab4183ed2e5ea22ab3*
`登陆天数: 28天 / 669天
等级: 130
石头: 4066
呼符: 262
体力: 29.323333333333338 / 138
友情点: 0 / 385260`
_2024-06-24 04:35:44_
--------
*a1e587c74df1130695ccb1369acbce0f*
`登陆天数: 28天 / 669天
等级: 130
石头: 4089
呼符: 276
体力: 29.296666666666667 / 138
友情点: 0 / 384565`
_2024-06-24 04:35:52_
--------
*4b20916c18b4d1c388b6adeb7255bdd2*
`登陆天数: 28天 / 668天
等级: 130
石头: 4071
呼符: 292
体力: 29.266666666666666 / 138
友情点: 0 / 385835`
_2024-06-24 04:36:00_
--------
*a753eeed9c10b7acec26ab2b907174be*
`登陆天数: 28天 / 668天
等级: 130
石头: 4067
呼符: 185
体力: 29.24333333333334 / 138
友情点: 0 / 385070`
_2024-06-24 04:36:08_
--------
*b795660d1ebd788a2555c779f3de9ca7*
`登陆天数: 28天 / 668天
等级: 130
石头: 4050
呼符: 300
体力: 29.21666666666667 / 138
友情点: 0 / 386255`
_2024-06-24 04:36:16_
--------
*6378d40c662db17bf338299abda5ee87*
`登陆天数: 28天 / 668天
等级: 130
石头: 4065
呼符: 178
体力: 29.189999999999998 / 138
友情点: 0 / 384770`
_2024-06-24 04:36:24_
--------
*4a4bb41f0561c9b994810608b978990c*
`登陆天数: 28天 / 668天
等级: 130
石头: 4075
呼符: 335
体力: 29.159999999999997 / 138
友情点: 0 / 385705`
_2024-06-24 04:36:33_
--------
*cb0a51a99bc16181cd79fde46c12475b*
`登陆天数: 28天 / 669天
等级: 130
石头: 4075
呼符: 129
体力: 29.14 / 138
友情点: 0 / 384840`
_2024-06-24 04:36:41_
--------
*fcc1aba7570050368047d922f7aa8dfa*
`登陆天数: 28天 / 668天
等级: 130
石头: 4071
呼符: 259
体力: 29.11333333333333 / 138
友情点: 0 / 383675`
_2024-06-24 04:36:49_
--------
*8a442f49b33b7d244bee496d179204a9*
`登陆天数: 28天 / 669天
等级: 130
石头: 4090
呼符: 37
体力: 29.086666666666673 / 138
友情点: 0 / 395420`
_2024-06-24 04:36:57_
--------
*8c2ee9f5b328a0b524642905a8521286*
`登陆天数: 28天 / 668天
等级: 130
石头: 4088
呼符: 273
体力: 29.063333333333333 / 138
友情点: 0 / 384695`
_2024-06-24 04:37:05_
--------
*3001f740c575e39f54fe9c328c51b8e5*
`登陆天数: 28天 / 669天
等级: 130
石头: 4072
呼符: 37
体力: 29.03666666666666 / 138
友情点: 0 / 392795`
_2024-06-24 04:37:13_
--------
*8405cd7e3c92628f74a36236544f3473*
`登陆天数: 28天 / 668天
等级: 130
石头: 4075
呼符: 228
体力: 29.013333333333335 / 138
友情点: 0 / 384410`
_2024-06-24 04:37:22_
--------
*8d02598403e5aade2ddb3635d0eabe41*
`登陆天数: 28天 / 669天
等级: 130
石头: 4072
呼符: 215
体力: 28.989999999999995 / 138
友情点: 0 / 383820`
_2024-06-24 04:37:30_
--------
*d177bedc0516a467e47bc5bd285af10b*
`登陆天数: 28天 / 668天
等级: 130
石头: 4072
呼符: 321
体力: 28.959999999999994 / 138
友情点: 0 / 384385`
_2024-06-24 04:37:38_
--------
*525066aaecd9a946f7f49463acc532c0*
`登陆天数: 28天 / 668天
等级: 130
石头: 4027
呼符: 24
体力: 21077.82 / 138
友情点: 0 / 467720`
_2024-06-24 04:37:46_
--------
