【登录信息】
*32f66d60569f4040d930610ec2d43273*
`登陆天数: 33天 / 670天
等级: 130
石头: 4078
呼符: 324
体力: 30.14666666666666 / 138
友情点: 0 / 378980`
_2024-06-25 04:31:18_
--------
*a6f1a8527c8646571e8aee9c1d53437d*
`登陆天数: 33天 / 670天
等级: 130
石头: 4072
呼符: 269
体力: 30.11666666666666 / 138
友情点: 0 / 378820`
_2024-06-25 04:31:26_
--------
*ecea268f15b09815179d0034f274b43f*
`登陆天数: 33天 / 670天
等级: 130
石头: 4057
呼符: 262
体力: 30.086666666666673 / 138
友情点: 0 / 377985`
_2024-06-25 04:31:33_
--------
*99374f167e1f7f52b42f26b623951329*
`登陆天数: 33天 / 671天
等级: 130
石头: 4076
呼符: 328
体力: 30.053333333333327 / 138
友情点: 0 / 379175`
_2024-06-25 04:31:41_
--------
*0ca36aac6a07bc34dfa37619d9a5e6dc*
`登陆天数: 33天 / 671天
等级: 130
石头: 4076
呼符: 337
体力: 30.023333333333326 / 138
友情点: 0 / 378805`
_2024-06-25 04:31:49_
--------
*5da5c1a3ce9813eda885d683fefad08e*
`登陆天数: 33天 / 671天
等级: 130
石头: 4068
呼符: 317
体力: 29.99666666666667 / 138
友情点: 0 / 380305`
_2024-06-25 04:31:56_
--------
*c2641f49fb84c75233189cedda53db7a*
`登陆天数: 33天 / 671天
等级: 130
石头: 4099
呼符: 180
体力: 29.96666666666667 / 138
友情点: 0 / 377890`
_2024-06-25 04:32:04_
--------
*fcdb98fe5ad234602d6e9ee75494453e*
`登陆天数: 33天 / 670天
等级: 130
石头: 4077
呼符: 327
体力: 29.933333333333337 / 138
友情点: 0 / 378470`
_2024-06-25 04:32:12_
--------
*ab4cb6fdd635cccd7057272446d400d7*
`登陆天数: 33天 / 670天
等级: 130
石头: 4088
呼符: 159
体力: 29.903333333333336 / 138
友情点: 0 / 379150`
_2024-06-25 04:32:20_
--------
*ac97258c3f2a29801a940a18b37e06c3*
`登陆天数: 33天 / 670天
等级: 130
石头: 4073
呼符: 147
体力: 29.873333333333335 / 138
友情点: 0 / 383905`
_2024-06-25 04:32:28_
--------
*8eaa0028f1afe11098b06602480f4d25*
`登陆天数: 33天 / 671天
等级: 130
石头: 4084
呼符: 273
体力: 29.846666666666664 / 138
友情点: 0 / 378715`
_2024-06-25 04:32:35_
--------
*e0b160c3f257d7139d5362091ce127bf*
`登陆天数: 33天 / 671天
等级: 130
石头: 4074
呼符: 38
体力: 29.816666666666663 / 138
友情点: 0 / 378335`
_2024-06-25 04:32:43_
--------
*114757692565564d6902bae439efdcad*
`登陆天数: 33天 / 670天
等级: 130
石头: 4072
呼符: 198
体力: 29.78666666666666 / 138
友情点: 0 / 378645`
_2024-06-25 04:32:51_
--------
*7eaf856dadd4810511c5ac5259e1a992*
`登陆天数: 33天 / 671天
等级: 130
石头: 4095
呼符: 286
体力: 29.75666666666666 / 138
友情点: 0 / 379280`
_2024-06-25 04:32:59_
--------
*6492ddaff56fafe03fcb40ee34ca9c10*
`登陆天数: 33天 / 670天
等级: 130
石头: 4097
呼符: 331
体力: 29.726666666666674 / 138
友情点: 0 / 378860`
_2024-06-25 04:33:06_
--------
*5ff9e9fe7595099e68b8f8083394b486*
`登陆天数: 33天 / 671天
等级: 130
石头: 4077
呼符: 310
体力: 29.700000000000003 / 138
友情点: 0 / 377735`
_2024-06-25 04:33:14_
--------
*2b616c830037692771389c1728c423b9*
`登陆天数: 33天 / 671天
等级: 130
石头: 4062
呼符: 213
体力: 29.67 / 138
友情点: 0 / 379050`
_2024-06-25 04:33:22_
--------
*8fd7195f213261f6e7f481ea46e4b996*
`登陆天数: 33天 / 670天
等级: 130
石头: 4062
呼符: 336
体力: 29.64 / 138
友情点: 0 / 377950`
_2024-06-25 04:33:30_
--------
*3cf5d6a88bcef64c32d47e9e92f19fa9*
`登陆天数: 33天 / 670天
等级: 130
石头: 4073
呼符: 268
体力: 29.61 / 138
友情点: 0 / 378565`
_2024-06-25 04:33:37_
--------
*7d518c426b6ba735bdb98db5c8828a68*
`登陆天数: 33天 / 670天
等级: 130
石头: 4079
呼符: 129
体力: 29.58 / 138
友情点: 0 / 387525`
_2024-06-25 04:33:45_
--------
*2ca9155841a12c3c34a7f42bdffbf414*
`登陆天数: 33天 / 670天
等级: 130
石头: 4074
呼符: 236
体力: 29.549999999999997 / 138
友情点: 0 / 377970`
_2024-06-25 04:33:53_
--------
*0d07906de391ba1fa9051f3e7d95e124*
`登陆天数: 33天 / 670天
等级: 130
石头: 4072
呼符: 37
体力: 29.519999999999996 / 138
友情点: 0 / 396950`
_2024-06-25 04:34:01_
--------
*5edc27d34ce65f0d20a794b4f17c648a*
`登陆天数: 33天 / 670天
等级: 130
石头: 4091
呼符: 332
体力: 29.49333333333334 / 138
友情点: 0 / 378000`
_2024-06-25 04:34:09_
--------
*e8c85976369beb7214ac59b4c68c5700*
`登陆天数: 33天 / 670天
等级: 130
石头: 4047
呼符: 324
体力: 29.46333333333334 / 138
友情点: 0 / 377955`
_2024-06-25 04:34:16_
--------
*f1f179550799ce4094732eedd4fa3e75*
`登陆天数: 33天 / 671天
等级: 130
石头: 4092
呼符: 324
体力: 29.436666666666667 / 138
友情点: 0 / 378505`
_2024-06-25 04:34:24_
--------
*ccae2bde67c1d7de10a2a5d20bc8e63c*
`登陆天数: 33天 / 670天
等级: 130
石头: 4074
呼符: 176
体力: 29.406666666666666 / 138
友情点: 0 / 378260`
_2024-06-25 04:34:32_
--------
*2c05c7a6b84191415f5d7ecf78149600*
`登陆天数: 33天 / 671天
等级: 130
石头: 4096
呼符: 328
体力: 29.376666666666665 / 138
友情点: 0 / 378640`
_2024-06-25 04:34:40_
--------
*33d98a7bd2b1750c2393a2af4f1027f9*
`登陆天数: 33天 / 670天
等级: 130
石头: 4066
呼符: 332
体力: 29.346666666666664 / 138
友情点: 0 / 379785`
_2024-06-25 04:34:48_
--------
*6a0ad1a517099a6d355a4f012147d88d*
`登陆天数: 33天 / 670天
等级: 130
石头: 4100
呼符: 280
体力: 29.316666666666663 / 138
友情点: 0 / 377925`
_2024-06-25 04:34:55_
--------
*59d366611066645acbd6fb3adc638e66*
`登陆天数: 33天 / 670天
等级: 130
石头: 4077
呼符: 327
体力: 29.28666666666666 / 138
友情点: 0 / 378110`
_2024-06-25 04:35:03_
--------
*aaec1b15ae39ed4de2e713fe9dcbe03b*
`登陆天数: 33天 / 670天
等级: 130
石头: 4064
呼符: 245
体力: 29.25333333333333 / 138
友情点: 0 / 378530`
_2024-06-25 04:35:11_
--------
*9090e76d9455cd21515bd566d313f746*
`登陆天数: 29天 / 669天
等级: 130
石头: 4070
呼符: 37
体力: 29.22333333333333 / 138
友情点: 0 / 391960`
_2024-06-25 04:35:18_
--------
*04491f770e91bb230a350b051ac4c2e3*
`登陆天数: 29天 / 670天
等级: 130
石头: 4076
呼符: 251
体力: 29.193333333333328 / 138
友情点: 0 / 380020`
_2024-06-25 04:35:26_
--------
*6cd3e26d84dfb2fcf79ab1d198525431*
`登陆天数: 29天 / 669天
等级: 130
石头: 4071
呼符: 220
体力: 29.16666666666667 / 138
友情点: 0 / 382400`
_2024-06-25 04:35:33_
--------
*cc923ea5b45843ab4183ed2e5ea22ab3*
`登陆天数: 29天 / 670天
等级: 130
石头: 4066
呼符: 263
体力: 29.13666666666667 / 138
友情点: 0 / 381260`
_2024-06-25 04:35:41_
--------
*a1e587c74df1130695ccb1369acbce0f*
`登陆天数: 29天 / 670天
等级: 130
石头: 4089
呼符: 277
体力: 29.11 / 138
友情点: 0 / 380565`
_2024-06-25 04:35:49_
--------
*4b20916c18b4d1c388b6adeb7255bdd2*
`登陆天数: 29天 / 669天
等级: 130
石头: 4071
呼符: 293
体力: 29.076666666666668 / 138
友情点: 0 / 381835`
_2024-06-25 04:35:57_
--------
*a753eeed9c10b7acec26ab2b907174be*
`登陆天数: 29天 / 669天
等级: 130
石头: 4067
呼符: 186
体力: 29.046666666666667 / 138
友情点: 0 / 381070`
_2024-06-25 04:36:05_
--------
*b795660d1ebd788a2555c779f3de9ca7*
`登陆天数: 29天 / 669天
等级: 130
石头: 4050
呼符: 301
体力: 29.016666666666666 / 138
友情点: 0 / 382255`
_2024-06-25 04:36:12_
--------
*6378d40c662db17bf338299abda5ee87*
`登陆天数: 29天 / 669天
等级: 130
石头: 4065
呼符: 179
体力: 28.989999999999995 / 138
友情点: 0 / 380770`
_2024-06-25 04:36:20_
--------
*4a4bb41f0561c9b994810608b978990c*
`登陆天数: 29天 / 669天
等级: 130
石头: 4075
呼符: 336
体力: 28.956666666666663 / 138
友情点: 0 / 381705`
_2024-06-25 04:36:28_
--------
*cb0a51a99bc16181cd79fde46c12475b*
`登陆天数: 29天 / 670天
等级: 130
石头: 4075
呼符: 130
体力: 28.926666666666662 / 138
友情点: 0 / 384840`
_2024-06-25 04:36:36_
--------
*fcc1aba7570050368047d922f7aa8dfa*
`登陆天数: 29天 / 669天
等级: 130
石头: 4071
呼符: 260
体力: 28.900000000000006 / 138
友情点: 0 / 379675`
_2024-06-25 04:36:44_
--------
*8a442f49b33b7d244bee496d179204a9*
`登陆天数: 29天 / 670天
等级: 130
石头: 4090
呼符: 38
体力: 28.870000000000005 / 138
友情点: 0 / 397420`
_2024-06-25 04:36:51_
--------
*8c2ee9f5b328a0b524642905a8521286*
`登陆天数: 29天 / 669天
等级: 130
石头: 4088
呼符: 274
体力: 28.840000000000003 / 138
友情点: 0 / 380695`
_2024-06-25 04:36:59_
--------
*3001f740c575e39f54fe9c328c51b8e5*
`登陆天数: 29天 / 670天
等级: 130
石头: 4072
呼符: 38
体力: 28.813333333333333 / 138
友情点: 0 / 394795`
_2024-06-25 04:37:07_
--------
*8405cd7e3c92628f74a36236544f3473*
`登陆天数: 29天 / 669天
等级: 130
石头: 4075
呼符: 229
体力: 28.78666666666666 / 138
友情点: 0 / 380410`
_2024-06-25 04:37:15_
--------
*8d02598403e5aade2ddb3635d0eabe41*
`登陆天数: 29天 / 670天
等级: 130
石头: 4072
呼符: 216
体力: 28.75666666666666 / 138
友情点: 0 / 379820`
_2024-06-25 04:37:22_
--------
*d177bedc0516a467e47bc5bd285af10b*
`登陆天数: 29天 / 669天
等级: 130
石头: 4072
呼符: 322
体力: 28.730000000000004 / 138
友情点: 0 / 380385`
_2024-06-25 04:37:30_
--------
*525066aaecd9a946f7f49463acc532c0*
`登陆天数: 29天 / 669天
等级: 130
石头: 4027
呼符: 24
体力: 21365.79 / 138
友情点: 0 / 467720`
_2024-06-25 04:37:38_
--------
