【登录信息】
*32f66d60569f4040d930610ec2d43273*
`登陆天数: 34天 / 671天
等级: 130
石头: 4081
呼符: 324
体力: 29.986666666666665 / 138
友情点: 0 / 372980`
_2024-06-26 04:32:31_
--------
*a6f1a8527c8646571e8aee9c1d53437d*
`登陆天数: 34天 / 671天
等级: 130
石头: 4075
呼符: 269
体力: 29.950000000000003 / 138
友情点: 0 / 372820`
_2024-06-26 04:32:39_
--------
*ecea268f15b09815179d0034f274b43f*
`登陆天数: 34天 / 671天
等级: 130
石头: 4060
呼符: 262
体力: 29.92 / 138
友情点: 0 / 371985`
_2024-06-26 04:32:46_
--------
*99374f167e1f7f52b42f26b623951329*
`登陆天数: 34天 / 672天
等级: 130
石头: 4079
呼符: 328
体力: 29.89 / 138
友情点: 0 / 373175`
_2024-06-26 04:32:54_
--------
*0ca36aac6a07bc34dfa37619d9a5e6dc*
`登陆天数: 34天 / 672天
等级: 130
石头: 4079
呼符: 337
体力: 29.85666666666667 / 138
友情点: 0 / 372805`
_2024-06-26 04:33:02_
--------
*5da5c1a3ce9813eda885d683fefad08e*
`登陆天数: 34天 / 672天
等级: 130
石头: 4071
呼符: 317
体力: 29.826666666666668 / 138
友情点: 0 / 374305`
_2024-06-26 04:33:10_
--------
*c2641f49fb84c75233189cedda53db7a*
`登陆天数: 34天 / 672天
等级: 130
石头: 4102
呼符: 180
体力: 29.793333333333337 / 138
友情点: 0 / 371890`
_2024-06-26 04:33:18_
--------
*fcdb98fe5ad234602d6e9ee75494453e*
`登陆天数: 34天 / 671天
等级: 130
石头: 4080
呼符: 327
体力: 29.760000000000005 / 138
友情点: 0 / 372470`
_2024-06-26 04:33:25_
--------
*ab4cb6fdd635cccd7057272446d400d7*
`登陆天数: 34天 / 671天
等级: 130
石头: 4091
呼符: 159
体力: 29.733333333333334 / 138
友情点: 0 / 377150`
_2024-06-26 04:33:33_
--------
*ac97258c3f2a29801a940a18b37e06c3*
`登陆天数: 34天 / 671天
等级: 130
石头: 4076
呼符: 147
体力: 29.706666666666663 / 138
友情点: 0 / 383905`
_2024-06-26 04:33:41_
--------
*8eaa0028f1afe11098b06602480f4d25*
`登陆天数: 34天 / 672天
等级: 130
石头: 4087
呼符: 273
体力: 29.676666666666662 / 138
友情点: 0 / 372715`
_2024-06-26 04:33:49_
--------
*e0b160c3f257d7139d5362091ce127bf*
`登陆天数: 34天 / 672天
等级: 130
石头: 4077
呼符: 38
体力: 29.64333333333333 / 138
友情点: 0 / 372335`
_2024-06-26 04:33:57_
--------
*114757692565564d6902bae439efdcad*
`登陆天数: 34天 / 671天
等级: 130
石头: 4075
呼符: 198
体力: 29.61333333333333 / 138
友情点: 0 / 372645`
_2024-06-26 04:34:05_
--------
*7eaf856dadd4810511c5ac5259e1a992*
`登陆天数: 34天 / 672天
等级: 130
石头: 4098
呼符: 286
体力: 29.58333333333333 / 138
友情点: 0 / 373280`
_2024-06-26 04:34:13_
--------
*6492ddaff56fafe03fcb40ee34ca9c10*
`登陆天数: 34天 / 671天
等级: 130
石头: 4100
呼符: 331
体力: 29.549999999999997 / 138
友情点: 0 / 372860`
_2024-06-26 04:34:21_
--------
*5ff9e9fe7595099e68b8f8083394b486*
`登陆天数: 34天 / 672天
等级: 130
石头: 4080
呼符: 310
体力: 29.519999999999996 / 138
友情点: 0 / 371735`
_2024-06-26 04:34:30_
--------
*2b616c830037692771389c1728c423b9*
`登陆天数: 34天 / 672天
等级: 130
石头: 4065
呼符: 213
体力: 29.489999999999995 / 138
友情点: 0 / 373050`
_2024-06-26 04:34:38_
--------
*8fd7195f213261f6e7f481ea46e4b996*
`登陆天数: 34天 / 671天
等级: 130
石头: 4065
呼符: 336
体力: 29.456666666666663 / 138
友情点: 0 / 371950`
_2024-06-26 04:34:46_
--------
*3cf5d6a88bcef64c32d47e9e92f19fa9*
`登陆天数: 34天 / 671天
等级: 130
石头: 4076
呼符: 268
体力: 29.423333333333332 / 138
友情点: 0 / 372565`
_2024-06-26 04:34:54_
--------
*7d518c426b6ba735bdb98db5c8828a68*
`登陆天数: 34天 / 671天
等级: 130
石头: 4082
呼符: 129
体力: 29.39333333333333 / 138
友情点: 0 / 387525`
_2024-06-26 04:35:02_
--------
*2ca9155841a12c3c34a7f42bdffbf414*
`登陆天数: 34天 / 671天
等级: 130
石头: 4077
呼符: 236
体力: 29.36333333333333 / 138
友情点: 0 / 371970`
_2024-06-26 04:35:09_
--------
*0d07906de391ba1fa9051f3e7d95e124*
`登陆天数: 34天 / 671天
等级: 130
石头: 4075
呼符: 37
体力: 29.33333333333333 / 138
友情点: 0 / 396950`
_2024-06-26 04:35:17_
--------
*5edc27d34ce65f0d20a794b4f17c648a*
`登陆天数: 34天 / 671天
等级: 130
石头: 4094
呼符: 332
体力: 29.306666666666672 / 138
友情点: 0 / 372000`
_2024-06-26 04:35:25_
--------
*e8c85976369beb7214ac59b4c68c5700*
`登陆天数: 34天 / 671天
等级: 130
石头: 4050
呼符: 324
体力: 29.273333333333326 / 138
友情点: 0 / 371955`
_2024-06-26 04:35:33_
--------
*f1f179550799ce4094732eedd4fa3e75*
`登陆天数: 34天 / 672天
等级: 130
石头: 4095
呼符: 324
体力: 29.24333333333334 / 138
友情点: 0 / 372505`
_2024-06-26 04:35:41_
--------
*ccae2bde67c1d7de10a2a5d20bc8e63c*
`登陆天数: 34天 / 671天
等级: 130
石头: 4077
呼符: 176
体力: 29.209999999999994 / 138
友情点: 0 / 376260`
_2024-06-26 04:35:49_
--------
*2c05c7a6b84191415f5d7ecf78149600*
`登陆天数: 34天 / 672天
等级: 130
石头: 4099
呼符: 328
体力: 29.180000000000007 / 138
友情点: 0 / 372640`
_2024-06-26 04:35:57_
--------
*33d98a7bd2b1750c2393a2af4f1027f9*
`登陆天数: 34天 / 671天
等级: 130
石头: 4069
呼符: 332
体力: 29.150000000000006 / 138
友情点: 0 / 373785`
_2024-06-26 04:36:06_
--------
*6a0ad1a517099a6d355a4f012147d88d*
`登陆天数: 34天 / 671天
等级: 130
石头: 4103
呼符: 280
体力: 29.120000000000005 / 138
友情点: 0 / 371925`
_2024-06-26 04:36:14_
--------
*59d366611066645acbd6fb3adc638e66*
`登陆天数: 34天 / 671天
等级: 130
石头: 4080
呼符: 327
体力: 29.093333333333334 / 138
友情点: 0 / 372110`
_2024-06-26 04:36:22_
--------
*aaec1b15ae39ed4de2e713fe9dcbe03b*
`登陆天数: 34天 / 671天
等级: 130
石头: 4067
呼符: 245
体力: 29.063333333333333 / 138
友情点: 0 / 372530`
_2024-06-26 04:36:30_
--------
*9090e76d9455cd21515bd566d313f746*
`登陆天数: 30天 / 670天
等级: 130
石头: 4072
呼符: 37
体力: 29.03333333333333 / 138
友情点: 0 / 391960`
_2024-06-26 04:36:38_
--------
*04491f770e91bb230a350b051ac4c2e3*
`登陆天数: 30天 / 671天
等级: 130
石头: 4078
呼符: 251
体力: 29.00333333333333 / 138
友情点: 0 / 374020`
_2024-06-26 04:36:46_
--------
*6cd3e26d84dfb2fcf79ab1d198525431*
`登陆天数: 30天 / 670天
等级: 130
石头: 4073
呼符: 220
体力: 28.97333333333333 / 138
友情点: 0 / 376400`
_2024-06-26 04:36:54_
--------
*cc923ea5b45843ab4183ed2e5ea22ab3*
`登陆天数: 30天 / 671天
等级: 130
石头: 4068
呼符: 263
体力: 28.943333333333328 / 138
友情点: 0 / 375260`
_2024-06-26 04:37:02_
--------
*a1e587c74df1130695ccb1369acbce0f*
`登陆天数: 30天 / 671天
等级: 130
石头: 4091
呼符: 277
体力: 28.913333333333327 / 138
友情点: 0 / 374565`
_2024-06-26 04:37:10_
--------
*4b20916c18b4d1c388b6adeb7255bdd2*
`登陆天数: 30天 / 670天
等级: 130
石头: 4073
呼符: 293
体力: 28.88333333333334 / 138
友情点: 0 / 375835`
_2024-06-26 04:37:18_
--------
*a753eeed9c10b7acec26ab2b907174be*
`登陆天数: 30天 / 670天
等级: 130
石头: 4069
呼符: 186
体力: 28.849999999999994 / 138
友情点: 0 / 375070`
_2024-06-26 04:37:25_
--------
*b795660d1ebd788a2555c779f3de9ca7*
`登陆天数: 30天 / 670天
等级: 130
石头: 4052
呼符: 301
体力: 28.816666666666663 / 138
友情点: 0 / 376255`
_2024-06-26 04:37:33_
--------
*6378d40c662db17bf338299abda5ee87*
`登陆天数: 30天 / 670天
等级: 130
石头: 4067
呼符: 179
体力: 28.790000000000006 / 138
友情点: 0 / 374770`
_2024-06-26 04:37:41_
--------
*4a4bb41f0561c9b994810608b978990c*
`登陆天数: 30天 / 670天
等级: 130
石头: 4077
呼符: 336
体力: 28.760000000000005 / 138
友情点: 0 / 375705`
_2024-06-26 04:37:49_
--------
*cb0a51a99bc16181cd79fde46c12475b*
`登陆天数: 30天 / 671天
等级: 130
石头: 4077
呼符: 130
体力: 28.733333333333334 / 138
友情点: 0 / 384840`
_2024-06-26 04:37:57_
--------
*fcc1aba7570050368047d922f7aa8dfa*
`登陆天数: 30天 / 670天
等级: 130
石头: 4073
呼符: 260
体力: 28.703333333333333 / 138
友情点: 0 / 373675`
_2024-06-26 04:38:05_
--------
*8a442f49b33b7d244bee496d179204a9*
`登陆天数: 30天 / 671天
等级: 130
石头: 4092
呼符: 38
体力: 28.673333333333332 / 138
友情点: 0 / 397420`
_2024-06-26 04:38:13_
--------
*8c2ee9f5b328a0b524642905a8521286*
`登陆天数: 30天 / 670天
等级: 130
石头: 4090
呼符: 274
体力: 28.64333333333333 / 138
友情点: 0 / 374695`
_2024-06-26 04:38:21_
--------
*3001f740c575e39f54fe9c328c51b8e5*
`登陆天数: 30天 / 671天
等级: 130
石头: 4074
呼符: 38
体力: 28.61 / 138
友情点: 0 / 394795`
_2024-06-26 04:38:29_
--------
*8405cd7e3c92628f74a36236544f3473*
`登陆天数: 30天 / 670天
等级: 130
石头: 4077
呼符: 229
体力: 28.58333333333333 / 138
友情点: 0 / 374410`
_2024-06-26 04:38:37_
--------
*8d02598403e5aade2ddb3635d0eabe41*
`登陆天数: 30天 / 671天
等级: 130
石头: 4074
呼符: 216
体力: 28.553333333333327 / 138
友情点: 0 / 373820`
_2024-06-26 04:38:45_
--------
*d177bedc0516a467e47bc5bd285af10b*
`登陆天数: 30天 / 670天
等级: 130
石头: 4074
呼符: 322
体力: 28.523333333333326 / 138
友情点: 0 / 374385`
_2024-06-26 04:38:53_
--------
*525066aaecd9a946f7f49463acc532c0*
`登陆天数: 30天 / 670天
等级: 130
石头: 4027
呼符: 24
体力: 21654.066666666666 / 138
友情点: 0 / 467720`
_2024-06-26 04:39:00_
--------
