【登录信息】
*32f66d60569f4040d930610ec2d43273*
`登陆天数: 35天 / 672天
等级: 130
石头: 4081
呼符: 325
体力: 31.209999999999994 / 138
友情点: 0 / 366980`
_2024-06-27 04:36:21_
--------
*a6f1a8527c8646571e8aee9c1d53437d*
`登陆天数: 35天 / 672天
等级: 130
石头: 4075
呼符: 270
体力: 31.176666666666662 / 138
友情点: 0 / 366820`
_2024-06-27 04:36:28_
--------
*ecea268f15b09815179d0034f274b43f*
`登陆天数: 35天 / 672天
等级: 130
石头: 4060
呼符: 263
体力: 31.14666666666666 / 138
友情点: 0 / 365985`
_2024-06-27 04:36:36_
--------
*99374f167e1f7f52b42f26b623951329*
`登陆天数: 35天 / 673天
等级: 130
石头: 4079
呼符: 329
体力: 31.11333333333333 / 138
友情点: 0 / 367175`
_2024-06-27 04:36:44_
--------
*0ca36aac6a07bc34dfa37619d9a5e6dc*
`登陆天数: 35天 / 673天
等级: 130
石头: 4079
呼符: 338
体力: 31.08333333333333 / 138
友情点: 0 / 366805`
_2024-06-27 04:36:52_
--------
*5da5c1a3ce9813eda885d683fefad08e*
`登陆天数: 35天 / 673天
等级: 130
石头: 4071
呼符: 318
体力: 31.053333333333327 / 138
友情点: 0 / 368305`
_2024-06-27 04:36:59_
--------
*c2641f49fb84c75233189cedda53db7a*
`登陆天数: 35天 / 673天
等级: 130
石头: 4102
呼符: 181
体力: 31.023333333333326 / 138
友情点: 0 / 371890`
_2024-06-27 04:37:07_
--------
*fcdb98fe5ad234602d6e9ee75494453e*
`登陆天数: 35天 / 672天
等级: 130
石头: 4080
呼符: 328
体力: 30.99666666666667 / 138
友情点: 0 / 366470`
_2024-06-27 04:37:15_
--------
*ab4cb6fdd635cccd7057272446d400d7*
`登陆天数: 35天 / 672天
等级: 130
石头: 4091
呼符: 160
体力: 30.96666666666667 / 138
友情点: 0 / 377150`
_2024-06-27 04:37:23_
--------
*ac97258c3f2a29801a940a18b37e06c3*
`登陆天数: 35天 / 672天
等级: 130
石头: 4076
呼符: 148
体力: 30.939999999999998 / 138
友情点: 0 / 383905`
_2024-06-27 04:37:31_
--------
*8eaa0028f1afe11098b06602480f4d25*
`登陆天数: 35天 / 673天
等级: 130
石头: 4087
呼符: 274
体力: 30.906666666666666 / 138
友情点: 0 / 366715`
_2024-06-27 04:37:39_
--------
*e0b160c3f257d7139d5362091ce127bf*
`登陆天数: 35天 / 673天
等级: 130
石头: 4077
呼符: 39
体力: 30.876666666666665 / 138
友情点: 0 / 370335`
_2024-06-27 04:37:47_
--------
*114757692565564d6902bae439efdcad*
`登陆天数: 35天 / 672天
等级: 130
石头: 4075
呼符: 199
体力: 30.849999999999994 / 138
友情点: 0 / 366645`
_2024-06-27 04:37:55_
--------
*7eaf856dadd4810511c5ac5259e1a992*
`登陆天数: 35天 / 673天
等级: 130
石头: 4098
呼符: 287
体力: 30.819999999999993 / 138
友情点: 0 / 367280`
_2024-06-27 04:38:02_
--------
*6492ddaff56fafe03fcb40ee34ca9c10*
`登陆天数: 35天 / 672天
等级: 130
石头: 4100
呼符: 332
体力: 30.793333333333337 / 138
友情点: 0 / 366860`
_2024-06-27 04:38:10_
--------
*5ff9e9fe7595099e68b8f8083394b486*
`登陆天数: 35天 / 673天
等级: 130
石头: 4080
呼符: 311
体力: 30.763333333333335 / 138
友情点: 0 / 365735`
_2024-06-27 04:38:18_
--------
*2b616c830037692771389c1728c423b9*
`登陆天数: 35天 / 673天
等级: 130
石头: 4065
呼符: 214
体力: 30.733333333333334 / 138
友情点: 0 / 369050`
_2024-06-27 04:38:26_
--------
*8fd7195f213261f6e7f481ea46e4b996*
`登陆天数: 35天 / 672天
等级: 130
石头: 4065
呼符: 337
体力: 30.700000000000003 / 138
友情点: 0 / 365950`
_2024-06-27 04:38:34_
--------
*3cf5d6a88bcef64c32d47e9e92f19fa9*
`登陆天数: 35天 / 672天
等级: 130
石头: 4076
呼符: 269
体力: 30.67 / 138
友情点: 0 / 366565`
_2024-06-27 04:38:42_
--------
*7d518c426b6ba735bdb98db5c8828a68*
`登陆天数: 35天 / 672天
等级: 130
石头: 4082
呼符: 130
体力: 30.63666666666667 / 138
友情点: 0 / 387525`
_2024-06-27 04:38:49_
--------
*2ca9155841a12c3c34a7f42bdffbf414*
`登陆天数: 35天 / 672天
等级: 130
石头: 4077
呼符: 237
体力: 30.60666666666667 / 138
友情点: 0 / 365970`
_2024-06-27 04:38:57_
--------
*0d07906de391ba1fa9051f3e7d95e124*
`登陆天数: 35天 / 672天
等级: 130
石头: 4075
呼符: 38
体力: 30.576666666666668 / 138
友情点: 0 / 396950`
_2024-06-27 04:39:05_
--------
*5edc27d34ce65f0d20a794b4f17c648a*
`登陆天数: 35天 / 672天
等级: 130
石头: 4094
呼符: 333
体力: 30.549999999999997 / 138
友情点: 0 / 366000`
_2024-06-27 04:39:13_
--------
*e8c85976369beb7214ac59b4c68c5700*
`登陆天数: 35天 / 672天
等级: 130
石头: 4050
呼符: 325
体力: 30.516666666666666 / 138
友情点: 0 / 365955`
_2024-06-27 04:39:21_
--------
*f1f179550799ce4094732eedd4fa3e75*
`登陆天数: 35天 / 673天
等级: 130
石头: 4095
呼符: 325
体力: 30.486666666666665 / 138
友情点: 0 / 366505`
_2024-06-27 04:39:29_
--------
*ccae2bde67c1d7de10a2a5d20bc8e63c*
`登陆天数: 35天 / 672天
等级: 130
石头: 4077
呼符: 177
体力: 30.456666666666663 / 138
友情点: 0 / 376260`
_2024-06-27 04:39:37_
--------
*2c05c7a6b84191415f5d7ecf78149600*
`登陆天数: 35天 / 673天
等级: 130
石头: 4099
呼符: 329
体力: 30.430000000000007 / 138
友情点: 0 / 366640`
_2024-06-27 04:39:44_
--------
*33d98a7bd2b1750c2393a2af4f1027f9*
`登陆天数: 35天 / 672天
等级: 130
石头: 4069
呼符: 333
体力: 30.39666666666666 / 138
友情点: 0 / 367785`
_2024-06-27 04:39:52_
--------
*6a0ad1a517099a6d355a4f012147d88d*
`登陆天数: 35天 / 672天
等级: 130
石头: 4103
呼符: 281
体力: 30.370000000000005 / 138
友情点: 0 / 365925`
_2024-06-27 04:40:00_
--------
*59d366611066645acbd6fb3adc638e66*
`登陆天数: 35天 / 672天
等级: 130
石头: 4080
呼符: 328
体力: 30.340000000000003 / 138
友情点: 0 / 366110`
_2024-06-27 04:40:07_
--------
*aaec1b15ae39ed4de2e713fe9dcbe03b*
`登陆天数: 35天 / 672天
等级: 130
石头: 4067
呼符: 246
体力: 30.310000000000002 / 138
友情点: 0 / 366530`
_2024-06-27 04:40:15_
--------
*9090e76d9455cd21515bd566d313f746*
`登陆天数: 31天 / 671天
等级: 130
石头: 4072
呼符: 37
体力: 30.28 / 138
友情点: 0 / 391960`
_2024-06-27 04:40:23_
--------
*04491f770e91bb230a350b051ac4c2e3*
`登陆天数: 31天 / 672天
等级: 130
石头: 4078
呼符: 251
体力: 30.25 / 138
友情点: 0 / 368020`
_2024-06-27 04:40:30_
--------
*6cd3e26d84dfb2fcf79ab1d198525431*
`登陆天数: 31天 / 671天
等级: 130
石头: 4073
呼符: 220
体力: 30.22 / 138
友情点: 0 / 372400`
_2024-06-27 04:40:38_
--------
*cc923ea5b45843ab4183ed2e5ea22ab3*
`登陆天数: 31天 / 672天
等级: 130
石头: 4068
呼符: 263
体力: 30.186666666666667 / 138
友情点: 0 / 369260`
_2024-06-27 04:40:46_
--------
*a1e587c74df1130695ccb1369acbce0f*
`登陆天数: 31天 / 672天
等级: 130
石头: 4091
呼符: 277
体力: 30.150000000000006 / 138
友情点: 0 / 368565`
_2024-06-27 04:40:54_
--------
*4b20916c18b4d1c388b6adeb7255bdd2*
`登陆天数: 31天 / 671天
等级: 130
石头: 4073
呼符: 293
体力: 30.123333333333335 / 138
友情点: 0 / 369835`
_2024-06-27 04:41:02_
--------
*a753eeed9c10b7acec26ab2b907174be*
`登陆天数: 31天 / 671天
等级: 130
石头: 4069
呼符: 186
体力: 30.093333333333334 / 138
友情点: 0 / 369070`
_2024-06-27 04:41:09_
--------
*b795660d1ebd788a2555c779f3de9ca7*
`登陆天数: 31天 / 671天
等级: 130
石头: 4052
呼符: 301
体力: 30.060000000000002 / 138
友情点: 0 / 370255`
_2024-06-27 04:41:17_
--------
*6378d40c662db17bf338299abda5ee87*
`登陆天数: 31天 / 671天
等级: 130
石头: 4067
呼符: 179
体力: 30.02666666666667 / 138
友情点: 0 / 372770`
_2024-06-27 04:41:25_
--------
*4a4bb41f0561c9b994810608b978990c*
`登陆天数: 31天 / 671天
等级: 130
石头: 4077
呼符: 336
体力: 29.99666666666667 / 138
友情点: 0 / 369705`
_2024-06-27 04:41:33_
--------
*cb0a51a99bc16181cd79fde46c12475b*
`登陆天数: 31天 / 672天
等级: 130
石头: 4077
呼符: 130
体力: 29.96666666666667 / 138
友情点: 0 / 384840`
_2024-06-27 04:41:40_
--------
*fcc1aba7570050368047d922f7aa8dfa*
`登陆天数: 31天 / 671天
等级: 130
石头: 4073
呼符: 260
体力: 29.939999999999998 / 138
友情点: 0 / 367675`
_2024-06-27 04:41:48_
--------
*8a442f49b33b7d244bee496d179204a9*
`登陆天数: 31天 / 672天
等级: 130
石头: 4092
呼符: 38
体力: 29.903333333333336 / 138
友情点: 0 / 397420`
_2024-06-27 04:41:56_
--------
*8c2ee9f5b328a0b524642905a8521286*
`登陆天数: 31天 / 671天
等级: 130
石头: 4090
呼符: 274
体力: 29.876666666666665 / 138
友情点: 0 / 368695`
_2024-06-27 04:42:04_
--------
*3001f740c575e39f54fe9c328c51b8e5*
`登陆天数: 31天 / 672天
等级: 130
石头: 4074
呼符: 38
体力: 29.846666666666664 / 138
友情点: 0 / 394795`
_2024-06-27 04:42:11_
--------
*8405cd7e3c92628f74a36236544f3473*
`登陆天数: 31天 / 671天
等级: 130
石头: 4077
呼符: 229
体力: 29.819999999999993 / 138
友情点: 0 / 368410`
_2024-06-27 04:42:19_
--------
*8d02598403e5aade2ddb3635d0eabe41*
`登陆天数: 31天 / 672天
等级: 130
石头: 4074
呼符: 216
体力: 29.790000000000006 / 138
友情点: 0 / 371820`
_2024-06-27 04:42:27_
--------
*d177bedc0516a467e47bc5bd285af10b*
`登陆天数: 31天 / 671天
等级: 130
石头: 4074
呼符: 322
体力: 29.763333333333335 / 138
友情点: 0 / 368385`
_2024-06-27 04:42:35_
--------
*525066aaecd9a946f7f49463acc532c0*
`登陆天数: 31天 / 671天
等级: 130
石头: 4027
呼符: 24
体力: 21942.806666666667 / 138
友情点: 0 / 467720`
_2024-06-27 04:42:43_
--------
