【登录信息】
*32f66d60569f4040d930610ec2d43273*
`登陆天数: 37天 / 674天
等级: 130
石头: 4111
呼符: 325
体力: 27.42 / 138
友情点: 0 / 356980`
_2024-06-29 04:18:37_
--------
*a6f1a8527c8646571e8aee9c1d53437d*
`登陆天数: 37天 / 674天
等级: 130
石头: 4095
呼符: 270
体力: 27.38333333333334 / 138
友情点: 0 / 362820`
_2024-06-29 04:18:46_
--------
*ecea268f15b09815179d0034f274b43f*
`登陆天数: 37天 / 674天
等级: 130
石头: 4080
呼符: 263
体力: 27.35333333333334 / 138
友情点: 0 / 355985`
_2024-06-29 04:18:54_
--------
*99374f167e1f7f52b42f26b623951329*
`登陆天数: 37天 / 675天
等级: 130
石头: 4099
呼符: 329
体力: 27.323333333333338 / 138
友情点: 0 / 359175`
_2024-06-29 04:19:02_
--------
*0ca36aac6a07bc34dfa37619d9a5e6dc*
`登陆天数: 37天 / 675天
等级: 130
石头: 4099
呼符: 338
体力: 27.290000000000006 / 138
友情点: 0 / 358805`
_2024-06-29 04:19:10_
--------
*5da5c1a3ce9813eda885d683fefad08e*
`登陆天数: 37天 / 675天
等级: 130
石头: 4091
呼符: 318
体力: 27.263333333333335 / 138
友情点: 0 / 360305`
_2024-06-29 04:19:18_
--------
*c2641f49fb84c75233189cedda53db7a*
`登陆天数: 37天 / 675天
等级: 130
石头: 4122
呼符: 181
体力: 27.230000000000004 / 138
友情点: 0 / 373890`
_2024-06-29 04:19:26_
--------
*fcdb98fe5ad234602d6e9ee75494453e*
`登陆天数: 37天 / 674天
等级: 130
石头: 4100
呼符: 328
体力: 27.203333333333333 / 138
友情点: 0 / 356470`
_2024-06-29 04:19:34_
--------
*ab4cb6fdd635cccd7057272446d400d7*
`登陆天数: 37天 / 674天
等级: 130
石头: 4111
呼符: 160
体力: 27.17 / 138
友情点: 0 / 379150`
_2024-06-29 04:19:43_
--------
*ac97258c3f2a29801a940a18b37e06c3*
`登陆天数: 37天 / 674天
等级: 130
石头: 4096
呼符: 148
体力: 27.14666666666666 / 138
友情点: 0 / 385905`
_2024-06-29 04:19:51_
--------
*8eaa0028f1afe11098b06602480f4d25*
`登陆天数: 37天 / 675天
等级: 130
石头: 4107
呼符: 274
体力: 27.120000000000005 / 138
友情点: 0 / 356715`
_2024-06-29 04:19:59_
--------
*e0b160c3f257d7139d5362091ce127bf*
`登陆天数: 37天 / 675天
等级: 130
石头: 4097
呼符: 39
体力: 27.090000000000003 / 138
友情点: 0 / 372335`
_2024-06-29 04:20:07_
--------
*114757692565564d6902bae439efdcad*
`登陆天数: 37天 / 674天
等级: 130
石头: 4095
呼符: 199
体力: 27.063333333333333 / 138
友情点: 0 / 366645`
_2024-06-29 04:20:15_
--------
*7eaf856dadd4810511c5ac5259e1a992*
`登陆天数: 37天 / 675天
等级: 130
石头: 4118
呼符: 287
体力: 27.03666666666666 / 138
友情点: 0 / 357280`
_2024-06-29 04:20:24_
--------
*6492ddaff56fafe03fcb40ee34ca9c10*
`登陆天数: 37天 / 674天
等级: 130
石头: 4120
呼符: 332
体力: 27.010000000000005 / 138
友情点: 0 / 356860`
_2024-06-29 04:20:32_
--------
*5ff9e9fe7595099e68b8f8083394b486*
`登陆天数: 37天 / 675天
等级: 130
石头: 4100
呼符: 311
体力: 26.983333333333334 / 138
友情点: 0 / 355735`
_2024-06-29 04:20:40_
--------
*2b616c830037692771389c1728c423b9*
`登陆天数: 37天 / 675天
等级: 130
石头: 4085
呼符: 214
体力: 26.953333333333333 / 138
友情点: 0 / 371050`
_2024-06-29 04:20:49_
--------
*8fd7195f213261f6e7f481ea46e4b996*
`登陆天数: 37天 / 674天
等级: 130
石头: 4085
呼符: 337
体力: 26.926666666666662 / 138
友情点: 0 / 355950`
_2024-06-29 04:20:57_
--------
*3cf5d6a88bcef64c32d47e9e92f19fa9*
`登陆天数: 37天 / 674天
等级: 130
石头: 4096
呼符: 269
体力: 26.89666666666666 / 138
友情点: 0 / 356565`
_2024-06-29 04:21:05_
--------
*7d518c426b6ba735bdb98db5c8828a68*
`登陆天数: 37天 / 674天
等级: 130
石头: 4102
呼符: 130
体力: 26.870000000000005 / 138
友情点: 0 / 389525`
_2024-06-29 04:21:13_
--------
*2ca9155841a12c3c34a7f42bdffbf414*
`登陆天数: 37天 / 674天
等级: 130
石头: 4097
呼符: 237
体力: 26.840000000000003 / 138
友情点: 0 / 367970`
_2024-06-29 04:21:21_
--------
*0d07906de391ba1fa9051f3e7d95e124*
`登陆天数: 37天 / 674天
等级: 130
石头: 4095
呼符: 38
体力: 26.810000000000002 / 138
友情点: 0 / 398950`
_2024-06-29 04:21:29_
--------
*5edc27d34ce65f0d20a794b4f17c648a*
`登陆天数: 37天 / 674天
等级: 130
石头: 4114
呼符: 333
体力: 26.78 / 138
友情点: 0 / 356000`
_2024-06-29 04:21:38_
--------
*e8c85976369beb7214ac59b4c68c5700*
`登陆天数: 37天 / 674天
等级: 130
石头: 4070
呼符: 325
体力: 26.75333333333333 / 138
友情点: 0 / 355955`
_2024-06-29 04:21:47_
--------
*f1f179550799ce4094732eedd4fa3e75*
`登陆天数: 37天 / 675天
等级: 130
石头: 4115
呼符: 325
体力: 26.72333333333333 / 138
友情点: 0 / 358505`
_2024-06-29 04:21:55_
--------
*ccae2bde67c1d7de10a2a5d20bc8e63c*
`登陆天数: 37天 / 674天
等级: 130
石头: 4097
呼符: 177
体力: 26.689999999999998 / 138
友情点: 0 / 378260`
_2024-06-29 04:22:03_
--------
*2c05c7a6b84191415f5d7ecf78149600*
`登陆天数: 37天 / 675天
等级: 130
石头: 4119
呼符: 329
体力: 26.663333333333327 / 138
友情点: 0 / 356640`
_2024-06-29 04:22:12_
--------
*33d98a7bd2b1750c2393a2af4f1027f9*
`登陆天数: 37天 / 674天
等级: 130
石头: 4089
呼符: 333
体力: 26.63666666666667 / 138
友情点: 0 / 357785`
_2024-06-29 04:22:20_
--------
*6a0ad1a517099a6d355a4f012147d88d*
`登陆天数: 37天 / 674天
等级: 130
石头: 4123
呼符: 281
体力: 26.60666666666667 / 138
友情点: 0 / 355925`
_2024-06-29 04:22:28_
--------
*59d366611066645acbd6fb3adc638e66*
`登陆天数: 37天 / 674天
等级: 130
石头: 4100
呼符: 328
体力: 26.576666666666668 / 138
友情点: 0 / 356110`
_2024-06-29 04:22:36_
--------
*aaec1b15ae39ed4de2e713fe9dcbe03b*
`登陆天数: 37天 / 674天
等级: 130
石头: 4087
呼符: 246
体力: 26.546666666666667 / 138
友情点: 0 / 360530`
_2024-06-29 04:22:44_
--------
*9090e76d9455cd21515bd566d313f746*
`登陆天数: 33天 / 673天
等级: 130
石头: 4092
呼符: 37
体力: 26.519999999999996 / 138
友情点: 0 / 391960`
_2024-06-29 04:22:53_
--------
*04491f770e91bb230a350b051ac4c2e3*
`登陆天数: 33天 / 674天
等级: 130
石头: 4098
呼符: 251
体力: 26.49333333333334 / 138
友情点: 0 / 356020`
_2024-06-29 04:23:01_
--------
*6cd3e26d84dfb2fcf79ab1d198525431*
`登陆天数: 33天 / 673天
等级: 130
石头: 4093
呼符: 220
体力: 26.46333333333334 / 138
友情点: 0 / 372400`
_2024-06-29 04:23:09_
--------
*cc923ea5b45843ab4183ed2e5ea22ab3*
`登陆天数: 33天 / 674天
等级: 130
石头: 4088
呼符: 263
体力: 26.439999999999998 / 138
友情点: 0 / 359260`
_2024-06-29 04:23:18_
--------
*a1e587c74df1130695ccb1369acbce0f*
`登陆天数: 33天 / 674天
等级: 130
石头: 4111
呼符: 277
体力: 26.42 / 138
友情点: 0 / 358565`
_2024-06-29 04:23:25_
--------
*4b20916c18b4d1c388b6adeb7255bdd2*
`登陆天数: 33天 / 673天
等级: 130
石头: 4093
呼符: 293
体力: 26.400000000000006 / 138
友情点: 0 / 359835`
_2024-06-29 04:23:34_
--------
*a753eeed9c10b7acec26ab2b907174be*
`登陆天数: 33天 / 673天
等级: 130
石头: 4089
呼符: 186
体力: 26.379999999999995 / 138
友情点: 0 / 367070`
_2024-06-29 04:23:42_
--------
*b795660d1ebd788a2555c779f3de9ca7*
`登陆天数: 33天 / 673天
等级: 130
石头: 4072
呼符: 301
体力: 26.35333333333334 / 138
友情点: 0 / 358255`
_2024-06-29 04:23:51_
--------
*6378d40c662db17bf338299abda5ee87*
`登陆天数: 33天 / 673天
等级: 130
石头: 4087
呼符: 179
体力: 26.326666666666668 / 138
友情点: 0 / 372770`
_2024-06-29 04:23:59_
--------
*4a4bb41f0561c9b994810608b978990c*
`登陆天数: 33天 / 673天
等级: 130
石头: 4097
呼符: 336
体力: 26.296666666666667 / 138
友情点: 0 / 357705`
_2024-06-29 04:24:07_
--------
*cb0a51a99bc16181cd79fde46c12475b*
`登陆天数: 33天 / 674天
等级: 130
石头: 4097
呼符: 130
体力: 26.266666666666666 / 138
友情点: 0 / 384840`
_2024-06-29 04:24:16_
--------
*fcc1aba7570050368047d922f7aa8dfa*
`登陆天数: 33天 / 673天
等级: 130
石头: 4093
呼符: 260
体力: 26.25333333333333 / 138
友情点: 0 / 363675`
_2024-06-29 04:24:27_
--------
*8a442f49b33b7d244bee496d179204a9*
`登陆天数: 33天 / 674天
等级: 130
石头: 4112
呼符: 38
体力: 26.22333333333333 / 138
友情点: 0 / 397420`
_2024-06-29 04:24:35_
--------
*8c2ee9f5b328a0b524642905a8521286*
`登陆天数: 33天 / 673天
等级: 130
石头: 4110
呼符: 274
体力: 26.196666666666673 / 138
友情点: 0 / 364695`
_2024-06-29 04:24:43_
--------
*3001f740c575e39f54fe9c328c51b8e5*
`登陆天数: 33天 / 674天
等级: 130
石头: 4094
呼符: 38
体力: 26.16666666666667 / 138
友情点: 0 / 394795`
_2024-06-29 04:24:51_
--------
*8405cd7e3c92628f74a36236544f3473*
`登陆天数: 33天 / 673天
等级: 130
石头: 4097
呼符: 229
体力: 26.14333333333333 / 138
友情点: 0 / 364410`
_2024-06-29 04:25:00_
--------
*8d02598403e5aade2ddb3635d0eabe41*
`登陆天数: 33天 / 674天
等级: 130
石头: 4094
呼符: 216
体力: 26.11666666666666 / 138
友情点: 0 / 371820`
_2024-06-29 04:25:08_
--------
*d177bedc0516a467e47bc5bd285af10b*
`登陆天数: 33天 / 673天
等级: 130
石头: 4094
呼符: 322
体力: 26.086666666666673 / 138
友情点: 0 / 356385`
_2024-06-29 04:25:16_
--------
*525066aaecd9a946f7f49463acc532c0*
`登陆天数: 33天 / 673天
等级: 130
石头: 4027
呼符: 24
体力: 22515.346666666668 / 138
友情点: 0 / 467720`
_2024-06-29 04:25:24_
--------
